<?xml version="1.0" encoding="UTF-8"?>
<!-- Generated by org.testng.reporters.JUnitReportReporter -->
<testsuite hostname="DESKTOP-AQHENNJ" failures="0" tests="1" name="com.nspl.agingoptions.login_registrationpage.testcases.RegistrationPageTestCases" time="4.065" errors="0" timestamp="2024-01-24T11:50:06 IST" skipped="0">
  <testcase classname="com.nspl.agingoptions.login_registrationpage.testcases.RegistrationPageTestCases" name="verify_TC017_CreateNewAccount" time="4.065"/>
  <system-out/>
</testsuite> <!-- com.nspl.agingoptions.login_registrationpage.testcases.RegistrationPageTestCases -->
