<?xml version="1.0" encoding="UTF-8"?>
<!-- Generated by org.testng.reporters.JUnitReportReporter -->
<testsuite hostname="DESKTOP-LA6T5Q8" failures="0" tests="3" name="com.nspl.agingoptions.financepage.testcases.RealEstateTestCases" time="174.525" errors="0" timestamp="2025-04-17T17:39:21 IST" skipped="0">
  <testcase classname="com.nspl.agingoptions.financepage.testcases.RealEstateTestCases" name="FTC_007_AddRealEstateSaveContinueLaterButton" time="47.523"/>
  <testcase classname="com.nspl.agingoptions.financepage.testcases.RealEstateTestCases" name="FTC_008_AddRealEstateSaveAddAnotherButton" time="31.255"/>
  <testcase classname="com.nspl.agingoptions.financepage.testcases.RealEstateTestCases" name="FTC_009_AddRealEstateSaveAndProceedToBussinessInterestButton" time="95.747"/>
</testsuite> <!-- com.nspl.agingoptions.financepage.testcases.RealEstateTestCases -->
