<?xml version="1.0" encoding="UTF-8"?>
<!-- Generated by org.testng.reporters.JUnitReportReporter -->
<testsuite hostname="DESKTOP-LA6T5Q8" failures="0" tests="1" name="com.nspl.agingoptions.healthpage.testcases.MarriedUserPersonalMedicalHistoryTestCases" time="23.029" errors="0" timestamp="2025-04-18T15:13:34 IST" skipped="0">
  <testcase classname="com.nspl.agingoptions.healthpage.testcases.MarriedUserPersonalMedicalHistoryTestCases" name="TC_001_Health_Personal_MedicalHistoryPage" time="23.029"/>
</testsuite> <!-- com.nspl.agingoptions.healthpage.testcases.MarriedUserPersonalMedicalHistoryTestCases -->
