<?xml version="1.0" encoding="UTF-8"?>
<!-- Generated by org.testng.reporters.JUnitReportReporter -->
<testsuite hostname="DESKTOP-LA6T5Q8" failures="0" tests="3" name="com.nspl.agingoptions.healthpage.testcases.MarriedUserFamilyMedicalHistoryTestCases" time="0.003" errors="0" timestamp="2025-03-31T23:10:43 IST" skipped="3">
  <testcase classname="com.nspl.agingoptions.healthpage.testcases.MarriedUserFamilyMedicalHistoryTestCases" name="familyMedicalHistoryLivingParentInfoDetails_TC_010" time="0.000">
    <skipped/>
  </testcase> <!-- familyMedicalHistoryLivingParentInfoDetails_TC_010 -->
  <testcase classname="com.nspl.agingoptions.healthpage.testcases.MarriedUserFamilyMedicalHistoryTestCases" name="familyMedicalHistoryNonLivingParentInfoDetails_TC_011" time="0.000">
    <skipped/>
  </testcase> <!-- familyMedicalHistoryNonLivingParentInfoDetails_TC_011 -->
  <testcase classname="com.nspl.agingoptions.healthpage.testcases.MarriedUserFamilyMedicalHistoryTestCases" name="familyMedicalHistoryNonLivingParentInfoDetails_TC_012" time="0.003">
    <skipped/>
  </testcase> <!-- familyMedicalHistoryNonLivingParentInfoDetails_TC_012 -->
</testsuite> <!-- com.nspl.agingoptions.healthpage.testcases.MarriedUserFamilyMedicalHistoryTestCases -->
