<?xml version="1.0" encoding="UTF-8"?>
<!-- Generated by org.testng.reporters.JUnitReportReporter -->
<testsuite hostname="DESKTOP-LA6T5Q8" failures="0" tests="6" name="com.nspl.agingoptions.healthpage.testcases.MarriedUserPersonalMedicalHistoryTestCases" time="114.499" errors="0" timestamp="2025-04-03T17:43:53 IST" skipped="0">
  <testcase classname="com.nspl.agingoptions.healthpage.testcases.MarriedUserPersonalMedicalHistoryTestCases" name="TC_001_Health_Personal_MedicalHistoryPage" time="21.514"/>
  <testcase classname="com.nspl.agingoptions.healthpage.testcases.MarriedUserPersonalMedicalHistoryTestCases" name="TC_002_Health_Personal_Medical_History_MedicalConditionsElementVisibility" time="17.466"/>
  <testcase classname="com.nspl.agingoptions.healthpage.testcases.MarriedUserPersonalMedicalHistoryTestCases" name="TC_003_Health_Personal_Medical_History_EnvironmentalLifeStyleFactorsElementVisibility" time="8.712"/>
  <testcase classname="com.nspl.agingoptions.healthpage.testcases.MarriedUserPersonalMedicalHistoryTestCases" name="TC_004_Health_personal_Medical_History_BloodTypeSelection" time="20.329"/>
  <testcase classname="com.nspl.agingoptions.healthpage.testcases.MarriedUserPersonalMedicalHistoryTestCases" name="TC_005_Health_personal_Medical_History_MedicalConditionElement" time="24.506"/>
  <testcase classname="com.nspl.agingoptions.healthpage.testcases.MarriedUserPersonalMedicalHistoryTestCases" name="TC_006_Health_Personal_Medical_History_EnvironmentalLifestyleFactorsDetails" time="21.972"/>
</testsuite> <!-- com.nspl.agingoptions.healthpage.testcases.MarriedUserPersonalMedicalHistoryTestCases -->
