<?xml version="1.0" encoding="UTF-8"?>
<!-- Generated by org.testng.reporters.JUnitReportReporter -->
<testsuite hostname="Dell" failures="0" tests="2" name="com.nspl.LegalInfoTestScript.FiduciaryBeneficiaryTestScript" time="37.086" errors="0" timestamp="2025-05-12T14:32:08 IST" skipped="1">
  <testcase classname="com.nspl.LegalInfoTestScript.FiduciaryBeneficiaryTestScript" name="VerifyClientTableFiduciaryBeneficiaryCheckboxFunctionality" time="37.086"/>
  <testcase classname="com.nspl.LegalInfoTestScript.FiduciaryBeneficiaryTestScript" name="VerifyFiduciaryBeneficiaryPage">
    <skipped/>
  </testcase> <!-- VerifyFiduciaryBeneficiaryPage -->
</testsuite> <!-- com.nspl.LegalInfoTestScript.FiduciaryBeneficiaryTestScript -->
