<?xml version="1.0" encoding="UTF-8"?>
<!-- Generated by org.testng.reporters.JUnitReportReporter -->
<testsuite hostname="DESKTOP-LA6T5Q8" failures="0" tests="3" name="com.nspl.agingoptions.financepage.testcases.Non_RetirementTestCases" time="278.405" errors="0" timestamp="2025-05-19T11:18:48 IST" skipped="0">
  <testcase classname="com.nspl.agingoptions.financepage.testcases.Non_RetirementTestCases" name="FTC01_Non_RetirementSaveContinueLaterButton" time="58.101"/>
  <testcase classname="com.nspl.agingoptions.financepage.testcases.Non_RetirementTestCases" name="FTC02_Non_RetirementSaveAddAnotherButton" time="108.039"/>
  <testcase classname="com.nspl.agingoptions.financepage.testcases.Non_RetirementTestCases" name="FTC03_Non_RetirementSaveAddProceedToRetirementButton" time="112.265"/>
</testsuite> <!-- com.nspl.agingoptions.financepage.testcases.Non_RetirementTestCases -->
