<?xml version="1.0" encoding="UTF-8"?>
<!-- Generated by org.testng.reporters.JUnitReportReporter -->
<testsuite hostname="DESKTOP-LA6T5Q8" failures="0" tests="11" name="com.nspl.HousingInfoPageTestcase.HousingInfoTestScript" time="0.000" errors="0" timestamp="2025-03-31T23:10:43 IST" skipped="11">
  <testcase classname="com.nspl.HousingInfoPageTestcase.HousingInfoTestScript" name="verifyHousingInformation" time="0.000">
    <skipped/>
  </testcase> <!-- verifyHousingInformation -->
  <testcase classname="com.nspl.HousingInfoPageTestcase.HousingInfoTestScript" name="verifySelectYesorNotSureCheckBox_IsYourHouseLivingIn____" time="0.000">
    <skipped/>
  </testcase> <!-- verifySelectYesorNotSureCheckBox_IsYourHouseLivingIn____ -->
  <testcase classname="com.nspl.HousingInfoPageTestcase.HousingInfoTestScript" name="VerifySelectNoCheckBox_IsYourHousingLivingIn___" time="0.000">
    <skipped/>
  </testcase> <!-- VerifySelectNoCheckBox_IsYourHousingLivingIn___ -->
  <testcase classname="com.nspl.HousingInfoPageTestcase.HousingInfoTestScript" name="VerifySaveAndContinueTheDetailsWithIstheHouseYouAreliving_Yes_And_Select1_OnTheScaleOnToFive" time="0.000">
    <skipped/>
  </testcase> <!-- VerifySaveAndContinueTheDetailsWithIstheHouseYouAreliving_Yes_And_Select1_OnTheScaleOnToFive -->
  <testcase classname="com.nspl.HousingInfoPageTestcase.HousingInfoTestScript" name="VerifySaveAndNextToprofessional_TheDetailsWithIstheHouseYouAreliving_Yes_And_Select1_OnTheScaleOnToFive" time="0.000">
    <skipped/>
  </testcase> <!-- VerifySaveAndNextToprofessional_TheDetailsWithIstheHouseYouAreliving_Yes_And_Select1_OnTheScaleOnToFive -->
  <testcase classname="com.nspl.HousingInfoPageTestcase.HousingInfoTestScript" name="VerifyUpdateAndContinue_IsTheHousingYouAreLivingWithNoRadioButtonChecked" time="0.000">
    <skipped/>
  </testcase> <!-- VerifyUpdateAndContinue_IsTheHousingYouAreLivingWithNoRadioButtonChecked -->
  <testcase classname="com.nspl.HousingInfoPageTestcase.HousingInfoTestScript" name="VerifySaveAndNextToProfessional_IsTheHousingYouAreLivingWithNoRadioButtonChecked" time="0.000">
    <skipped/>
  </testcase> <!-- VerifySaveAndNextToProfessional_IsTheHousingYouAreLivingWithNoRadioButtonChecked -->
  <testcase classname="com.nspl.HousingInfoPageTestcase.HousingInfoTestScript" name="VerifyHowManyStoriesDoesItHaveDropdownContent" time="0.000">
    <skipped/>
  </testcase> <!-- VerifyHowManyStoriesDoesItHaveDropdownContent -->
  <testcase classname="com.nspl.HousingInfoPageTestcase.HousingInfoTestScript" name="VerifyWhenWeSelectTwoThreeMoreOption_HowManyStoryDoesItHave" time="0.000">
    <skipped/>
  </testcase> <!-- VerifyWhenWeSelectTwoThreeMoreOption_HowManyStoryDoesItHave -->
  <testcase classname="com.nspl.HousingInfoPageTestcase.HousingInfoTestScript" name="VerifyOnTheScaleOfOneTwoFive_Select1">
    <skipped/>
  </testcase> <!-- VerifyOnTheScaleOfOneTwoFive_Select1 -->
  <testcase classname="com.nspl.HousingInfoPageTestcase.HousingInfoTestScript" name="VerifyOnTheScaleOfOneTwoFiveOwnHomeDropDownSelection">
    <skipped/>
  </testcase> <!-- VerifyOnTheScaleOfOneTwoFiveOwnHomeDropDownSelection -->
</testsuite> <!-- com.nspl.HousingInfoPageTestcase.HousingInfoTestScript -->
