<?xml version="1.0" encoding="UTF-8"?>
<!-- Generated by org.testng.reporters.JUnitReportReporter -->
<testsuite hostname="DESKTOP-LA6T5Q8" failures="0" tests="4" name="com.nspl.agingoptions.healthpage.testcases.PrimaryCarePhysicianTestCases" time="160.753" errors="0" timestamp="2025-04-14T12:09:33 IST" skipped="0">
  <testcase classname="com.nspl.agingoptions.healthpage.testcases.PrimaryCarePhysicianTestCases" name="TC_015_PrimaryMemberIDontHavePrimaryCarePhyscian" time="26.130"/>
  <testcase classname="com.nspl.agingoptions.healthpage.testcases.PrimaryCarePhysicianTestCases" name="TC_016_SpouseIDontHavePrimaryCarePhyscian" time="26.218"/>
  <testcase classname="com.nspl.agingoptions.healthpage.testcases.PrimaryCarePhysicianTestCases" name="TC_017_inputPrimaryMemberCarePhysicianAndSave" time="51.506"/>
  <testcase classname="com.nspl.agingoptions.healthpage.testcases.PrimaryCarePhysicianTestCases" name="TC_018_inputSpouseCarePhysicianAndSave" time="56.899"/>
</testsuite> <!-- com.nspl.agingoptions.healthpage.testcases.PrimaryCarePhysicianTestCases -->
