<?xml version="1.0" encoding="UTF-8"?>
<!-- Generated by org.testng.reporters.JUnitReportReporter -->
<testsuite hostname="DESKTOP-LA6T5Q8" failures="0" tests="3" name="com.nspl.agingoptions.financepage.testcases.RetirementTestCases" time="209.324" errors="0" timestamp="2025-05-25T18:17:42 IST" skipped="0">
  <testcase classname="com.nspl.agingoptions.financepage.testcases.RetirementTestCases" name="FTC04_RetirementSaveContinueLaterButton" time="65.001"/>
  <testcase classname="com.nspl.agingoptions.financepage.testcases.RetirementTestCases" name="FTC05_RetirementSaveAddAnotherButton" time="87.694"/>
  <testcase classname="com.nspl.agingoptions.financepage.testcases.RetirementTestCases" name="FTC06_RetirementNextRealEstateButton" time="56.629"/>
</testsuite> <!-- com.nspl.agingoptions.financepage.testcases.RetirementTestCases -->
