<?xml version="1.0" encoding="UTF-8"?>
<!-- Generated by org.testng.reporters.JUnitReportReporter -->
<testsuite hostname="Dell" failures="0" tests="1" name="com.nspl.HousingInfoPageTestcase.HousingOptionsTestScript" time="26.969" errors="0" timestamp="2025-04-09T14:21:28 IST" skipped="0">
  <testcase classname="com.nspl.HousingInfoPageTestcase.HousingOptionsTestScript" name="VerifySaveAandNextProfessional_SelectIsYourHouseLivingInYesCheckAndSelectTwoOntheScaleOfOneTwoFive" time="26.969"/>
</testsuite> <!-- com.nspl.HousingInfoPageTestcase.HousingOptionsTestScript -->
