<?xml version="1.0" encoding="UTF-8"?>
<!-- Generated by org.testng.reporters.JUnitReportReporter -->
<testsuite hostname="DESKTOP-LA6T5Q8" failures="0" tests="12" name="com.nspl.agingoptions.healthpage.testcases.SpecialistTestCases" time="1000.332" errors="0" timestamp="2025-05-25T17:00:05 IST" skipped="4">
  <testcase classname="com.nspl.agingoptions.healthpage.testcases.SpecialistTestCases" name="TC_019_PrimaryMemberSpecialistIDontHave" time="27.373"/>
  <testcase classname="com.nspl.agingoptions.healthpage.testcases.SpecialistTestCases" name="TC_020_SpouseSpecialistIDontHave" time="31.123"/>
  <testcase classname="com.nspl.agingoptions.healthpage.testcases.SpecialistTestCases" name="TC_021_PrimaryMemberSpecialistSaveDetailsSaveContinueLaterButton" time="176.993"/>
  <testcase classname="com.nspl.agingoptions.healthpage.testcases.SpecialistTestCases" name="TC_021_PrimaryMemberSpecialistSaveDetailsSaveContinueLaterButton" time="176.598">
    <skipped/>
  </testcase> <!-- TC_021_PrimaryMemberSpecialistSaveDetailsSaveContinueLaterButton -->
  <testcase classname="com.nspl.agingoptions.healthpage.testcases.SpecialistTestCases" name="TC_022_SpouseSpecialistSaveDetailsSaveAndContinueButton" time="54.839"/>
  <testcase classname="com.nspl.agingoptions.healthpage.testcases.SpecialistTestCases" name="TC_022_SpouseSpecialistSaveDetailsSaveAndContinueButton" time="56.097">
    <skipped/>
  </testcase> <!-- TC_022_SpouseSpecialistSaveDetailsSaveAndContinueButton -->
  <testcase classname="com.nspl.agingoptions.healthpage.testcases.SpecialistTestCases" name="TC_023_PrimarySpecialistSaveDetailsSaveAndAddAnotherButtonAndSameAsSpouse" time="71.788">
    <skipped/>
  </testcase> <!-- TC_023_PrimarySpecialistSaveDetailsSaveAndAddAnotherButtonAndSameAsSpouse -->
  <testcase classname="com.nspl.agingoptions.healthpage.testcases.SpecialistTestCases" name="TC_023_PrimarySpecialistSaveDetailsSaveAndAddAnotherButtonAndSameAsSpouse" time="73.250"/>
  <testcase classname="com.nspl.agingoptions.healthpage.testcases.SpecialistTestCases" name="TC_024_PrimaryMemberSpecialistSaveDetailsSaveAndProceedToSpouseButton" time="48.400"/>
  <testcase classname="com.nspl.agingoptions.healthpage.testcases.SpecialistTestCases" name="TC_024_PrimaryMemberSpecialistSaveDetailsSaveAndProceedToSpouseButton" time="159.159">
    <skipped/>
  </testcase> <!-- TC_024_PrimaryMemberSpecialistSaveDetailsSaveAndProceedToSpouseButton -->
  <testcase classname="com.nspl.agingoptions.healthpage.testcases.SpecialistTestCases" name="TC_025_SpouseSpecialistSaveDetailsSaveAndAddAnotherButton" time="57.738"/>
  <testcase classname="com.nspl.agingoptions.healthpage.testcases.SpecialistTestCases" name="TC_026_SpouseSpecialistSaveDetailsSaveAndProceedToHealthInsurance" time="66.974"/>
</testsuite> <!-- com.nspl.agingoptions.healthpage.testcases.SpecialistTestCases -->
