<?xml version="1.0" encoding="UTF-8"?>
<!-- Generated by org.testng.reporters.JUnitReportReporter -->
<testsuite hostname="DESKTOP-LA6T5Q8" failures="0" tests="3" name="com.nspl.agingoptions.healthpage.testcases.MarriedUserLifeStyleTestCases" time="0.000" errors="0" timestamp="2025-04-06T17:54:01 IST" skipped="3">
  <testcase classname="com.nspl.agingoptions.healthpage.testcases.MarriedUserLifeStyleTestCases" name="TC_007_Health_LifeStyleGeneralHealthNutritionDetails" time="0.000">
    <skipped/>
  </testcase> <!-- TC_007_Health_LifeStyleGeneralHealthNutritionDetails -->
  <testcase classname="com.nspl.agingoptions.healthpage.testcases.MarriedUserLifeStyleTestCases" name="TC_008_Health_InputSubstanceUseDetails" time="0.000">
    <skipped/>
  </testcase> <!-- TC_008_Health_InputSubstanceUseDetails -->
  <testcase classname="com.nspl.agingoptions.healthpage.testcases.MarriedUserLifeStyleTestCases" name="TC_09_Health_InputSocialHabitsDetails" time="0.000">
    <skipped/>
  </testcase> <!-- TC_09_Health_InputSocialHabitsDetails -->
</testsuite> <!-- com.nspl.agingoptions.healthpage.testcases.MarriedUserLifeStyleTestCases -->
