<?xml version="1.0" encoding="UTF-8"?>
<!-- Generated by org.testng.reporters.JUnitReportReporter -->
<testsuite hostname="DESKTOP-LA6T5Q8" failures="0" tests="1" name="com.nspl.agingoptions.healthpage.testcases.MedicationSupplementsTestCases" time="39.204" errors="0" timestamp="2025-04-07T16:56:56 IST" skipped="0">
  <testcase classname="com.nspl.agingoptions.healthpage.testcases.MedicationSupplementsTestCases" name="TC_033_PrimaryMemberMedicationSaveAndContinueLaterButton" time="39.204"/>
</testsuite> <!-- com.nspl.agingoptions.healthpage.testcases.MedicationSupplementsTestCases -->
