<?xml version="1.0" encoding="UTF-8"?>
<!-- Generated by org.testng.reporters.JUnitReportReporter -->
<testsuite hostname="Dell" failures="0" tests="12" name="com.nspl.HousingInfoPageTestcase.HousingProfessional_RealtorTestscript" time="0.000" errors="0" timestamp="2025-05-22T09:45:20 IST" skipped="12">
  <testcase classname="com.nspl.HousingInfoPageTestcase.HousingProfessional_RealtorTestscript" name="verifyaddRealtorForPraimaryMember" time="0.000">
    <skipped/>
  </testcase> <!-- verifyaddRealtorForPraimaryMember -->
  <testcase classname="com.nspl.HousingInfoPageTestcase.HousingProfessional_RealtorTestscript" name="VerifySaveAndAddAnotherPrimaryMemberRealtorDetails" time="0.000">
    <skipped/>
  </testcase> <!-- VerifySaveAndAddAnotherPrimaryMemberRealtorDetails -->
  <testcase classname="com.nspl.HousingInfoPageTestcase.HousingProfessional_RealtorTestscript" name="VerifySaveAndproceedPrimaryMemberRealtorDetails" time="0.000">
    <skipped/>
  </testcase> <!-- VerifySaveAndproceedPrimaryMemberRealtorDetails -->
  <testcase classname="com.nspl.HousingInfoPageTestcase.HousingProfessional_RealtorTestscript" name="VerifySaveAndContinueSpouseRealtorDetails" time="0.000">
    <skipped/>
  </testcase> <!-- VerifySaveAndContinueSpouseRealtorDetails -->
  <testcase classname="com.nspl.HousingInfoPageTestcase.HousingProfessional_RealtorTestscript" name="VerifySaveAndAddAnotherSpouseRealtorDetails" time="0.000">
    <skipped/>
  </testcase> <!-- VerifySaveAndAddAnotherSpouseRealtorDetails -->
  <testcase classname="com.nspl.HousingInfoPageTestcase.HousingProfessional_RealtorTestscript" name="VerifySaveAndProceedSpouseRealtorDetails" time="0.000">
    <skipped/>
  </testcase> <!-- VerifySaveAndProceedSpouseRealtorDetails -->
  <testcase classname="com.nspl.HousingInfoPageTestcase.HousingProfessional_RealtorTestscript" name="VerifyUpdateRealtorDetails" time="0.000">
    <skipped/>
  </testcase> <!-- VerifyUpdateRealtorDetails -->
  <testcase classname="com.nspl.HousingInfoPageTestcase.HousingProfessional_RealtorTestscript" name="VerifyClickIDoNotHaveRealtorCheckBox">
    <skipped/>
  </testcase> <!-- VerifyClickIDoNotHaveRealtorCheckBox -->
  <testcase classname="com.nspl.HousingInfoPageTestcase.HousingProfessional_RealtorTestscript" name="VerifyIdONotHaveRealtorCheckBoxFunctionality">
    <skipped/>
  </testcase> <!-- VerifyIdONotHaveRealtorCheckBoxFunctionality -->
  <testcase classname="com.nspl.HousingInfoPageTestcase.HousingProfessional_RealtorTestscript" name="verifyToggleButton">
    <skipped/>
  </testcase> <!-- verifyToggleButton -->
  <testcase classname="com.nspl.HousingInfoPageTestcase.HousingProfessional_RealtorTestscript" name="verifyRealtorPageOnHousingProfessional">
    <skipped/>
  </testcase> <!-- verifyRealtorPageOnHousingProfessional -->
  <testcase classname="com.nspl.HousingInfoPageTestcase.HousingProfessional_RealtorTestscript" name="VerifyCopySameDataFunctionality">
    <skipped/>
  </testcase> <!-- VerifyCopySameDataFunctionality -->
</testsuite> <!-- com.nspl.HousingInfoPageTestcase.HousingProfessional_RealtorTestscript -->
