<?xml version="1.0" encoding="UTF-8"?>
<!-- Generated by org.testng.reporters.JUnitReportReporter -->
<testsuite hostname="DESKTOP-LA6T5Q8" failures="0" tests="3" name="com.nspl.agingoptions.financepage.testcases.RetirementTestCases" time="206.696" errors="0" timestamp="2025-04-14T14:31:03 IST" skipped="0">
  <testcase classname="com.nspl.agingoptions.financepage.testcases.RetirementTestCases" name="FT004_RetirementSaveContinueLaterButton" time="57.051"/>
  <testcase classname="com.nspl.agingoptions.financepage.testcases.RetirementTestCases" name="FT005_RetirementSaveAddAnotherButton" time="97.555"/>
  <testcase classname="com.nspl.agingoptions.financepage.testcases.RetirementTestCases" name="FT006_RetirementNextRealEstateButton" time="52.090"/>
</testsuite> <!-- com.nspl.agingoptions.financepage.testcases.RetirementTestCases -->
