<?xml version="1.0" encoding="UTF-8"?>
<!-- Generated by org.testng.reporters.JUnitReportReporter -->
<testsuite hostname="DESKTOP-LA6T5Q8" failures="0" tests="6" name="com.nspl.agingoptions.financepage.testcases.LongTermCarePolicyTestCases" time="135.529" errors="0" timestamp="2025-05-25T18:17:42 IST" skipped="0">
  <testcase classname="com.nspl.agingoptions.financepage.testcases.LongTermCarePolicyTestCases" name="FTC_022_PrimaryMemberLongTermCarePolicySaveContinueLaterButton" time="16.517"/>
  <testcase classname="com.nspl.agingoptions.financepage.testcases.LongTermCarePolicyTestCases" name="FTC_023_PrimaryMemberLongTermCarePolicySaveAddAnotherButton" time="14.646"/>
  <testcase classname="com.nspl.agingoptions.financepage.testcases.LongTermCarePolicyTestCases" name="FTC_024_PrimaryMemberLongTermCarePolicySaveProceedToSpouseButton" time="39.873"/>
  <testcase classname="com.nspl.agingoptions.financepage.testcases.LongTermCarePolicyTestCases" name="FTC_025_SpouseLongTermCarePolicySaveContinueLaterButton" time="18.221"/>
  <testcase classname="com.nspl.agingoptions.financepage.testcases.LongTermCarePolicyTestCases" name="FTC_026_SpouseLongTermCarePolicySaveAddAnotherButton" time="15.805"/>
  <testcase classname="com.nspl.agingoptions.financepage.testcases.LongTermCarePolicyTestCases" name="FTC_027_SpouseLongTermCarePolicySaveProceedToSpouseButton" time="30.467"/>
</testsuite> <!-- com.nspl.agingoptions.financepage.testcases.LongTermCarePolicyTestCases -->
