<?xml version="1.0" encoding="UTF-8"?>
<!-- Generated by org.testng.reporters.JUnitReportReporter -->
<testsuite hostname="DESKTOP-LA6T5Q8" failures="0" tests="5" name="com.nspl.agingoptions.healthpage.testcases.MarriedUserFamilyMedicalHistoryTestCases" time="230.635" errors="0" timestamp="2025-04-17T10:43:45 IST" skipped="0">
  <testcase classname="com.nspl.agingoptions.healthpage.testcases.MarriedUserFamilyMedicalHistoryTestCases" name="TC_010_Health_FamilyMedicalHistoryLivingParentInfoDetails" time="34.816"/>
  <testcase classname="com.nspl.agingoptions.healthpage.testcases.MarriedUserFamilyMedicalHistoryTestCases" name="TC_011_Health_familyMedicalHistoryNonLivingParentInfoDetails" time="31.619"/>
  <testcase classname="com.nspl.agingoptions.healthpage.testcases.MarriedUserFamilyMedicalHistoryTestCases" name="TC_012_FamilyMedicalHistoryNonLivingParentInfoDetails" time="31.153"/>
  <testcase classname="com.nspl.agingoptions.healthpage.testcases.MarriedUserFamilyMedicalHistoryTestCases" name="TC_013_FamilyMedicalHistoryMyFamilyMedicalHistoryYesRadioButton" time="92.724"/>
  <testcase classname="com.nspl.agingoptions.healthpage.testcases.MarriedUserFamilyMedicalHistoryTestCases" name="TC_014_FamilyMedicalHistoryMyFamilyMedicalHistoryNoRadioButton" time="40.323"/>
</testsuite> <!-- com.nspl.agingoptions.healthpage.testcases.MarriedUserFamilyMedicalHistoryTestCases -->
