<?xml version="1.0" encoding="UTF-8"?>
<!-- Generated by org.testng.reporters.JUnitReportReporter -->
<testsuite hostname="DESKTOP-LA6T5Q8" failures="0" tests="6" name="com.nspl.agingoptions.healthpage.testcases.HealthInsuranceTestCases" time="225.044" errors="0" timestamp="2025-04-04T17:31:47 IST" skipped="0">
  <testcase classname="com.nspl.agingoptions.healthpage.testcases.HealthInsuranceTestCases" name="TC_027PrimaryMemberAddHealthInsuranceSaveAndContinueLaterButtonSameAsSpouse" time="28.756"/>
  <testcase classname="com.nspl.agingoptions.healthpage.testcases.HealthInsuranceTestCases" name="TC_028PrimaryMemberAddHealthInsuranceSaveAndAddAnotherButton" time="52.440"/>
  <testcase classname="com.nspl.agingoptions.healthpage.testcases.HealthInsuranceTestCases" name="TC_029PrimaryMemberAddHealthInsuranceSaveAndProceedToSpouseButton" time="37.183"/>
  <testcase classname="com.nspl.agingoptions.healthpage.testcases.HealthInsuranceTestCases" name="TC_030SpouseAddHealthInsuranceSaveAndContinueLaterButton" time="29.580"/>
  <testcase classname="com.nspl.agingoptions.healthpage.testcases.HealthInsuranceTestCases" name="TC_031SpouseAddHealthInsuranceSaveAndAddAnotherButton" time="39.499"/>
  <testcase classname="com.nspl.agingoptions.healthpage.testcases.HealthInsuranceTestCases" name="TC_032SpouseAddHealthInsuranceSaveAndProccedToMedicationButton" time="37.586"/>
</testsuite> <!-- com.nspl.agingoptions.healthpage.testcases.HealthInsuranceTestCases -->
