<?xml version="1.0" encoding="UTF-8"?>
<!-- Generated by org.testng.reporters.JUnitReportReporter -->
<testsuite hostname="DESKTOP-LA6T5Q8" failures="0" tests="1" name="com.nspl.agingoptions.financepage.testcases.BusinessInterestTestCases" time="27.604" errors="0" timestamp="2025-05-25T13:37:03 IST" skipped="0">
  <testcase classname="com.nspl.agingoptions.financepage.testcases.BusinessInterestTestCases" name="FTC_010_BusinessInterestSaveContinueLaterButton" time="27.604"/>
</testsuite> <!-- com.nspl.agingoptions.financepage.testcases.BusinessInterestTestCases -->
