<?xml version="1.0" encoding="UTF-8"?>
<!-- Generated by org.testng.reporters.JUnitReportReporter -->
<testsuite hostname="DESKTOP-LA6T5Q8" failures="0" tests="6" name="com.nspl.agingoptions.healthpage.testcases.HealthInsuranceTestCases" time="186.783" errors="0" timestamp="2025-05-25T17:27:38 IST" skipped="0">
  <testcase classname="com.nspl.agingoptions.healthpage.testcases.HealthInsuranceTestCases" name="TC_027PrimaryMemberAddHealthInsuranceSaveAndContinueLaterButtonSameAsSpouse" time="24.605"/>
  <testcase classname="com.nspl.agingoptions.healthpage.testcases.HealthInsuranceTestCases" name="TC_028PrimaryMemberAddHealthInsuranceSaveAndAddAnotherButton" time="37.360"/>
  <testcase classname="com.nspl.agingoptions.healthpage.testcases.HealthInsuranceTestCases" name="TC_029PrimaryMemberAddHealthInsuranceSaveAndProceedToSpouseButton" time="27.787"/>
  <testcase classname="com.nspl.agingoptions.healthpage.testcases.HealthInsuranceTestCases" name="TC_030SpouseAddHealthInsuranceSaveAndContinueLaterButton" time="30.107"/>
  <testcase classname="com.nspl.agingoptions.healthpage.testcases.HealthInsuranceTestCases" name="TC_031SpouseAddHealthInsuranceSaveAndAddAnotherButton" time="33.785"/>
  <testcase classname="com.nspl.agingoptions.healthpage.testcases.HealthInsuranceTestCases" name="TC_032SpouseAddHealthInsuranceSaveAndProccedToMedicationButton" time="33.139"/>
</testsuite> <!-- com.nspl.agingoptions.healthpage.testcases.HealthInsuranceTestCases -->
