<?xml version="1.0" encoding="UTF-8"?>
<!-- Generated by org.testng.reporters.JUnitReportReporter -->
<testsuite hostname="DESKTOP-LA6T5Q8" failures="0" tests="3" name="com.nspl.agingoptions.financepage.testcases.TransportationTestCases" time="118.391" errors="0" timestamp="2025-05-25T18:17:42 IST" skipped="0">
  <testcase classname="com.nspl.agingoptions.financepage.testcases.TransportationTestCases" name="FTC_013_TransportationSaveContinueLaterButton" time="49.081"/>
  <testcase classname="com.nspl.agingoptions.financepage.testcases.TransportationTestCases" name="FTC_014_TransportationSaveContinueLaterButton" time="35.721"/>
  <testcase classname="com.nspl.agingoptions.financepage.testcases.TransportationTestCases" name="FTC_015_TransportationSaveContinueLaterButton" time="33.589"/>
</testsuite> <!-- com.nspl.agingoptions.financepage.testcases.TransportationTestCases -->
