<?xml version="1.0" encoding="UTF-8"?>
<!-- Generated by org.testng.reporters.JUnitReportReporter -->
<testsuite hostname="Dell" failures="0" tests="15" name="com.nspl.LegalInfoTestScript.BurialCremationPlanTestScript" time="0.000" errors="0" timestamp="2025-05-22T09:45:20 IST" skipped="15">
  <testcase classname="com.nspl.LegalInfoTestScript.BurialCremationPlanTestScript" name="VerifyBurialCremationPlanPage" time="0.000">
    <skipped/>
  </testcase> <!-- VerifyBurialCremationPlanPage -->
  <testcase classname="com.nspl.LegalInfoTestScript.BurialCremationPlanTestScript" name="VerifyWhenWeCheckedCremationRadioButton" time="0.000">
    <skipped/>
  </testcase> <!-- VerifyWhenWeCheckedCremationRadioButton -->
  <testcase classname="com.nspl.LegalInfoTestScript.BurialCremationPlanTestScript" name="VerifyDoYouHaveBurialPlotCheckYesRadio" time="0.000">
    <skipped/>
  </testcase> <!-- VerifyDoYouHaveBurialPlotCheckYesRadio -->
  <testcase classname="com.nspl.LegalInfoTestScript.BurialCremationPlanTestScript" name="VerifyDoYouHaveBurialPlotCheckNoRadioButton" time="0.000">
    <skipped/>
  </testcase> <!-- VerifyDoYouHaveBurialPlotCheckNoRadioButton -->
  <testcase classname="com.nspl.LegalInfoTestScript.BurialCremationPlanTestScript" name="VerifyIsYourBurialCremationPrepaid_YesChecked" time="0.000">
    <skipped/>
  </testcase> <!-- VerifyIsYourBurialCremationPrepaid_YesChecked -->
  <testcase classname="com.nspl.LegalInfoTestScript.BurialCremationPlanTestScript" name="VerifyOftenTheOrganizationYouPrepaidYourBurialAndCremation_NoRadioChecked" time="0.000">
    <skipped/>
  </testcase> <!-- VerifyOftenTheOrganizationYouPrepaidYourBurialAndCremation_NoRadioChecked -->
  <testcase classname="com.nspl.LegalInfoTestScript.BurialCremationPlanTestScript" name="VerifyOftenTheOrganizationYouPrepaidYourBurialAndCremation_YesRadioBT" time="0.000">
    <skipped/>
  </testcase> <!-- VerifyOftenTheOrganizationYouPrepaidYourBurialAndCremation_YesRadioBT -->
  <testcase classname="com.nspl.LegalInfoTestScript.BurialCremationPlanTestScript" name="VerifyDidTheCompanyGiveYouAContractNoRadioChecked" time="0.000">
    <skipped/>
  </testcase> <!-- VerifyDidTheCompanyGiveYouAContractNoRadioChecked -->
  <testcase classname="com.nspl.LegalInfoTestScript.BurialCremationPlanTestScript" name="VerifyHaveYouMadeArrangementsForHandlingNoChecked" time="0.000">
    <skipped/>
  </testcase> <!-- VerifyHaveYouMadeArrangementsForHandlingNoChecked -->
  <testcase classname="com.nspl.LegalInfoTestScript.BurialCremationPlanTestScript" name="VerifyHaveYouMadeArrangementsForHandlingYesChecked" time="0.000">
    <skipped/>
  </testcase> <!-- VerifyHaveYouMadeArrangementsForHandlingYesChecked -->
  <testcase classname="com.nspl.LegalInfoTestScript.BurialCremationPlanTestScript" name="VerifyWouldYouLikeToMakeArrangementYes" time="0.000">
    <skipped/>
  </testcase> <!-- VerifyWouldYouLikeToMakeArrangementYes -->
  <testcase classname="com.nspl.LegalInfoTestScript.BurialCremationPlanTestScript" name="VerifyWouldYouLikeMakeArrangementNoChecked" time="0.000">
    <skipped/>
  </testcase> <!-- VerifyWouldYouLikeMakeArrangementNoChecked -->
  <testcase classname="com.nspl.LegalInfoTestScript.BurialCremationPlanTestScript" name="VerifyWouldYouLikeTohaveSomeoneContactYouYesChecked" time="0.000">
    <skipped/>
  </testcase> <!-- VerifyWouldYouLikeTohaveSomeoneContactYouYesChecked -->
  <testcase classname="com.nspl.LegalInfoTestScript.BurialCremationPlanTestScript" name="VerifyWouldYouLikeToHaveSomeOneContactYouNoChecked" time="0.000">
    <skipped/>
  </testcase> <!-- VerifyWouldYouLikeToHaveSomeOneContactYouNoChecked -->
  <testcase classname="com.nspl.LegalInfoTestScript.BurialCremationPlanTestScript" name="SaveAndContinueBurialcremationPlanDetails_WithYesCheck">
    <skipped/>
  </testcase> <!-- SaveAndContinueBurialcremationPlanDetails_WithYesCheck -->
</testsuite> <!-- com.nspl.LegalInfoTestScript.BurialCremationPlanTestScript -->
