<?xml version="1.0" encoding="UTF-8"?>
<!-- Generated by org.testng.reporters.JUnitReportReporter -->
<testsuite hostname="Dell" failures="0" tests="1" name="com.nspl.HousingInfoPageTestcase.HousingOptionsTestScript" time="27.229" errors="0" timestamp="2025-04-06T02:07:20 IST" skipped="0">
  <testcase classname="com.nspl.HousingInfoPageTestcase.HousingOptionsTestScript" name="VerifyWhenWeSelectTwoThreeMoreOption_HowManyStoryDoesItHave" time="27.229"/>
</testsuite> <!-- com.nspl.HousingInfoPageTestcase.HousingOptionsTestScript -->
