<?xml version="1.0" encoding="UTF-8"?>
<!-- Generated by org.testng.reporters.JUnitReportReporter -->
<testsuite hostname="DESKTOP-LA6T5Q8" failures="0" tests="3" name="com.nspl.agingoptions.financepage.testcases.RealEstateTestCases" time="178.082" errors="0" timestamp="2025-05-19T11:18:48 IST" skipped="0">
  <testcase classname="com.nspl.agingoptions.financepage.testcases.RealEstateTestCases" name="FTC_007_AddRealEstateSaveContinueLaterButton" time="46.383"/>
  <testcase classname="com.nspl.agingoptions.financepage.testcases.RealEstateTestCases" name="FTC_008_AddRealEstateSaveAddAnotherButton" time="30.730"/>
  <testcase classname="com.nspl.agingoptions.financepage.testcases.RealEstateTestCases" name="FTC_009_AddRealEstateSaveAndProceedToBussinessInterestButton" time="100.969"/>
</testsuite> <!-- com.nspl.agingoptions.financepage.testcases.RealEstateTestCases -->
