<?xml version="1.0" encoding="UTF-8"?>
<!-- Generated by org.testng.reporters.JUnitReportReporter -->
<testsuite hostname="DESKTOP-LA6T5Q8" failures="0" tests="4" name="com.nspl.agingoptions.financepage.testcases.Non_RetirementTestCases" time="419.380" errors="0" timestamp="2025-05-22T17:20:26 IST" skipped="1">
  <testcase classname="com.nspl.agingoptions.financepage.testcases.Non_RetirementTestCases" name="FTC01_Non_RetirementSaveContinueLaterButton" time="52.088"/>
  <testcase classname="com.nspl.agingoptions.financepage.testcases.Non_RetirementTestCases" name="FTC02_Non_RetirementSaveAddAnotherButton" time="168.574">
    <skipped/>
  </testcase> <!-- FTC02_Non_RetirementSaveAddAnotherButton -->
  <testcase classname="com.nspl.agingoptions.financepage.testcases.Non_RetirementTestCases" name="FTC02_Non_RetirementSaveAddAnotherButton" time="97.235"/>
  <testcase classname="com.nspl.agingoptions.financepage.testcases.Non_RetirementTestCases" name="FTC03_Non_RetirementSaveAddProceedToRetirementButton" time="101.483"/>
</testsuite> <!-- com.nspl.agingoptions.financepage.testcases.Non_RetirementTestCases -->
