<?xml version="1.0" encoding="UTF-8"?>
<!-- Generated by org.testng.reporters.JUnitReportReporter -->
<testsuite hostname="DESKTOP-LA6T5Q8" failures="0" tests="7" name="com.nspl.agingoptions.healthpage.testcases.MedicationSupplementsTestCases" time="159.135" errors="0" timestamp="2025-05-19T11:18:48 IST" skipped="1">
  <testcase classname="com.nspl.agingoptions.healthpage.testcases.MedicationSupplementsTestCases" name="TC_033_PrimaryMemberMedicationSaveAndContinueLaterButton" time="16.673"/>
  <testcase classname="com.nspl.agingoptions.healthpage.testcases.MedicationSupplementsTestCases" name="TC_034_PrimaryMemberMedicationSaveAndAddAnotherButton" time="21.662"/>
  <testcase classname="com.nspl.agingoptions.healthpage.testcases.MedicationSupplementsTestCases" name="TC_035_PrimaryMemberMedicationSaveAndProceedHousingButton" time="25.869"/>
  <testcase classname="com.nspl.agingoptions.healthpage.testcases.MedicationSupplementsTestCases" name="TC_036_SpouseMedicationSaveAndContinueLaterButton" time="19.515"/>
  <testcase classname="com.nspl.agingoptions.healthpage.testcases.MedicationSupplementsTestCases" name="TC_037_SpouseMedicationSaveAndAddAnotherButton" time="22.659"/>
  <testcase classname="com.nspl.agingoptions.healthpage.testcases.MedicationSupplementsTestCases" name="TC_037_SpouseMedicationSaveAndAddAnotherButton" time="23.728">
    <skipped/>
  </testcase> <!-- TC_037_SpouseMedicationSaveAndAddAnotherButton -->
  <testcase classname="com.nspl.agingoptions.healthpage.testcases.MedicationSupplementsTestCases" name="TC_038_SpuseMedicationSaveAndProceedToHousingButton" time="29.029"/>
</testsuite> <!-- com.nspl.agingoptions.healthpage.testcases.MedicationSupplementsTestCases -->
