<?xml version="1.0" encoding="UTF-8"?>
<!-- Generated by org.testng.reporters.JUnitReportReporter -->
<testsuite hostname="DESKTOP-LA6T5Q8" failures="0" tests="1" name="com.nspl.agingoptions.financepage.testcases.RetirementTestCases" time="58.398" errors="0" timestamp="2025-05-19T11:37:23 IST" skipped="0">
  <testcase classname="com.nspl.agingoptions.financepage.testcases.RetirementTestCases" name="FTC06_RetirementNextRealEstateButton" time="58.398"/>
</testsuite> <!-- com.nspl.agingoptions.financepage.testcases.RetirementTestCases -->
