<?xml version="1.0" encoding="UTF-8"?>
<!-- Generated by org.testng.reporters.JUnitReportReporter -->
<testsuite hostname="Dell" failures="0" tests="9" name="com.nspl.LegalInfoTestScript.FiduciaryBeneficiaryTestScript" time="143.385" errors="0" timestamp="2025-04-16T17:36:16 IST" skipped="6">
  <testcase classname="com.nspl.LegalInfoTestScript.FiduciaryBeneficiaryTestScript" name="VerifyWhenWeMakeFiduciaryBeneficiryMemberDeceased" time="71.864"/>
  <testcase classname="com.nspl.LegalInfoTestScript.FiduciaryBeneficiaryTestScript" name="VerifyWhenWeMakeSpecialNeedsMemberAsFiduciary" time="45.986"/>
  <testcase classname="com.nspl.LegalInfoTestScript.FiduciaryBeneficiaryTestScript" name="verifyAgeValidationForFiduciary" time="25.535"/>
  <testcase classname="com.nspl.LegalInfoTestScript.FiduciaryBeneficiaryTestScript" name="VerifyFiduciaryBeneficiaryPage">
    <skipped/>
  </testcase> <!-- VerifyFiduciaryBeneficiaryPage -->
  <testcase classname="com.nspl.LegalInfoTestScript.FiduciaryBeneficiaryTestScript" name="VerifyAddFiduciaryBeneficiaryDetails">
    <skipped/>
  </testcase> <!-- VerifyAddFiduciaryBeneficiaryDetails -->
  <testcase classname="com.nspl.LegalInfoTestScript.FiduciaryBeneficiaryTestScript" name="VerifySpouseTableFiduciaryBeneficiaryCheckBoxFunctionality">
    <skipped/>
  </testcase> <!-- VerifySpouseTableFiduciaryBeneficiaryCheckBoxFunctionality -->
  <testcase classname="com.nspl.LegalInfoTestScript.FiduciaryBeneficiaryTestScript" name="VerifyClientTableFiduciaryBeneficiaryCheckboxFunctionality">
    <skipped/>
  </testcase> <!-- VerifyClientTableFiduciaryBeneficiaryCheckboxFunctionality -->
  <testcase classname="com.nspl.LegalInfoTestScript.FiduciaryBeneficiaryTestScript" name="VerifyPrimaryMemberAndSpouseFiduciaryBeneficiaryPageMemberList">
    <skipped/>
  </testcase> <!-- VerifyPrimaryMemberAndSpouseFiduciaryBeneficiaryPageMemberList -->
  <testcase classname="com.nspl.LegalInfoTestScript.FiduciaryBeneficiaryTestScript" name="VerifyWhenWeMakeFiduciaryMemberAsSpecialNeeds">
    <skipped/>
  </testcase> <!-- VerifyWhenWeMakeFiduciaryMemberAsSpecialNeeds -->
</testsuite> <!-- com.nspl.LegalInfoTestScript.FiduciaryBeneficiaryTestScript -->
