<?xml version="1.0" encoding="UTF-8"?>
<!-- Generated by org.testng.reporters.JUnitReportReporter -->
<testsuite hostname="DESKTOP-LA6T5Q8" failures="0" tests="1" name="com.nspl.agingoptions.financepage.testcases.BusinessInterestTestCases" time="26.937" errors="0" timestamp="2025-04-23T11:10:56 IST" skipped="0">
  <testcase classname="com.nspl.agingoptions.financepage.testcases.BusinessInterestTestCases" name="FTC_012_BusinessInterestSaveAddAnotherButton" time="26.937"/>
</testsuite> <!-- com.nspl.agingoptions.financepage.testcases.BusinessInterestTestCases -->
