<?xml version="1.0" encoding="UTF-8"?>
<!-- Generated by org.testng.reporters.JUnitReportReporter -->
<testsuite hostname="DESKTOP-LA6T5Q8" failures="0" tests="6" name="com.nspl.agingoptions.financepage.testcases.TaxInfoTestCases" time="165.900" errors="0" timestamp="2025-05-19T11:18:48 IST" skipped="0">
  <testcase classname="com.nspl.agingoptions.financepage.testcases.TaxInfoTestCases" name="FTC_034_PrimaryMemberInputTax2025DetailsSaveContinueLaterButton" time="52.774"/>
  <testcase classname="com.nspl.agingoptions.financepage.testcases.TaxInfoTestCases" name="FTC_035_PrimaryMemberInputTax2024SaveAddAnotherBT" time="26.198"/>
  <testcase classname="com.nspl.agingoptions.financepage.testcases.TaxInfoTestCases" name="FTC_036_PrimaryMemberInputTax2023SaveAndProceedToSpouseBT" time="19.487"/>
  <testcase classname="com.nspl.agingoptions.financepage.testcases.TaxInfoTestCases" name="FTC_037_SpouseInputTax2022DetailsSaveContinueLaterButton" time="32.140"/>
  <testcase classname="com.nspl.agingoptions.financepage.testcases.TaxInfoTestCases" name="FTC_038_SpouseInputTax2021SaveAddAnotherBT" time="18.172"/>
  <testcase classname="com.nspl.agingoptions.financepage.testcases.TaxInfoTestCases" name="FTC_039_SpouseInputTax2020SaveProceedToFinancialProfessional" time="17.129"/>
</testsuite> <!-- com.nspl.agingoptions.financepage.testcases.TaxInfoTestCases -->
