<?xml version="1.0" encoding="UTF-8"?>
<!-- Generated by org.testng.reporters.JUnitReportReporter -->
<testsuite hostname="Dell" failures="0" tests="12" name="com.nspl.LegalInfoTestScript.PreviousLagalDocumentTestCases" time="0.002" errors="0" timestamp="2025-05-22T09:45:20 IST" skipped="12">
  <testcase classname="com.nspl.LegalInfoTestScript.PreviousLagalDocumentTestCases" name="verifyLegalInfoPage" time="0.000">
    <skipped/>
  </testcase> <!-- verifyLegalInfoPage -->
  <testcase classname="com.nspl.LegalInfoTestScript.PreviousLagalDocumentTestCases" name="verifyDoYouCurrentlyLegalPlanningQuestions" time="0.000">
    <skipped/>
  </testcase> <!-- verifyDoYouCurrentlyLegalPlanningQuestions -->
  <testcase classname="com.nspl.LegalInfoTestScript.PreviousLagalDocumentTestCases" name="VerifyClickYesRadioButton_DoYouCurrentlyhaveLegalPlanning" time="0.000">
    <skipped/>
  </testcase> <!-- VerifyClickYesRadioButton_DoYouCurrentlyhaveLegalPlanning -->
  <testcase classname="com.nspl.LegalInfoTestScript.PreviousLagalDocumentTestCases" name="verifyClickNoRadioButton_DoYouCurrentlyhaveLegalPlanning" time="0.000">
    <skipped/>
  </testcase> <!-- verifyClickNoRadioButton_DoYouCurrentlyhaveLegalPlanning -->
  <testcase classname="com.nspl.LegalInfoTestScript.PreviousLagalDocumentTestCases" name="verifyWillDocument" time="0.000">
    <skipped/>
  </testcase> <!-- verifyWillDocument -->
  <testcase classname="com.nspl.LegalInfoTestScript.PreviousLagalDocumentTestCases" name="VerifySaveAndContinue_DoYouCurrentlyHaveLegalPlanning_NoCheck" time="0.000">
    <skipped/>
  </testcase> <!-- VerifySaveAndContinue_DoYouCurrentlyHaveLegalPlanning_NoCheck -->
  <testcase classname="com.nspl.LegalInfoTestScript.PreviousLagalDocumentTestCases" name="VerifyTrustDocument" time="0.000">
    <skipped/>
  </testcase> <!-- VerifyTrustDocument -->
  <testcase classname="com.nspl.LegalInfoTestScript.PreviousLagalDocumentTestCases" name="VerifySaveAndProceedFidBen_DoYouCurrentlyHaveLegalPlanning_NoCheck" time="0.002">
    <skipped/>
  </testcase> <!-- VerifySaveAndProceedFidBen_DoYouCurrentlyHaveLegalPlanning_NoCheck -->
  <testcase classname="com.nspl.LegalInfoTestScript.PreviousLagalDocumentTestCases" name="verifySaveAndContinueWithWillTypeDocuments" time="0.000">
    <skipped/>
  </testcase> <!-- verifySaveAndContinueWithWillTypeDocuments -->
  <testcase classname="com.nspl.LegalInfoTestScript.PreviousLagalDocumentTestCases" name="VerifySaveAndContinueWithTrustTypeDocumentsDetails" time="0.000">
    <skipped/>
  </testcase> <!-- VerifySaveAndContinueWithTrustTypeDocumentsDetails -->
  <testcase classname="com.nspl.LegalInfoTestScript.PreviousLagalDocumentTestCases" name="verifySaveAndContinueWithAddNewDocument" time="0.000">
    <skipped/>
  </testcase> <!-- verifySaveAndContinueWithAddNewDocument -->
  <testcase classname="com.nspl.LegalInfoTestScript.PreviousLagalDocumentTestCases" name="verifyNewCommonDocumentList" time="0.000">
    <skipped/>
  </testcase> <!-- verifyNewCommonDocumentList -->
</testsuite> <!-- com.nspl.LegalInfoTestScript.PreviousLagalDocumentTestCases -->
