<?xml version="1.0" encoding="UTF-8"?>
<!-- Generated by org.testng.reporters.JUnitReportReporter -->
<testsuite hostname="Dell" failures="0" tests="3" name="com.nspl.LegalInfoTestScript.BeneficiaryLetterTestScript" time="271.470" errors="0" timestamp="2025-05-06T17:25:24 IST" skipped="0">
  <testcase classname="com.nspl.LegalInfoTestScript.BeneficiaryLetterTestScript" name="verifyBeneficiaryLetterPage" time="29.225"/>
  <testcase classname="com.nspl.LegalInfoTestScript.BeneficiaryLetterTestScript" name="VerifyBeneficiaryLetterDetails" time="121.005"/>
  <testcase classname="com.nspl.LegalInfoTestScript.BeneficiaryLetterTestScript" name="VerifyClickGenerateButtonWithoutSelectingAsset" time="121.240"/>
</testsuite> <!-- com.nspl.LegalInfoTestScript.BeneficiaryLetterTestScript -->
