<?xml version="1.0" encoding="UTF-8"?>
<!-- Generated by org.testng.reporters.JUnitReportReporter -->
<testsuite hostname="DESKTOP-LA6T5Q8" failures="0" tests="3" name="com.nspl.agingoptions.financepage.testcases.RetirementTestCases" time="247.838" errors="0" timestamp="2025-05-22T17:20:26 IST" skipped="0">
  <testcase classname="com.nspl.agingoptions.financepage.testcases.RetirementTestCases" name="FTC04_RetirementSaveContinueLaterButton" time="64.206"/>
  <testcase classname="com.nspl.agingoptions.financepage.testcases.RetirementTestCases" name="FTC05_RetirementSaveAddAnotherButton" time="91.747"/>
  <testcase classname="com.nspl.agingoptions.financepage.testcases.RetirementTestCases" name="FTC06_RetirementNextRealEstateButton" time="91.885"/>
</testsuite> <!-- com.nspl.agingoptions.financepage.testcases.RetirementTestCases -->
