<?xml version="1.0" encoding="UTF-8"?>
<!-- Generated by org.testng.reporters.JUnitReportReporter -->
<testsuite hostname="DESKTOP-LA6T5Q8" failures="0" tests="1" name="com.nspl.agingoptions.financepage.testcases.LifeInsuranceTestCases" time="52.373" errors="0" timestamp="2025-05-19T11:51:35 IST" skipped="0">
  <testcase classname="com.nspl.agingoptions.financepage.testcases.LifeInsuranceTestCases" name="FTC_021_SpouseLifeInsuranceNextLongTermCarePolicyButton" time="52.373"/>
</testsuite> <!-- com.nspl.agingoptions.financepage.testcases.LifeInsuranceTestCases -->
