<?xml version="1.0" encoding="UTF-8"?>
<!-- Generated by org.testng.reporters.JUnitReportReporter -->
<testsuite hostname="DESKTOP-AQHENNJ" failures="0" tests="22" name="com.nspl.agingoptions.login_registrationpage.testcases.SignUpPageTestCases" time="519.910" errors="0" timestamp="2024-02-29T16:16:28 IST" skipped="0">
  <testcase classname="com.nspl.agingoptions.login_registrationpage.testcases.SignUpPageTestCases" name="verify_TC016_AllElementVisibilityOnSignUpPage" time="17.105"/>
  <system-out/>
  <testcase classname="com.nspl.agingoptions.login_registrationpage.testcases.SignUpPageTestCases" name="verify_TC017_CreateNewAccount" time="65.485"/>
  <system-out/>
  <testcase classname="com.nspl.agingoptions.login_registrationpage.testcases.SignUpPageTestCases" name="verify_TC018_UnableToCreateAccountWithBlankCredential" time="1.569"/>
  <system-out/>
  <testcase classname="com.nspl.agingoptions.login_registrationpage.testcases.SignUpPageTestCases" name="verify_TC019_UnableToRegisterWithAlreadyRegisterEmail" time="9.213"/>
  <system-out/>
  <testcase classname="com.nspl.agingoptions.login_registrationpage.testcases.SignUpPageTestCases" name="verify_TC020_EnterEmail_CellNumberIsSeeInOtpPage" time="14.442"/>
  <system-out/>
  <testcase classname="com.nspl.agingoptions.login_registrationpage.testcases.SignUpPageTestCases" name="verify_TC021_CellNumberDropDownCountryCodeShowInOtpPage" time="12.456"/>
  <system-out/>
  <testcase classname="com.nspl.agingoptions.login_registrationpage.testcases.SignUpPageTestCases" name="verify_TC022_PasswordAndConfirmPasswordMasked" time="1.764"/>
  <system-out/>
  <testcase classname="com.nspl.agingoptions.login_registrationpage.testcases.SignUpPageTestCases" name="verify_TC023_PasswordConfirmPasswordErrorMessage" time="1.806"/>
  <system-out/>
  <testcase classname="com.nspl.agingoptions.login_registrationpage.testcases.SignUpPageTestCases" name="verify_TC024_clickEyeButtonPasswordConfirmPasswordVisibility" time="1.760"/>
  <system-out/>
  <testcase classname="com.nspl.agingoptions.login_registrationpage.testcases.SignUpPageTestCases" name="verify_TC025_BlankFirstNameAllCredentialValid" time="8.440"/>
  <system-out/>
  <testcase classname="com.nspl.agingoptions.login_registrationpage.testcases.SignUpPageTestCases" name="verify_TC026_BlankLastNameAllCredentialValid" time="8.436"/>
  <system-out/>
  <testcase classname="com.nspl.agingoptions.login_registrationpage.testcases.SignUpPageTestCases" name="verify_TC027_BlankEmailAllCredentialValid" time="8.413"/>
  <system-out/>
  <testcase classname="com.nspl.agingoptions.login_registrationpage.testcases.SignUpPageTestCases" name="verify_TC028_BlankCellNumberAllCredentialValid" time="8.404"/>
  <system-out/>
  <testcase classname="com.nspl.agingoptions.login_registrationpage.testcases.SignUpPageTestCases" name="verify_TC029_BlankPasswordAllCredentialValid" time="8.320"/>
  <system-out/>
  <testcase classname="com.nspl.agingoptions.login_registrationpage.testcases.SignUpPageTestCases" name="verify_TC030_BlankConfirmPasswordAllCredentialValid" time="8.270"/>
  <system-out/>
  <testcase classname="com.nspl.agingoptions.login_registrationpage.testcases.SignUpPageTestCases" name="verify_TC031_LessThan8CharecterPassword" time="8.297"/>
  <system-out/>
  <testcase classname="com.nspl.agingoptions.login_registrationpage.testcases.SignUpPageTestCases" name="verify_TC032_PasswordWithAlphabaticalOnly" time="8.488"/>
  <system-out/>
  <testcase classname="com.nspl.agingoptions.login_registrationpage.testcases.SignUpPageTestCases" name="verify_TC033_PasswordWithAlphabaticalNumberOnly" time="8.415"/>
  <system-out/>
  <testcase classname="com.nspl.agingoptions.login_registrationpage.testcases.SignUpPageTestCases" name="verify_TC034_PasswordWithAlphabaticSpecialCharOnly" time="8.477"/>
  <system-out/>
  <testcase classname="com.nspl.agingoptions.login_registrationpage.testcases.SignUpPageTestCases" name="verify_TC035_unableToRegisterWithBlankOTP" time="12.879"/>
  <system-out/>
  <testcase classname="com.nspl.agingoptions.login_registrationpage.testcases.SignUpPageTestCases" name="verify_TC036_unableToLoginWithExpireOtp" time="147.221"/>
  <system-out/>
  <testcase classname="com.nspl.agingoptions.login_registrationpage.testcases.SignUpPageTestCases" name="verify_TC037_AbleToLoginWithResendOTP" time="150.250"/>
  <system-out/>
</testsuite> <!-- com.nspl.agingoptions.login_registrationpage.testcases.SignUpPageTestCases -->
