<?xml version="1.0" encoding="UTF-8"?>
<!-- Generated by org.testng.reporters.JUnitReportReporter -->
<testsuite hostname="Dell" failures="0" tests="6" name="com.nspl.LegalInfoTestScript.LivingWillDetailsTestSript" time="0.000" errors="0" timestamp="2025-05-22T09:45:20 IST" skipped="6">
  <testcase classname="com.nspl.LegalInfoTestScript.LivingWillDetailsTestSript" name="VerifyLivingWillDetailsPage" time="0.000">
    <skipped/>
  </testcase> <!-- VerifyLivingWillDetailsPage -->
  <testcase classname="com.nspl.LegalInfoTestScript.LivingWillDetailsTestSript" name="SaveAndContinueIWantMaximumTreatMentYes" time="0.000">
    <skipped/>
  </testcase> <!-- SaveAndContinueIWantMaximumTreatMentYes -->
  <testcase classname="com.nspl.LegalInfoTestScript.LivingWillDetailsTestSript" name="SaveAndContinueIWantMaximumTreatmentNo" time="0.000">
    <skipped/>
  </testcase> <!-- SaveAndContinueIWantMaximumTreatmentNo -->
  <testcase classname="com.nspl.LegalInfoTestScript.LivingWillDetailsTestSript" name="VerifySaveAndProceedLivingWillDetails" time="0.000">
    <skipped/>
  </testcase> <!-- VerifySaveAndProceedLivingWillDetails -->
  <testcase classname="com.nspl.LegalInfoTestScript.LivingWillDetailsTestSript" name="verifyIWantMaximumTreatmentCheckedAsYes" time="0.000">
    <skipped/>
  </testcase> <!-- verifyIWantMaximumTreatmentCheckedAsYes -->
  <testcase classname="com.nspl.LegalInfoTestScript.LivingWillDetailsTestSript" name="verifyIWantMaximumTreatmentCheckedAsNo" time="0.000">
    <skipped/>
  </testcase> <!-- verifyIWantMaximumTreatmentCheckedAsNo -->
</testsuite> <!-- com.nspl.LegalInfoTestScript.LivingWillDetailsTestSript -->
