<?xml version="1.0" encoding="UTF-8"?>
<!-- Generated by org.testng.reporters.JUnitReportReporter -->
<testsuite hostname="Dell" failures="0" tests="12" name="com.nspl.HousingInfoPageTestcase.HousingProfessional_RealtorTestscript" time="490.816" errors="0" timestamp="2025-04-04T09:49:53 IST" skipped="4">
  <testcase classname="com.nspl.HousingInfoPageTestcase.HousingProfessional_RealtorTestscript" name="verifyaddRealtorForPraimaryMember" time="59.003"/>
  <testcase classname="com.nspl.HousingInfoPageTestcase.HousingProfessional_RealtorTestscript" name="VerifySaveAndAddAnotherPrimaryMemberRealtorDetails" time="53.932"/>
  <testcase classname="com.nspl.HousingInfoPageTestcase.HousingProfessional_RealtorTestscript" name="VerifySaveAndproceedPrimaryMemberRealtorDetails" time="62.817"/>
  <testcase classname="com.nspl.HousingInfoPageTestcase.HousingProfessional_RealtorTestscript" name="VerifySaveAndContinueSpouseRealtorDetails" time="49.668"/>
  <testcase classname="com.nspl.HousingInfoPageTestcase.HousingProfessional_RealtorTestscript" name="VerifySaveAndAddAnotherSpouseRealtorDetails" time="56.177"/>
  <testcase classname="com.nspl.HousingInfoPageTestcase.HousingProfessional_RealtorTestscript" name="VerifySaveAndProceedSpouseRealtorDetails" time="56.392"/>
  <testcase classname="com.nspl.HousingInfoPageTestcase.HousingProfessional_RealtorTestscript" name="VerifyCopySameDataFunctionality" time="70.184"/>
  <testcase classname="com.nspl.HousingInfoPageTestcase.HousingProfessional_RealtorTestscript" name="VerifyUpdateRealtorDetails" time="82.643"/>
  <testcase classname="com.nspl.HousingInfoPageTestcase.HousingProfessional_RealtorTestscript" name="verifyToggleButton">
    <skipped/>
  </testcase> <!-- verifyToggleButton -->
  <testcase classname="com.nspl.HousingInfoPageTestcase.HousingProfessional_RealtorTestscript" name="verifyRealtorPageOnHousingProfessional">
    <skipped/>
  </testcase> <!-- verifyRealtorPageOnHousingProfessional -->
  <testcase classname="com.nspl.HousingInfoPageTestcase.HousingProfessional_RealtorTestscript" name="VerifyClickIDoNotHaveRealtorCheckBox">
    <skipped/>
  </testcase> <!-- VerifyClickIDoNotHaveRealtorCheckBox -->
  <testcase classname="com.nspl.HousingInfoPageTestcase.HousingProfessional_RealtorTestscript" name="VerifyIdONotHaveRealtorCheckBoxFunctionality">
    <skipped/>
  </testcase> <!-- VerifyIdONotHaveRealtorCheckBoxFunctionality -->
</testsuite> <!-- com.nspl.HousingInfoPageTestcase.HousingProfessional_RealtorTestscript -->
