<?xml version="1.0" encoding="UTF-8"?>
<!-- Generated by org.testng.reporters.JUnitReportReporter -->
<testsuite hostname="Dell" failures="0" tests="5" name="com.nspl.LegalInfoTestScript.OrganDonationDetailsTestSripts" time="0.000" errors="0" timestamp="2025-05-22T09:45:20 IST" skipped="5">
  <testcase classname="com.nspl.LegalInfoTestScript.OrganDonationDetailsTestSripts" name="VerifyOrganDonationDetailsPage" time="0.000">
    <skipped/>
  </testcase> <!-- VerifyOrganDonationDetailsPage -->
  <testcase classname="com.nspl.LegalInfoTestScript.OrganDonationDetailsTestSripts" name="VerifySaveAndContinueWishToDonateYourBodyForScientificResearch_Yes" time="0.000">
    <skipped/>
  </testcase> <!-- VerifySaveAndContinueWishToDonateYourBodyForScientificResearch_Yes -->
  <testcase classname="com.nspl.LegalInfoTestScript.OrganDonationDetailsTestSripts" name="VerifyDoYouWishToBeAnOrganDonnerYes" time="0.000">
    <skipped/>
  </testcase> <!-- VerifyDoYouWishToBeAnOrganDonnerYes -->
  <testcase classname="com.nspl.LegalInfoTestScript.OrganDonationDetailsTestSripts" name="VerifySaveAndProceedDoYouWishToBeAnOrganDonnerNo" time="0.000">
    <skipped/>
  </testcase> <!-- VerifySaveAndProceedDoYouWishToBeAnOrganDonnerNo -->
  <testcase classname="com.nspl.LegalInfoTestScript.OrganDonationDetailsTestSripts" name="VerifySaveAndContinueDoYouWishToBeAnOrganDonnerYes" time="0.000">
    <skipped/>
  </testcase> <!-- VerifySaveAndContinueDoYouWishToBeAnOrganDonnerYes -->
</testsuite> <!-- com.nspl.LegalInfoTestScript.OrganDonationDetailsTestSripts -->
