<?xml version="1.0" encoding="UTF-8"?>
<!-- Generated by org.testng.reporters.JUnitReportReporter -->
<testsuite hostname="DESKTOP-LA6T5Q8" failures="0" tests="9" name="com.nspl.agingoptions.healthpage.testcases.MarriedUserFamilyInfoTestCases" time="167.684" errors="0" timestamp="2025-03-27T17:30:24 IST" skipped="0">
  <testcase classname="com.nspl.agingoptions.healthpage.testcases.MarriedUserFamilyInfoTestCases" name="Personal_MedicalHistoryPage_Health_001" time="21.739"/>
  <testcase classname="com.nspl.agingoptions.healthpage.testcases.MarriedUserFamilyInfoTestCases" name="MedicalConditionsElementVisibility_Health_002" time="17.573"/>
  <testcase classname="com.nspl.agingoptions.healthpage.testcases.MarriedUserFamilyInfoTestCases" name="EnvironmentalLifeStyleFactorsElementVisibility_Health_003" time="11.232"/>
  <testcase classname="com.nspl.agingoptions.healthpage.testcases.MarriedUserFamilyInfoTestCases" name="BloodTypeSelection_Health_004_" time="21.243"/>
  <testcase classname="com.nspl.agingoptions.healthpage.testcases.MarriedUserFamilyInfoTestCases" name="MedicalConditionElement_Health_005_" time="21.437"/>
  <testcase classname="com.nspl.agingoptions.healthpage.testcases.MarriedUserFamilyInfoTestCases" name="EnvironmentalLifestyleFactorsDetails_Health_006_" time="18.347"/>
  <testcase classname="com.nspl.agingoptions.healthpage.testcases.MarriedUserFamilyInfoTestCases" name="LifeStyleGeneralHealthNutritionDetailsHealth_TC_007" time="17.322"/>
  <testcase classname="com.nspl.agingoptions.healthpage.testcases.MarriedUserFamilyInfoTestCases" name="Health_InputSubstanceUseDetails_TC_008" time="19.512"/>
  <testcase classname="com.nspl.agingoptions.healthpage.testcases.MarriedUserFamilyInfoTestCases" name="Health_InputSocialHabitsDetails_TC_09" time="19.279"/>
</testsuite> <!-- com.nspl.agingoptions.healthpage.testcases.MarriedUserFamilyInfoTestCases -->
