<?xml version="1.0" encoding="UTF-8"?>
<!-- Generated by org.testng.reporters.JUnitReportReporter -->
<testsuite hostname="DESKTOP-AQHENNJ" failures="0" tests="1" name="com.nspl.agingoptions.Intakeform.testcases.IntakeActivationFormTestCases" time="60.666" errors="0" timestamp="2024-01-31T16:37:00 IST" skipped="0">
  <testcase classname="com.nspl.agingoptions.Intakeform.testcases.IntakeActivationFormTestCases" name="verify_TC038_ActivationFormAllElementVisibility" time="60.666"/>
  <system-out/>
</testsuite> <!-- com.nspl.agingoptions.Intakeform.testcases.IntakeActivationFormTestCases -->
