<?xml version="1.0" encoding="UTF-8"?>
<!-- Generated by org.testng.reporters.JUnitReportReporter -->
<testsuite hostname="DESKTOP-LA6T5Q8" failures="0" tests="6" name="com.nspl.agingoptions.healthpage.testcases.HealthInsuranceTestCases" time="214.817" errors="0" timestamp="2025-05-19T11:18:48 IST" skipped="0">
  <testcase classname="com.nspl.agingoptions.healthpage.testcases.HealthInsuranceTestCases" name="TC_027PrimaryMemberAddHealthInsuranceSaveAndContinueLaterButtonSameAsSpouse" time="33.354"/>
  <testcase classname="com.nspl.agingoptions.healthpage.testcases.HealthInsuranceTestCases" name="TC_028PrimaryMemberAddHealthInsuranceSaveAndAddAnotherButton" time="44.382"/>
  <testcase classname="com.nspl.agingoptions.healthpage.testcases.HealthInsuranceTestCases" name="TC_029PrimaryMemberAddHealthInsuranceSaveAndProceedToSpouseButton" time="32.975"/>
  <testcase classname="com.nspl.agingoptions.healthpage.testcases.HealthInsuranceTestCases" name="TC_030SpouseAddHealthInsuranceSaveAndContinueLaterButton" time="28.900"/>
  <testcase classname="com.nspl.agingoptions.healthpage.testcases.HealthInsuranceTestCases" name="TC_031SpouseAddHealthInsuranceSaveAndAddAnotherButton" time="38.855"/>
  <testcase classname="com.nspl.agingoptions.healthpage.testcases.HealthInsuranceTestCases" name="TC_032SpouseAddHealthInsuranceSaveAndProccedToMedicationButton" time="36.351"/>
</testsuite> <!-- com.nspl.agingoptions.healthpage.testcases.HealthInsuranceTestCases -->
