<?xml version="1.0" encoding="UTF-8"?>
<!-- Generated by org.testng.reporters.JUnitReportReporter -->
<testsuite hostname="DESKTOP-LA6T5Q8" failures="0" tests="1" name="com.nspl.agingoptions.healthpage.testcases.MarriedUserLifeStyleTestCases" time="51.766" errors="0" timestamp="2025-04-17T12:45:25 IST" skipped="0">
  <testcase classname="com.nspl.agingoptions.healthpage.testcases.MarriedUserLifeStyleTestCases" name="TC_007_Health_LifeStyleGeneralHealthNutritionDetails" time="51.766"/>
</testsuite> <!-- com.nspl.agingoptions.healthpage.testcases.MarriedUserLifeStyleTestCases -->
