<?xml version="1.0" encoding="UTF-8"?>
<!-- Generated by org.testng.reporters.JUnitReportReporter -->
<testsuite hostname="Dell" failures="0" tests="12" name="com.nspl.LegalInfoTestScript.FamilyLawAttorneyTestScripts" time="0.000" errors="0" timestamp="2025-05-22T09:45:20 IST" skipped="12">
  <testcase classname="com.nspl.LegalInfoTestScript.FamilyLawAttorneyTestScripts" name="VerifyFamilyLawAttorneyPageOnLegalProfessional" time="0.000">
    <skipped/>
  </testcase> <!-- VerifyFamilyLawAttorneyPageOnLegalProfessional -->
  <testcase classname="com.nspl.LegalInfoTestScript.FamilyLawAttorneyTestScripts" name="VerifyIdONotHaveFamilyLawAttorneyFunctionality" time="0.000">
    <skipped/>
  </testcase> <!-- VerifyIdONotHaveFamilyLawAttorneyFunctionality -->
  <testcase classname="com.nspl.LegalInfoTestScript.FamilyLawAttorneyTestScripts" name="VerifyClickIDoNotHaveFamilyLawAttorneyCheckBox" time="0.000">
    <skipped/>
  </testcase> <!-- VerifyClickIDoNotHaveFamilyLawAttorneyCheckBox -->
  <testcase classname="com.nspl.LegalInfoTestScript.FamilyLawAttorneyTestScripts" name="verifyToggleButton" time="0.000">
    <skipped/>
  </testcase> <!-- verifyToggleButton -->
  <testcase classname="com.nspl.LegalInfoTestScript.FamilyLawAttorneyTestScripts" name="verifyaddFamilyLawAttorneyForPraimaryMember" time="0.000">
    <skipped/>
  </testcase> <!-- verifyaddFamilyLawAttorneyForPraimaryMember -->
  <testcase classname="com.nspl.LegalInfoTestScript.FamilyLawAttorneyTestScripts" name="VerifySaveAndAddAnotherPrimaryMemberFamilyLawAttorney" time="0.000">
    <skipped/>
  </testcase> <!-- VerifySaveAndAddAnotherPrimaryMemberFamilyLawAttorney -->
  <testcase classname="com.nspl.LegalInfoTestScript.FamilyLawAttorneyTestScripts" name="VerifySaveAndproceedPrimaryMemberFamilyLawAttorneyDetails" time="0.000">
    <skipped/>
  </testcase> <!-- VerifySaveAndproceedPrimaryMemberFamilyLawAttorneyDetails -->
  <testcase classname="com.nspl.LegalInfoTestScript.FamilyLawAttorneyTestScripts" name="VerifySaveAndContinueSpouseFamilyLawAttorneyDetails" time="0.000">
    <skipped/>
  </testcase> <!-- VerifySaveAndContinueSpouseFamilyLawAttorneyDetails -->
  <testcase classname="com.nspl.LegalInfoTestScript.FamilyLawAttorneyTestScripts" name="VerifySaveAndAddAnotherSpouseFamilyLawAttorneyDetails" time="0.000">
    <skipped/>
  </testcase> <!-- VerifySaveAndAddAnotherSpouseFamilyLawAttorneyDetails -->
  <testcase classname="com.nspl.LegalInfoTestScript.FamilyLawAttorneyTestScripts" name="VerifySaveAndProceedSpouseFamilyLawAttorneyDetails" time="0.000">
    <skipped/>
  </testcase> <!-- VerifySaveAndProceedSpouseFamilyLawAttorneyDetails -->
  <testcase classname="com.nspl.LegalInfoTestScript.FamilyLawAttorneyTestScripts" name="VerifyClientFamilyLawAttorneyDetailsWithUncheckCopySamedataTospouseCheckBox" time="0.000">
    <skipped/>
  </testcase> <!-- VerifyClientFamilyLawAttorneyDetailsWithUncheckCopySamedataTospouseCheckBox -->
  <testcase classname="com.nspl.LegalInfoTestScript.FamilyLawAttorneyTestScripts" name="VerifyUpdateFamilyLawAttorneyDetails" time="0.000">
    <skipped/>
  </testcase> <!-- VerifyUpdateFamilyLawAttorneyDetails -->
</testsuite> <!-- com.nspl.LegalInfoTestScript.FamilyLawAttorneyTestScripts -->
