<?xml version="1.0" encoding="UTF-8"?>
<!-- Generated by org.testng.reporters.JUnitReportReporter -->
<testsuite hostname="Dell" failures="0" tests="5" name="com.nspl.LegalInfoTestScript.OrganDonationDetailsTestSripts" time="399.094" errors="0" timestamp="2025-05-12T14:05:46 IST" skipped="0">
  <testcase classname="com.nspl.LegalInfoTestScript.OrganDonationDetailsTestSripts" name="VerifyOrganDonationDetailsPage" time="15.612"/>
  <testcase classname="com.nspl.LegalInfoTestScript.OrganDonationDetailsTestSripts" name="VerifySaveAndContinueWishToDonateYourBodyForScientificResearch_Yes" time="95.887"/>
  <testcase classname="com.nspl.LegalInfoTestScript.OrganDonationDetailsTestSripts" name="VerifyDoYouWishToBeAnOrganDonnerYes" time="95.802"/>
  <testcase classname="com.nspl.LegalInfoTestScript.OrganDonationDetailsTestSripts" name="VerifySaveAndProceedDoYouWishToBeAnOrganDonnerNo" time="95.882"/>
  <testcase classname="com.nspl.LegalInfoTestScript.OrganDonationDetailsTestSripts" name="VerifySaveAndContinueDoYouWishToBeAnOrganDonnerYes" time="95.911"/>
</testsuite> <!-- com.nspl.LegalInfoTestScript.OrganDonationDetailsTestSripts -->
