<?xml version="1.0" encoding="UTF-8"?>
<!-- Generated by org.testng.reporters.JUnitReportReporter -->
<testsuite hostname="DESKTOP-LA6T5Q8" failures="0" tests="6" name="com.nspl.agingoptions.healthpage.testcases.MarriedUserHealthInfoTestCases" time="119.608" errors="0" timestamp="2025-03-29T20:44:55 IST" skipped="0">
  <testcase classname="com.nspl.agingoptions.healthpage.testcases.MarriedUserHealthInfoTestCases" name="Personal_MedicalHistoryPage_Health_001" time="22.060"/>
  <testcase classname="com.nspl.agingoptions.healthpage.testcases.MarriedUserHealthInfoTestCases" name="personal_Medical_History_MedicalConditionsElementVisibility_Health_002" time="17.521"/>
  <testcase classname="com.nspl.agingoptions.healthpage.testcases.MarriedUserHealthInfoTestCases" name="personal_Medical_History_EnvironmentalLifeStyleFactorsElementVisibility_Health_003" time="8.668"/>
  <testcase classname="com.nspl.agingoptions.healthpage.testcases.MarriedUserHealthInfoTestCases" name="personal_Medical_History_BloodTypeSelection_Health_004_" time="20.163"/>
  <testcase classname="com.nspl.agingoptions.healthpage.testcases.MarriedUserHealthInfoTestCases" name="personal_Medical_History_MedicalConditionElement_Health_005_" time="25.798"/>
  <testcase classname="com.nspl.agingoptions.healthpage.testcases.MarriedUserHealthInfoTestCases" name="personal_Medical_History_EnvironmentalLifestyleFactorsDetails_Health_006_" time="25.398"/>
</testsuite> <!-- com.nspl.agingoptions.healthpage.testcases.MarriedUserHealthInfoTestCases -->
