<?xml version="1.0" encoding="UTF-8"?>
<!-- Generated by org.testng.reporters.JUnitReportReporter -->
<testsuite hostname="DESKTOP-LA6T5Q8" failures="0" tests="6" name="com.nspl.agingoptions.financepage.testcases.LongTermCarePolicyTestCases" time="156.205" errors="0" timestamp="2025-05-19T11:18:48 IST" skipped="0">
  <testcase classname="com.nspl.agingoptions.financepage.testcases.LongTermCarePolicyTestCases" name="FTC_022_PrimaryMemberLongTermCarePolicySaveContinueLaterButton" time="14.794"/>
  <testcase classname="com.nspl.agingoptions.financepage.testcases.LongTermCarePolicyTestCases" name="FTC_023_PrimaryMemberLongTermCarePolicySaveAddAnotherButton" time="23.527"/>
  <testcase classname="com.nspl.agingoptions.financepage.testcases.LongTermCarePolicyTestCases" name="FTC_024_PrimaryMemberLongTermCarePolicySaveProceedToSpouseButton" time="34.450"/>
  <testcase classname="com.nspl.agingoptions.financepage.testcases.LongTermCarePolicyTestCases" name="FTC_025_SpouseLongTermCarePolicySaveContinueLaterButton" time="22.475"/>
  <testcase classname="com.nspl.agingoptions.financepage.testcases.LongTermCarePolicyTestCases" name="FTC_026_SpouseLongTermCarePolicySaveAddAnotherButton" time="19.453"/>
  <testcase classname="com.nspl.agingoptions.financepage.testcases.LongTermCarePolicyTestCases" name="FTC_027_SpouseLongTermCarePolicySaveProceedToSpouseButton" time="41.506"/>
</testsuite> <!-- com.nspl.agingoptions.financepage.testcases.LongTermCarePolicyTestCases -->
