<?xml version="1.0" encoding="UTF-8"?>
<!-- Generated by org.testng.reporters.JUnitReportReporter -->
<testsuite hostname="DESKTOP-LA6T5Q8" failures="0" tests="1" name="com.nspl.agingoptions.healthpage.testcases.PrimaryCarePhysicianTestCases" time="26.999" errors="0" timestamp="2025-04-09T10:28:13 IST" skipped="0">
  <testcase classname="com.nspl.agingoptions.healthpage.testcases.PrimaryCarePhysicianTestCases" name="TC_015_PrimaryMemberIDontHavePrimaryCarePhyscian" time="26.999"/>
</testsuite> <!-- com.nspl.agingoptions.healthpage.testcases.PrimaryCarePhysicianTestCases -->
