<?xml version="1.0" encoding="UTF-8"?>
<!-- Generated by org.testng.reporters.JUnitReportReporter -->
<testsuite hostname="DESKTOP-LA6T5Q8" failures="0" tests="3" name="com.nspl.agingoptions.healthpage.testcases.MarriedUserLifeStyleTestCases" time="71.738" errors="0" timestamp="2025-03-29T20:44:55 IST" skipped="0">
  <testcase classname="com.nspl.agingoptions.healthpage.testcases.MarriedUserLifeStyleTestCases" name="LifeStyleGeneralHealthNutritionDetailsHealth_TC_007" time="27.200"/>
  <testcase classname="com.nspl.agingoptions.healthpage.testcases.MarriedUserLifeStyleTestCases" name="Health_InputSubstanceUseDetails_TC_008" time="25.068"/>
  <testcase classname="com.nspl.agingoptions.healthpage.testcases.MarriedUserLifeStyleTestCases" name="Health_InputSocialHabitsDetails_TC_09" time="19.470"/>
</testsuite> <!-- com.nspl.agingoptions.healthpage.testcases.MarriedUserLifeStyleTestCases -->
