<?xml version="1.0" encoding="UTF-8"?>
<!-- Generated by org.testng.reporters.JUnitReportReporter -->
<testsuite hostname="DESKTOP-LA6T5Q8" failures="0" tests="6" name="com.nspl.agingoptions.healthpage.testcases.MarriedUserFamilyMedicalHistoryTestCases" time="697.436" errors="0" timestamp="2025-04-04T17:31:47 IST" skipped="1">
  <testcase classname="com.nspl.agingoptions.healthpage.testcases.MarriedUserFamilyMedicalHistoryTestCases" name="TC_010_Health_FamilyMedicalHistoryLivingParentInfoDetails" time="34.833"/>
  <testcase classname="com.nspl.agingoptions.healthpage.testcases.MarriedUserFamilyMedicalHistoryTestCases" name="TC_011_Health_familyMedicalHistoryNonLivingParentInfoDetails" time="31.694"/>
  <testcase classname="com.nspl.agingoptions.healthpage.testcases.MarriedUserFamilyMedicalHistoryTestCases" name="TC_012_FamilyMedicalHistoryNonLivingParentInfoDetails" time="31.123"/>
  <testcase classname="com.nspl.agingoptions.healthpage.testcases.MarriedUserFamilyMedicalHistoryTestCases" name="TC_013_FamilyMedicalHistoryMyFamilyMedicalHistoryYesRadioButton" time="90.336"/>
  <testcase classname="com.nspl.agingoptions.healthpage.testcases.MarriedUserFamilyMedicalHistoryTestCases" name="TC_014_FamilyMedicalHistoryMyFamilyMedicalHistoryNoRadioButton" time="470.797"/>
  <testcase classname="com.nspl.agingoptions.healthpage.testcases.MarriedUserFamilyMedicalHistoryTestCases" name="TC_014_FamilyMedicalHistoryMyFamilyMedicalHistoryNoRadioButton" time="38.653">
    <skipped/>
  </testcase> <!-- TC_014_FamilyMedicalHistoryMyFamilyMedicalHistoryNoRadioButton -->
</testsuite> <!-- com.nspl.agingoptions.healthpage.testcases.MarriedUserFamilyMedicalHistoryTestCases -->
