<?xml version="1.0" encoding="UTF-8"?>
<!-- Generated by org.testng.reporters.JUnitReportReporter -->
<testsuite hostname="DESKTOP-LA6T5Q8" failures="0" tests="1" name="com.nspl.agingoptions.healthpage.testcases.MarriedUserFamilyMedicalHistoryTestCases" time="40.874" errors="0" timestamp="2025-04-14T12:59:37 IST" skipped="0">
  <testcase classname="com.nspl.agingoptions.healthpage.testcases.MarriedUserFamilyMedicalHistoryTestCases" name="TC_014_FamilyMedicalHistoryMyFamilyMedicalHistoryNoRadioButton" time="40.874"/>
</testsuite> <!-- com.nspl.agingoptions.healthpage.testcases.MarriedUserFamilyMedicalHistoryTestCases -->
