<?xml version="1.0" encoding="UTF-8"?>
<!-- Generated by org.testng.reporters.JUnitReportReporter -->
<testsuite hostname="DESKTOP-LA6T5Q8" failures="0" tests="7" name="com.nspl.agingoptions.financepage.testcases.FinancialAdvisorTestCases" time="213.238" errors="0" timestamp="2025-05-25T18:17:42 IST" skipped="2">
  <testcase classname="com.nspl.agingoptions.financepage.testcases.FinancialAdvisorTestCases" name="FTC_042_PrimaryMemberSaveContinueLaterButton" time="44.190"/>
  <testcase classname="com.nspl.agingoptions.financepage.testcases.FinancialAdvisorTestCases" name="FTC_043_PrimaryMemberSaveAddAnotherButton" time="39.347"/>
  <testcase classname="com.nspl.agingoptions.financepage.testcases.FinancialAdvisorTestCases" name="FTC_044_PrimaryMemberSaveAndProceedToSpouseButton" time="40.487"/>
  <testcase classname="com.nspl.agingoptions.financepage.testcases.FinancialAdvisorTestCases" name="FTC_045_SpouseSaveContinueLaterButton" time="43.495"/>
  <testcase classname="com.nspl.agingoptions.financepage.testcases.FinancialAdvisorTestCases" name="FTC_046_SpouseSaveAndAddAnotherButton" time="45.719"/>
  <testcase classname="com.nspl.agingoptions.financepage.testcases.FinancialAdvisorTestCases" name="FTC_040_PrimaryIDontHaveFinancialAdvisor">
    <skipped/>
  </testcase> <!-- FTC_040_PrimaryIDontHaveFinancialAdvisor -->
  <testcase classname="com.nspl.agingoptions.financepage.testcases.FinancialAdvisorTestCases" name="FTC_041_SpouseIDontHaveFinancialAdvisor">
    <skipped/>
  </testcase> <!-- FTC_041_SpouseIDontHaveFinancialAdvisor -->
</testsuite> <!-- com.nspl.agingoptions.financepage.testcases.FinancialAdvisorTestCases -->
