<?xml version="1.0" encoding="UTF-8"?>
<!-- Generated by org.testng.reporters.JUnitReportReporter -->
<testsuite hostname="Dell" failures="0" tests="12" name="com.nspl.LegalInfoTestScript.LegalProfessionalBusinessSuccessior" time="0.000" errors="0" timestamp="2025-05-22T09:45:20 IST" skipped="12">
  <testcase classname="com.nspl.LegalInfoTestScript.LegalProfessionalBusinessSuccessior" name="VerifyBusinessSuccessiorPageLegalProfessional" time="0.000">
    <skipped/>
  </testcase> <!-- VerifyBusinessSuccessiorPageLegalProfessional -->
  <testcase classname="com.nspl.LegalInfoTestScript.LegalProfessionalBusinessSuccessior" name="VerifyIdONotHaveBusinessSuccessiorFunctionality" time="0.000">
    <skipped/>
  </testcase> <!-- VerifyIdONotHaveBusinessSuccessiorFunctionality -->
  <testcase classname="com.nspl.LegalInfoTestScript.LegalProfessionalBusinessSuccessior" name="VerifyClickIDoNotHaveBusinessSuccessiorCheckBox" time="0.000">
    <skipped/>
  </testcase> <!-- VerifyClickIDoNotHaveBusinessSuccessiorCheckBox -->
  <testcase classname="com.nspl.LegalInfoTestScript.LegalProfessionalBusinessSuccessior" name="verifyToggleButton" time="0.000">
    <skipped/>
  </testcase> <!-- verifyToggleButton -->
  <testcase classname="com.nspl.LegalInfoTestScript.LegalProfessionalBusinessSuccessior" name="verifyaddBusinessSuccessiorForPraimaryMember" time="0.000">
    <skipped/>
  </testcase> <!-- verifyaddBusinessSuccessiorForPraimaryMember -->
  <testcase classname="com.nspl.LegalInfoTestScript.LegalProfessionalBusinessSuccessior" name="VerifySaveAndAddAnotherPrimaryMemberBusinessSuccessior" time="0.000">
    <skipped/>
  </testcase> <!-- VerifySaveAndAddAnotherPrimaryMemberBusinessSuccessior -->
  <testcase classname="com.nspl.LegalInfoTestScript.LegalProfessionalBusinessSuccessior" name="VerifySaveAndproceedPrimaryMemberBusinessSuccessiorDetails" time="0.000">
    <skipped/>
  </testcase> <!-- VerifySaveAndproceedPrimaryMemberBusinessSuccessiorDetails -->
  <testcase classname="com.nspl.LegalInfoTestScript.LegalProfessionalBusinessSuccessior" name="VerifySaveAndContinueSpouseBusinessSuccessiorDetails" time="0.000">
    <skipped/>
  </testcase> <!-- VerifySaveAndContinueSpouseBusinessSuccessiorDetails -->
  <testcase classname="com.nspl.LegalInfoTestScript.LegalProfessionalBusinessSuccessior" name="VerifySaveAndAddAnotherSpouseBusinessSuccessiorDetails" time="0.000">
    <skipped/>
  </testcase> <!-- VerifySaveAndAddAnotherSpouseBusinessSuccessiorDetails -->
  <testcase classname="com.nspl.LegalInfoTestScript.LegalProfessionalBusinessSuccessior" name="VerifySaveAndProceedSpouseBusinessSuccessiorDetails" time="0.000">
    <skipped/>
  </testcase> <!-- VerifySaveAndProceedSpouseBusinessSuccessiorDetails -->
  <testcase classname="com.nspl.LegalInfoTestScript.LegalProfessionalBusinessSuccessior" name="VerifyClientBusinessSuccessiorDetailsWithUncheckCopySamedataTospouseCheckBox" time="0.000">
    <skipped/>
  </testcase> <!-- VerifyClientBusinessSuccessiorDetailsWithUncheckCopySamedataTospouseCheckBox -->
  <testcase classname="com.nspl.LegalInfoTestScript.LegalProfessionalBusinessSuccessior" name="VerifyUpdateBusinessSuccessiorDetails" time="0.000">
    <skipped/>
  </testcase> <!-- VerifyUpdateBusinessSuccessiorDetails -->
</testsuite> <!-- com.nspl.LegalInfoTestScript.LegalProfessionalBusinessSuccessior -->
