<?xml version="1.0" encoding="UTF-8"?>
<!-- Generated by org.testng.reporters.JUnitReportReporter -->
<testsuite hostname="DESKTOP-LA6T5Q8" failures="0" tests="2" name="com.nspl.agingoptions.financepage.testcases.Non_RetirementTestCases" time="153.045" errors="0" timestamp="2025-04-09T17:20:27 IST" skipped="0">
  <testcase classname="com.nspl.agingoptions.financepage.testcases.Non_RetirementTestCases" name="FT001_Non_RetirementSaveContinueLaterButton" time="55.316"/>
  <testcase classname="com.nspl.agingoptions.financepage.testcases.Non_RetirementTestCases" name="FT002_Non_RetirementSaveAddAnotherButton" time="97.729"/>
</testsuite> <!-- com.nspl.agingoptions.financepage.testcases.Non_RetirementTestCases -->
