<?xml version="1.0" encoding="UTF-8"?>
<!-- Generated by org.testng.reporters.JUnitReportReporter -->
<testsuite hostname="DESKTOP-LA6T5Q8" failures="0" tests="3" name="com.nspl.agingoptions.financepage.testcases.BusinessInterestTestCases" time="126.400" errors="0" timestamp="2025-05-19T11:18:48 IST" skipped="0">
  <testcase classname="com.nspl.agingoptions.financepage.testcases.BusinessInterestTestCases" name="FTC_010_BusinessInterestSaveContinueLaterButton" time="53.825"/>
  <testcase classname="com.nspl.agingoptions.financepage.testcases.BusinessInterestTestCases" name="FTC_011_BusinessInterestSaveAddAnotherButton" time="41.715"/>
  <testcase classname="com.nspl.agingoptions.financepage.testcases.BusinessInterestTestCases" name="FTC_012_BusinessInterestSaveAddAnotherButton" time="30.860"/>
</testsuite> <!-- com.nspl.agingoptions.financepage.testcases.BusinessInterestTestCases -->
