<?xml version="1.0" encoding="UTF-8"?>
<!-- Generated by org.testng.reporters.JUnitReportReporter -->
<testsuite hostname="DESKTOP-LA6T5Q8" failures="0" tests="8" name="com.nspl.agingoptions.financepage.testcases.AccountantTestCases" time="279.090" errors="0" timestamp="2025-05-22T17:20:26 IST" skipped="0">
  <testcase classname="com.nspl.agingoptions.financepage.testcases.AccountantTestCases" name="FTC_047_PrimaryMemberIDontHaveCheckBox" time="17.369"/>
  <testcase classname="com.nspl.agingoptions.financepage.testcases.AccountantTestCases" name="FTC_048_SpouseIDontHaveCheckBox" time="19.322"/>
  <testcase classname="com.nspl.agingoptions.financepage.testcases.AccountantTestCases" name="FTC_049_PrimaryMemberSaveContinueLaterButton" time="38.625"/>
  <testcase classname="com.nspl.agingoptions.financepage.testcases.AccountantTestCases" name="FTC_050_PrimaryMemberSaveAddAnotherButton" time="39.213"/>
  <testcase classname="com.nspl.agingoptions.financepage.testcases.AccountantTestCases" name="FTC_051_PrimaryMemberSaveAndProceedToSpouseButton" time="41.324"/>
  <testcase classname="com.nspl.agingoptions.financepage.testcases.AccountantTestCases" name="FTC_052_SpouseSaveContinueLaterButton" time="38.501"/>
  <testcase classname="com.nspl.agingoptions.financepage.testcases.AccountantTestCases" name="FTC_053_SpouseSaveAddAnotherButton" time="43.266"/>
  <testcase classname="com.nspl.agingoptions.financepage.testcases.AccountantTestCases" name="FTC_054_SpouseSaveAndProceedToBookkeeperButton" time="41.470"/>
</testsuite> <!-- com.nspl.agingoptions.financepage.testcases.AccountantTestCases -->
