<?xml version="1.0" encoding="UTF-8"?>
<!-- Generated by org.testng.reporters.JUnitReportReporter -->
<testsuite hostname="DESKTOP-LA6T5Q8" failures="0" tests="6" name="com.nspl.agingoptions.healthpage.testcases.HealthInsuranceTestCases" time="0.000" errors="0" timestamp="2025-04-06T17:54:01 IST" skipped="6">
  <testcase classname="com.nspl.agingoptions.healthpage.testcases.HealthInsuranceTestCases" name="TC_027PrimaryMemberAddHealthInsuranceSaveAndContinueLaterButtonSameAsSpouse" time="0.000">
    <skipped/>
  </testcase> <!-- TC_027PrimaryMemberAddHealthInsuranceSaveAndContinueLaterButtonSameAsSpouse -->
  <testcase classname="com.nspl.agingoptions.healthpage.testcases.HealthInsuranceTestCases" name="TC_028PrimaryMemberAddHealthInsuranceSaveAndAddAnotherButton" time="0.000">
    <skipped/>
  </testcase> <!-- TC_028PrimaryMemberAddHealthInsuranceSaveAndAddAnotherButton -->
  <testcase classname="com.nspl.agingoptions.healthpage.testcases.HealthInsuranceTestCases" name="TC_029PrimaryMemberAddHealthInsuranceSaveAndProceedToSpouseButton" time="0.000">
    <skipped/>
  </testcase> <!-- TC_029PrimaryMemberAddHealthInsuranceSaveAndProceedToSpouseButton -->
  <testcase classname="com.nspl.agingoptions.healthpage.testcases.HealthInsuranceTestCases" name="TC_030SpouseAddHealthInsuranceSaveAndContinueLaterButton" time="0.000">
    <skipped/>
  </testcase> <!-- TC_030SpouseAddHealthInsuranceSaveAndContinueLaterButton -->
  <testcase classname="com.nspl.agingoptions.healthpage.testcases.HealthInsuranceTestCases" name="TC_031SpouseAddHealthInsuranceSaveAndAddAnotherButton" time="0.000">
    <skipped/>
  </testcase> <!-- TC_031SpouseAddHealthInsuranceSaveAndAddAnotherButton -->
  <testcase classname="com.nspl.agingoptions.healthpage.testcases.HealthInsuranceTestCases" name="TC_032SpouseAddHealthInsuranceSaveAndProccedToMedicationButton" time="0.000">
    <skipped/>
  </testcase> <!-- TC_032SpouseAddHealthInsuranceSaveAndProccedToMedicationButton -->
</testsuite> <!-- com.nspl.agingoptions.healthpage.testcases.HealthInsuranceTestCases -->
