<?xml version="1.0" encoding="UTF-8"?>
<!-- Generated by org.testng.reporters.JUnitReportReporter -->
<testsuite hostname="DESKTOP-LA6T5Q8" failures="0" tests="1" name="com.nspl.agingoptions.healthpage.testcases.PrimaryCarePhysicianTestCases" time="64.010" errors="0" timestamp="2025-05-19T11:37:23 IST" skipped="0">
  <testcase classname="com.nspl.agingoptions.healthpage.testcases.PrimaryCarePhysicianTestCases" name="TC_017_inputPrimaryMemberCarePhysicianAndSave" time="64.010"/>
</testsuite> <!-- com.nspl.agingoptions.healthpage.testcases.PrimaryCarePhysicianTestCases -->
