<?xml version="1.0" encoding="UTF-8"?>
<!-- Generated by org.testng.reporters.JUnitReportReporter -->
<testsuite hostname="DESKTOP-LA6T5Q8" failures="0" tests="42" name="com.nspl.agingoptions.Intakeform.testcases.ActivationFormTestCases" time="0.006" errors="1" timestamp="2025-03-18T20:53:15 IST" skipped="41">
  <testcase classname="com.nspl.agingoptions.Intakeform.testcases.ActivationFormTestCases" name="beforeClass" time="0.001">
    <error message="Cannot invoke &quot;String.contains(java.lang.CharSequence)&quot; because &quot;browserName&quot; is null" type="java.lang.NullPointerException">
      <![CDATA[java.lang.NullPointerException: Cannot invoke "String.contains(java.lang.CharSequence)" because "browserName" is null
at com.nspl.agingoptions.webUtil.WebUtil.launchBrowserHeadlessMode(WebUtil.java:119)
at com.nspl.agingoptions.webUtil.BaseTest.beforeClass(BaseTest.java:47)
at java.base/jdk.internal.reflect.DirectMethodHandleAccessor.invoke(DirectMethodHandleAccessor.java:103)
at java.base/java.lang.reflect.Method.invoke(Method.java:580)
at org.testng.internal.invokers.MethodInvocationHelper.invokeMethod(MethodInvocationHelper.java:141)
at org.testng.internal.invokers.MethodInvocationHelper.invokeMethodConsideringTimeout(MethodInvocationHelper.java:71)
at org.testng.internal.invokers.ConfigInvoker.invokeConfigurationMethod(ConfigInvoker.java:400)
at org.testng.internal.invokers.ConfigInvoker.invokeConfigurations(ConfigInvoker.java:333)
at org.testng.internal.invokers.TestMethodWorker.invokeBeforeClassMethods(TestMethodWorker.java:188)
at org.testng.internal.invokers.TestMethodWorker.run(TestMethodWorker.java:128)
at java.base/java.util.ArrayList.forEach(ArrayList.java:1596)
at org.testng.TestRunner.privateRun(TestRunner.java:741)
at org.testng.TestRunner.run(TestRunner.java:616)
at org.testng.SuiteRunner.runTest(SuiteRunner.java:421)
at org.testng.SuiteRunner.runSequentially(SuiteRunner.java:413)
at org.testng.SuiteRunner.privateRun(SuiteRunner.java:373)
at org.testng.SuiteRunner.run(SuiteRunner.java:312)
at org.testng.SuiteRunnerWorker.runSuite(SuiteRunnerWorker.java:52)
at org.testng.SuiteRunnerWorker.run(SuiteRunnerWorker.java:95)
at org.testng.TestNG.runSuitesSequentially(TestNG.java:1274)
at org.testng.TestNG.runSuitesLocally(TestNG.java:1208)
at org.testng.TestNG.runSuites(TestNG.java:1112)
at org.testng.TestNG.run(TestNG.java:1079)
at org.testng.remote.AbstractRemoteTestNG.run(AbstractRemoteTestNG.java:115)
at org.testng.remote.RemoteTestNG.initAndRun(RemoteTestNG.java:293)
at org.testng.remote.RemoteTestNG.main(RemoteTestNG.java:91)
]]>
    </error>
  </testcase> <!-- beforeClass -->
  <testcase classname="com.nspl.agingoptions.Intakeform.testcases.ActivationFormTestCases" name="TC038_ActivationFormAllElementVisibility" time="0.001">
    <skipped/>
  </testcase> <!-- TC038_ActivationFormAllElementVisibility -->
  <testcase classname="com.nspl.agingoptions.Intakeform.testcases.ActivationFormTestCases" name="TC039_Select_Married_RelationshipStatusDD_ElementVisiblityActivationForm" time="0.000">
    <skipped/>
  </testcase> <!-- TC039_Select_Married_RelationshipStatusDD_ElementVisiblityActivationForm -->
  <testcase classname="com.nspl.agingoptions.Intakeform.testcases.ActivationFormTestCases" name="TC040_Select_LivingTogether_RelationshipStatusDD_ElementVisiblityActivationForm" time="0.000">
    <skipped/>
  </testcase> <!-- TC040_Select_LivingTogether_RelationshipStatusDD_ElementVisiblityActivationForm -->
  <testcase classname="com.nspl.agingoptions.Intakeform.testcases.ActivationFormTestCases" name="TC041_Select_Single_RelationshipStatusDD_ElementVisiblityActivationForm" time="0.000">
    <skipped/>
  </testcase> <!-- TC041_Select_Single_RelationshipStatusDD_ElementVisiblityActivationForm -->
  <testcase classname="com.nspl.agingoptions.Intakeform.testcases.ActivationFormTestCases" name="TC042_Select_Widowed_RelationshipStatusDD_ElementVisiblityActivationForm" time="0.001">
    <skipped/>
  </testcase> <!-- TC042_Select_Widowed_RelationshipStatusDD_ElementVisiblityActivationForm -->
  <testcase classname="com.nspl.agingoptions.Intakeform.testcases.ActivationFormTestCases" name="TC043_Select_Divorced_RelationshipStatusDD_ElementVisibilitActivitionForm" time="0.000">
    <skipped/>
  </testcase> <!-- TC043_Select_Divorced_RelationshipStatusDD_ElementVisibilitActivitionForm -->
  <testcase classname="com.nspl.agingoptions.Intakeform.testcases.ActivationFormTestCases" name="TC044_RegisterDataShouldBeActivationForm" time="0.000">
    <skipped/>
  </testcase> <!-- TC044_RegisterDataShouldBeActivationForm -->
  <testcase classname="com.nspl.agingoptions.Intakeform.testcases.ActivationFormTestCases" name="TC045_WithBlankCredentialClickSubmitButtonActivationForm" time="0.000">
    <skipped/>
  </testcase> <!-- TC045_WithBlankCredentialClickSubmitButtonActivationForm -->
  <testcase classname="com.nspl.agingoptions.Intakeform.testcases.ActivationFormTestCases" name="TC046_LogoutFromApplicationWhenClickYesButton" time="0.000">
    <skipped/>
  </testcase> <!-- TC046_LogoutFromApplicationWhenClickYesButton -->
  <testcase classname="com.nspl.agingoptions.Intakeform.testcases.ActivationFormTestCases" name="TC047_UnableToLogoutWhenClickNoButton" time="0.000">
    <skipped/>
  </testcase> <!-- TC047_UnableToLogoutWhenClickNoButton -->
  <testcase classname="com.nspl.agingoptions.Intakeform.testcases.ActivationFormTestCases" name="TC049_BlankPinCodeInIntakeForm" time="0.000">
    <skipped/>
  </testcase> <!-- TC049_BlankPinCodeInIntakeForm -->
  <testcase classname="com.nspl.agingoptions.Intakeform.testcases.ActivationFormTestCases" name="TC050_BlankCity" time="0.000">
    <skipped/>
  </testcase> <!-- TC050_BlankCity -->
  <testcase classname="com.nspl.agingoptions.Intakeform.testcases.ActivationFormTestCases" name="TC051_MarriedWithBlankFirstName" time="0.000">
    <skipped/>
  </testcase> <!-- TC051_MarriedWithBlankFirstName -->
  <testcase classname="com.nspl.agingoptions.Intakeform.testcases.ActivationFormTestCases" name="TC052_SelectMarriedEnterUserInfoSpouceInfoVisiblePersonInfoPage" time="0.002">
    <skipped/>
  </testcase> <!-- TC052_SelectMarriedEnterUserInfoSpouceInfoVisiblePersonInfoPage -->
  <testcase classname="com.nspl.agingoptions.Intakeform.testcases.ActivationFormTestCases" name="TC053_SelectLivingTogetherEnterUserInfoPartnerInfoShouldBeVisiblePersonInfoPage" time="0.000">
    <skipped/>
  </testcase> <!-- TC053_SelectLivingTogetherEnterUserInfoPartnerInfoShouldBeVisiblePersonInfoPage -->
  <testcase classname="com.nspl.agingoptions.Intakeform.testcases.ActivationFormTestCases" name="TC054_SelectSingleEnterUserInfoShouldBeVisiblePersonInfoPage" time="0.000">
    <skipped/>
  </testcase> <!-- TC054_SelectSingleEnterUserInfoShouldBeVisiblePersonInfoPage -->
  <testcase classname="com.nspl.agingoptions.Intakeform.testcases.ActivationFormTestCases" name="TC055_SelectWidowedEnterUserInfoShouldBeVisiblePersonInfoPage" time="0.000">
    <skipped/>
  </testcase> <!-- TC055_SelectWidowedEnterUserInfoShouldBeVisiblePersonInfoPage -->
  <testcase classname="com.nspl.agingoptions.Intakeform.testcases.ActivationFormTestCases" name="TC056_SelectDivorcedEnterUserInfoShouldBeVisiblePersonInfoPage" time="0.000">
    <skipped/>
  </testcase> <!-- TC056_SelectDivorcedEnterUserInfoShouldBeVisiblePersonInfoPage -->
  <testcase classname="com.nspl.agingoptions.Intakeform.testcases.ActivationFormTestCases" name="TC057_EachDropDownElementInActivationForm" time="0.000">
    <skipped/>
  </testcase> <!-- TC057_EachDropDownElementInActivationForm -->
  <testcase classname="com.nspl.agingoptions.Intakeform.testcases.ActivationFormTestCases" name="TC060_EnteredNameEmailShouldbeBesideLogo" time="0.000">
    <skipped/>
  </testcase> <!-- TC060_EnteredNameEmailShouldbeBesideLogo -->
  <testcase classname="com.nspl.agingoptions.Intakeform.testcases.ActivationFormTestCases" name="TC061_SelectSingleRelationshipDDWhenAge_17_100_18" time="0.000">
    <skipped/>
  </testcase> <!-- TC061_SelectSingleRelationshipDDWhenAge_17_100_18 -->
  <testcase classname="com.nspl.agingoptions.Intakeform.testcases.ActivationFormTestCases" name="TC062_WhenSelectSingleRelationshipDDUserAge19" time="0.000">
    <skipped/>
  </testcase> <!-- TC062_WhenSelectSingleRelationshipDDUserAge19 -->
  <testcase classname="com.nspl.agingoptions.Intakeform.testcases.ActivationFormTestCases" name="TC063_WhenSelectSingleRelationshipDDUserAge101_99" time="0.000">
    <skipped/>
  </testcase> <!-- TC063_WhenSelectSingleRelationshipDDUserAge101_99 -->
  <testcase classname="com.nspl.agingoptions.Intakeform.testcases.ActivationFormTestCases" name="TC064_SelectMarriedRelationshipDDUserAge_17_100_18" time="0.000">
    <skipped/>
  </testcase> <!-- TC064_SelectMarriedRelationshipDDUserAge_17_100_18 -->
  <testcase classname="com.nspl.agingoptions.Intakeform.testcases.ActivationFormTestCases" name="TC065_WhenSelectMarriedRelationshipDDUserAge19" time="0.000">
    <skipped/>
  </testcase> <!-- TC065_WhenSelectMarriedRelationshipDDUserAge19 -->
  <testcase classname="com.nspl.agingoptions.Intakeform.testcases.ActivationFormTestCases" name="TC066_WhenSelectMarriedRelationshipDDUserAge_101_99" time="0.000">
    <skipped/>
  </testcase> <!-- TC066_WhenSelectMarriedRelationshipDDUserAge_101_99 -->
  <testcase classname="com.nspl.agingoptions.Intakeform.testcases.ActivationFormTestCases" name="TC067_SelectLivingTogetherRelationshipDDUserAge_17_100_18" time="0.000">
    <skipped/>
  </testcase> <!-- TC067_SelectLivingTogetherRelationshipDDUserAge_17_100_18 -->
  <testcase classname="com.nspl.agingoptions.Intakeform.testcases.ActivationFormTestCases" name="TC068_WhenSelectLivingTogetherRelationshipDDUserAge19" time="0.000">
    <skipped/>
  </testcase> <!-- TC068_WhenSelectLivingTogetherRelationshipDDUserAge19 -->
  <testcase classname="com.nspl.agingoptions.Intakeform.testcases.ActivationFormTestCases" name="TC069_WhenSelectLivingTogetherRelationshipDDUserAge_101_99" time="0.000">
    <skipped/>
  </testcase> <!-- TC069_WhenSelectLivingTogetherRelationshipDDUserAge_101_99 -->
  <testcase classname="com.nspl.agingoptions.Intakeform.testcases.ActivationFormTestCases" name="TC070_SelectWidowedRelationshipDDUserAge_17_100_18" time="0.000">
    <skipped/>
  </testcase> <!-- TC070_SelectWidowedRelationshipDDUserAge_17_100_18 -->
  <testcase classname="com.nspl.agingoptions.Intakeform.testcases.ActivationFormTestCases" name="TC071_SelectWidowedRelationshipDDUserAge19" time="0.000">
    <skipped/>
  </testcase> <!-- TC071_SelectWidowedRelationshipDDUserAge19 -->
  <testcase classname="com.nspl.agingoptions.Intakeform.testcases.ActivationFormTestCases" name="TC072_SelectWidowedRelationshipDDUserAge_101_99" time="0.000">
    <skipped/>
  </testcase> <!-- TC072_SelectWidowedRelationshipDDUserAge_101_99 -->
  <testcase classname="com.nspl.agingoptions.Intakeform.testcases.ActivationFormTestCases" name="TC073_SelectDivorcedRelationshipDDUserAge_17_100_18" time="0.000">
    <skipped/>
  </testcase> <!-- TC073_SelectDivorcedRelationshipDDUserAge_17_100_18 -->
  <testcase classname="com.nspl.agingoptions.Intakeform.testcases.ActivationFormTestCases" name="TC074_SelectDivorcedRelationshipDDUserAge19" time="0.000">
    <skipped/>
  </testcase> <!-- TC074_SelectDivorcedRelationshipDDUserAge19 -->
  <testcase classname="com.nspl.agingoptions.Intakeform.testcases.ActivationFormTestCases" name="TC075_SelectDivorcedRelationshipDDUserAge_101_99" time="0.000">
    <skipped/>
  </testcase> <!-- TC075_SelectDivorcedRelationshipDDUserAge_101_99 -->
  <testcase classname="com.nspl.agingoptions.Intakeform.testcases.ActivationFormTestCases" name="TC076_EditWidowedSpouceDetailPersonInfoPage" time="0.000">
    <skipped/>
  </testcase> <!-- TC076_EditWidowedSpouceDetailPersonInfoPage -->
  <testcase classname="com.nspl.agingoptions.Intakeform.testcases.ActivationFormTestCases" name="TC077_SelectMarriedVerifyPlaceHolderName" time="0.000">
    <skipped/>
  </testcase> <!-- TC077_SelectMarriedVerifyPlaceHolderName -->
  <testcase classname="com.nspl.agingoptions.Intakeform.testcases.ActivationFormTestCases" name="TC078_SelectLivingTogetherVerifyPlaceHolderName" time="0.001">
    <skipped/>
  </testcase> <!-- TC078_SelectLivingTogetherVerifyPlaceHolderName -->
  <testcase classname="com.nspl.agingoptions.Intakeform.testcases.ActivationFormTestCases" name="TC079_SelectSingleVerifyPlaceHolderName" time="0.000">
    <skipped/>
  </testcase> <!-- TC079_SelectSingleVerifyPlaceHolderName -->
  <testcase classname="com.nspl.agingoptions.Intakeform.testcases.ActivationFormTestCases" name="TC080_SelectWidowedVerifyPlaceHolderName" time="0.000">
    <skipped/>
  </testcase> <!-- TC080_SelectWidowedVerifyPlaceHolderName -->
  <testcase classname="com.nspl.agingoptions.Intakeform.testcases.ActivationFormTestCases" name="TC081_SelectDivorcedVerifyPlaceHolderName" time="0.000">
    <skipped/>
  </testcase> <!-- TC081_SelectDivorcedVerifyPlaceHolderName -->
</testsuite> <!-- com.nspl.agingoptions.Intakeform.testcases.ActivationFormTestCases -->
