<?xml version="1.0" encoding="UTF-8"?>
<!-- Generated by org.testng.reporters.JUnitReportReporter -->
<testsuite hostname="DESKTOP-LA6T5Q8" failures="0" tests="3" name="com.nspl.agingoptions.healthpage.testcases.MarriedUserLifeStyleTestCases" time="0.000" errors="0" timestamp="2025-03-31T23:10:43 IST" skipped="3">
  <testcase classname="com.nspl.agingoptions.healthpage.testcases.MarriedUserLifeStyleTestCases" name="Health_TC_007_LifeStyleGeneralHealthNutritionDetails" time="0.000">
    <skipped/>
  </testcase> <!-- Health_TC_007_LifeStyleGeneralHealthNutritionDetails -->
  <testcase classname="com.nspl.agingoptions.healthpage.testcases.MarriedUserLifeStyleTestCases" name="Health_TC_008_Health_InputSubstanceUseDetails" time="0.000">
    <skipped/>
  </testcase> <!-- Health_TC_008_Health_InputSubstanceUseDetails -->
  <testcase classname="com.nspl.agingoptions.healthpage.testcases.MarriedUserLifeStyleTestCases" name="Health_TC_09_Health_InputSocialHabitsDetails" time="0.000">
    <skipped/>
  </testcase> <!-- Health_TC_09_Health_InputSocialHabitsDetails -->
</testsuite> <!-- com.nspl.agingoptions.healthpage.testcases.MarriedUserLifeStyleTestCases -->
