<?xml version="1.0" encoding="UTF-8"?>
<!-- Generated by org.testng.reporters.JUnitReportReporter -->
<testsuite hostname="Dell" failures="0" tests="4" name="com.nspl.HousingInfoPageTestcase.HousingProfessional_RealtorTestscript" time="26.576" errors="0" timestamp="2025-04-01T17:31:40 IST" skipped="0">
  <testcase classname="com.nspl.HousingInfoPageTestcase.HousingProfessional_RealtorTestscript" name="verifyRealtorPageOnHousingProfessional" time="5.679"/>
  <testcase classname="com.nspl.HousingInfoPageTestcase.HousingProfessional_RealtorTestscript" name="VerifyIdONotHaveRealtorCheckBoxFunctionality" time="7.427"/>
  <testcase classname="com.nspl.HousingInfoPageTestcase.HousingProfessional_RealtorTestscript" name="VerifyClickIDoNotHaveRealtorCheckBox" time="9.987"/>
  <testcase classname="com.nspl.HousingInfoPageTestcase.HousingProfessional_RealtorTestscript" name="verifyToggleButton" time="3.483"/>
</testsuite> <!-- com.nspl.HousingInfoPageTestcase.HousingProfessional_RealtorTestscript -->
