<?xml version="1.0" encoding="UTF-8"?>
<!-- Generated by org.testng.reporters.JUnitReportReporter -->
<testsuite hostname="DESKTOP-LA6T5Q8" failures="0" tests="4" name="com.nspl.agingoptions.financepage.testcases.BusinessInterestTestCases" time="245.929" errors="0" timestamp="2025-05-22T17:20:26 IST" skipped="1">
  <testcase classname="com.nspl.agingoptions.financepage.testcases.BusinessInterestTestCases" name="FTC_010_BusinessInterestSaveContinueLaterButton" time="32.380"/>
  <testcase classname="com.nspl.agingoptions.financepage.testcases.BusinessInterestTestCases" name="FTC_011_BusinessInterestSaveAddAnotherButton" time="45.179"/>
  <testcase classname="com.nspl.agingoptions.financepage.testcases.BusinessInterestTestCases" name="FTC_011_BusinessInterestSaveAddAnotherButton" time="139.993">
    <skipped/>
  </testcase> <!-- FTC_011_BusinessInterestSaveAddAnotherButton -->
  <testcase classname="com.nspl.agingoptions.financepage.testcases.BusinessInterestTestCases" name="FTC_012_BusinessInterestSaveAddAnotherButton" time="28.377"/>
</testsuite> <!-- com.nspl.agingoptions.financepage.testcases.BusinessInterestTestCases -->
