<?xml version="1.0" encoding="UTF-8"?>
<!-- Generated by org.testng.reporters.JUnitReportReporter -->
<testsuite hostname="DESKTOP-LA6T5Q8" failures="0" tests="12" name="com.nspl.HousingInfoPageTestcase.HousingProfessionalHandyManTestScript" time="613.942" errors="0" timestamp="2025-04-15T11:22:42 IST" skipped="1">
  <testcase classname="com.nspl.HousingInfoPageTestcase.HousingProfessionalHandyManTestScript" name="VerifyIdONotHaveHandymanCheckBoxFunctionality" time="22.466"/>
  <testcase classname="com.nspl.HousingInfoPageTestcase.HousingProfessionalHandyManTestScript" name="VerifyCopySameDataFunctionality" time="79.218"/>
  <testcase classname="com.nspl.HousingInfoPageTestcase.HousingProfessionalHandyManTestScript" name="VerifySaveAndAddAnotherPrimaryMemberHandymanDetails" time="62.967"/>
  <testcase classname="com.nspl.HousingInfoPageTestcase.HousingProfessionalHandyManTestScript" name="VerifySaveAndAddAnotherSpouseHandymanDetails" time="66.167"/>
  <testcase classname="com.nspl.HousingInfoPageTestcase.HousingProfessionalHandyManTestScript" name="VerifyUpdateHandymanDetails" time="90.874"/>
  <testcase classname="com.nspl.HousingInfoPageTestcase.HousingProfessionalHandyManTestScript" name="verifyaddHandymanForPraimaryMember" time="70.015"/>
  <testcase classname="com.nspl.HousingInfoPageTestcase.HousingProfessionalHandyManTestScript" name="verifyToggleButton" time="27.770"/>
  <testcase classname="com.nspl.HousingInfoPageTestcase.HousingProfessionalHandyManTestScript" name="VerifySaveAndContinueSpouseHandymanDetails" time="58.715"/>
  <testcase classname="com.nspl.HousingInfoPageTestcase.HousingProfessionalHandyManTestScript" name="VerifySaveAndproceedPrimaryMemberHandyManDetails" time="74.835"/>
  <testcase classname="com.nspl.HousingInfoPageTestcase.HousingProfessionalHandyManTestScript" name="VerifyClickIDoNotHaveHandymanCheckBox" time="27.403"/>
  <testcase classname="com.nspl.HousingInfoPageTestcase.HousingProfessionalHandyManTestScript" name="verifyHandymanPageOnHousingProfessional" time="33.512"/>
  <testcase classname="com.nspl.HousingInfoPageTestcase.HousingProfessionalHandyManTestScript" name="VerifySaveAndProceedSpouseHandymanDetails">
    <skipped/>
  </testcase> <!-- VerifySaveAndProceedSpouseHandymanDetails -->
</testsuite> <!-- com.nspl.HousingInfoPageTestcase.HousingProfessionalHandyManTestScript -->
