<?xml version="1.0" encoding="UTF-8"?>
<!-- Generated by org.testng.reporters.JUnitReportReporter -->
<testsuite hostname="Dell" failures="0" tests="6" name="com.nspl.LegalInfoTestScript.LivingWillDetailsTestSript" time="105.625" errors="0" timestamp="2025-05-12T14:05:47 IST" skipped="0">
  <testcase classname="com.nspl.LegalInfoTestScript.LivingWillDetailsTestSript" name="VerifyLivingWillDetailsPage" time="20.580"/>
  <testcase classname="com.nspl.LegalInfoTestScript.LivingWillDetailsTestSript" name="SaveAndContinueIWantMaximumTreatMentYes" time="16.033"/>
  <testcase classname="com.nspl.LegalInfoTestScript.LivingWillDetailsTestSript" name="SaveAndContinueIWantMaximumTreatmentNo" time="15.965"/>
  <testcase classname="com.nspl.LegalInfoTestScript.LivingWillDetailsTestSript" name="VerifySaveAndProceedLivingWillDetails" time="21.153"/>
  <testcase classname="com.nspl.LegalInfoTestScript.LivingWillDetailsTestSript" name="verifyIWantMaximumTreatmentCheckedAsYes" time="16.030"/>
  <testcase classname="com.nspl.LegalInfoTestScript.LivingWillDetailsTestSript" name="verifyIWantMaximumTreatmentCheckedAsNo" time="15.864"/>
</testsuite> <!-- com.nspl.LegalInfoTestScript.LivingWillDetailsTestSript -->
