<?xml version="1.0" encoding="UTF-8"?>
<!-- Generated by org.testng.reporters.JUnitReportReporter -->
<testsuite hostname="DESKTOP-LA6T5Q8" failures="0" tests="3" name="com.nspl.agingoptions.financepage.testcases.TransportationTestCases" time="136.819" errors="0" timestamp="2025-05-22T17:20:26 IST" skipped="0">
  <testcase classname="com.nspl.agingoptions.financepage.testcases.TransportationTestCases" name="FTC_013_TransportationSaveContinueLaterButton" time="52.469"/>
  <testcase classname="com.nspl.agingoptions.financepage.testcases.TransportationTestCases" name="FTC_014_TransportationSaveContinueLaterButton" time="42.871"/>
  <testcase classname="com.nspl.agingoptions.financepage.testcases.TransportationTestCases" name="FTC_015_TransportationSaveContinueLaterButton" time="41.479"/>
</testsuite> <!-- com.nspl.agingoptions.financepage.testcases.TransportationTestCases -->
