<?xml version="1.0" encoding="UTF-8"?>
<!-- Generated by org.testng.reporters.JUnitReportReporter -->
<testsuite hostname="Dell" failures="0" tests="9" name="com.nspl.LegalInfoTestScript.FiduciaryBeneficiaryTestScript" time="0.000" errors="0" timestamp="2025-05-04T22:22:55 IST" skipped="9">
  <testcase classname="com.nspl.LegalInfoTestScript.FiduciaryBeneficiaryTestScript" name="VerifyWhenWeMakeFiduciaryBeneficiryMemberDeceased" time="0.000">
    <skipped/>
  </testcase> <!-- VerifyWhenWeMakeFiduciaryBeneficiryMemberDeceased -->
  <testcase classname="com.nspl.LegalInfoTestScript.FiduciaryBeneficiaryTestScript" name="VerifyWhenWeMakeSpecialNeedsMemberAsFiduciary" time="0.000">
    <skipped/>
  </testcase> <!-- VerifyWhenWeMakeSpecialNeedsMemberAsFiduciary -->
  <testcase classname="com.nspl.LegalInfoTestScript.FiduciaryBeneficiaryTestScript" name="verifyAgeValidationForFiduciary" time="0.000">
    <skipped/>
  </testcase> <!-- verifyAgeValidationForFiduciary -->
  <testcase classname="com.nspl.LegalInfoTestScript.FiduciaryBeneficiaryTestScript" name="VerifyClientTableFiduciaryBeneficiaryCheckboxFunctionality">
    <skipped/>
  </testcase> <!-- VerifyClientTableFiduciaryBeneficiaryCheckboxFunctionality -->
  <testcase classname="com.nspl.LegalInfoTestScript.FiduciaryBeneficiaryTestScript" name="VerifyWhenWeMakeFiduciaryMemberAsSpecialNeeds">
    <skipped/>
  </testcase> <!-- VerifyWhenWeMakeFiduciaryMemberAsSpecialNeeds -->
  <testcase classname="com.nspl.LegalInfoTestScript.FiduciaryBeneficiaryTestScript" name="VerifyPrimaryMemberAndSpouseFiduciaryBeneficiaryPageMemberList">
    <skipped/>
  </testcase> <!-- VerifyPrimaryMemberAndSpouseFiduciaryBeneficiaryPageMemberList -->
  <testcase classname="com.nspl.LegalInfoTestScript.FiduciaryBeneficiaryTestScript" name="VerifyFiduciaryBeneficiaryPage">
    <skipped/>
  </testcase> <!-- VerifyFiduciaryBeneficiaryPage -->
  <testcase classname="com.nspl.LegalInfoTestScript.FiduciaryBeneficiaryTestScript" name="VerifyAddFiduciaryBeneficiaryDetails">
    <skipped/>
  </testcase> <!-- VerifyAddFiduciaryBeneficiaryDetails -->
  <testcase classname="com.nspl.LegalInfoTestScript.FiduciaryBeneficiaryTestScript" name="VerifySpouseTableFiduciaryBeneficiaryCheckBoxFunctionality">
    <skipped/>
  </testcase> <!-- VerifySpouseTableFiduciaryBeneficiaryCheckBoxFunctionality -->
</testsuite> <!-- com.nspl.LegalInfoTestScript.FiduciaryBeneficiaryTestScript -->
