<?xml version="1.0" encoding="UTF-8"?>
<!-- Generated by org.testng.reporters.JUnitReportReporter -->
<testsuite hostname="Dell" failures="0" tests="10" name="com.nspl.agingoptions.PersonalInfo.PersonalInformationTestcase" time="14.020" errors="0" timestamp="2025-05-22T16:33:49 IST" skipped="7">
  <testcase classname="com.nspl.agingoptions.PersonalInfo.PersonalInformationTestcase" name="VerifyAreYouSpecialNeedsYes" time="4.684"/>
  <testcase classname="com.nspl.agingoptions.PersonalInfo.PersonalInformationTestcase" name="VerifyAreYouPlanningToRetireOverSeasYes" time="4.873"/>
  <testcase classname="com.nspl.agingoptions.PersonalInfo.PersonalInformationTestcase" name="VerifyAreYouUSVeteranYes" time="4.463"/>
  <testcase classname="com.nspl.agingoptions.PersonalInfo.PersonalInformationTestcase" name="SpousemaritalStatusDisable">
    <skipped/>
  </testcase> <!-- SpousemaritalStatusDisable -->
  <testcase classname="com.nspl.agingoptions.PersonalInfo.PersonalInformationTestcase" name="VerifyAreYouEmployedWithYesChecked">
    <skipped/>
  </testcase> <!-- VerifyAreYouEmployedWithYesChecked -->
  <testcase classname="com.nspl.agingoptions.PersonalInfo.PersonalInformationTestcase" name="VerifyBackToParalegalFunctionality">
    <skipped/>
  </testcase> <!-- VerifyBackToParalegalFunctionality -->
  <testcase classname="com.nspl.agingoptions.PersonalInfo.PersonalInformationTestcase" name="VerifyPersonalInfoPage">
    <skipped/>
  </testcase> <!-- VerifyPersonalInfoPage -->
  <testcase classname="com.nspl.agingoptions.PersonalInfo.PersonalInformationTestcase" name="VerifyMaritalStatus">
    <skipped/>
  </testcase> <!-- VerifyMaritalStatus -->
  <testcase classname="com.nspl.agingoptions.PersonalInfo.PersonalInformationTestcase" name="VerifyAreYouEmployedWithNoChecked">
    <skipped/>
  </testcase> <!-- VerifyAreYouEmployedWithNoChecked -->
  <testcase classname="com.nspl.agingoptions.PersonalInfo.PersonalInformationTestcase" name="VerifyActivationFormDataReflectingPersonalInfo">
    <skipped/>
  </testcase> <!-- VerifyActivationFormDataReflectingPersonalInfo -->
</testsuite> <!-- com.nspl.agingoptions.PersonalInfo.PersonalInformationTestcase -->
