<?xml version="1.0" encoding="UTF-8"?>
<!-- Generated by org.testng.reporters.JUnitReportReporter -->
<testsuite hostname="Dell" failures="0" tests="12" name="com.nspl.LegalInfoTestScript.LegalProfessionalElA" time="0.000" errors="0" timestamp="2025-05-22T09:45:20 IST" skipped="12">
  <testcase classname="com.nspl.LegalInfoTestScript.LegalProfessionalElA" name="VerifyElderLawAttorneyPageOnLegalProfessional" time="0.000">
    <skipped/>
  </testcase> <!-- VerifyElderLawAttorneyPageOnLegalProfessional -->
  <testcase classname="com.nspl.LegalInfoTestScript.LegalProfessionalElA" name="VerifyIdONotHaveElderLawAttorneyFunctionality" time="0.000">
    <skipped/>
  </testcase> <!-- VerifyIdONotHaveElderLawAttorneyFunctionality -->
  <testcase classname="com.nspl.LegalInfoTestScript.LegalProfessionalElA" name="VerifyClickIDoNotHaveLandScapperCheckBox" time="0.000">
    <skipped/>
  </testcase> <!-- VerifyClickIDoNotHaveLandScapperCheckBox -->
  <testcase classname="com.nspl.LegalInfoTestScript.LegalProfessionalElA" name="verifyToggleButton" time="0.000">
    <skipped/>
  </testcase> <!-- verifyToggleButton -->
  <testcase classname="com.nspl.LegalInfoTestScript.LegalProfessionalElA" name="verifyaddElderLawAttorneyForPraimaryMember" time="0.000">
    <skipped/>
  </testcase> <!-- verifyaddElderLawAttorneyForPraimaryMember -->
  <testcase classname="com.nspl.LegalInfoTestScript.LegalProfessionalElA" name="VerifySaveAndAddAnotherPrimaryMemberElderLawAttorney" time="0.000">
    <skipped/>
  </testcase> <!-- VerifySaveAndAddAnotherPrimaryMemberElderLawAttorney -->
  <testcase classname="com.nspl.LegalInfoTestScript.LegalProfessionalElA" name="VerifySaveAndproceedPrimaryMemberElderLawAttorneyDetails" time="0.000">
    <skipped/>
  </testcase> <!-- VerifySaveAndproceedPrimaryMemberElderLawAttorneyDetails -->
  <testcase classname="com.nspl.LegalInfoTestScript.LegalProfessionalElA" name="VerifySaveAndContinueSpouseElderLawAttorneyDetails" time="0.000">
    <skipped/>
  </testcase> <!-- VerifySaveAndContinueSpouseElderLawAttorneyDetails -->
  <testcase classname="com.nspl.LegalInfoTestScript.LegalProfessionalElA" name="VerifySaveAndAddAnotherSpouseElderLawAttorneyDetails" time="0.000">
    <skipped/>
  </testcase> <!-- VerifySaveAndAddAnotherSpouseElderLawAttorneyDetails -->
  <testcase classname="com.nspl.LegalInfoTestScript.LegalProfessionalElA" name="VerifySaveAndProceedSpouseElderLawAttorneyDetails" time="0.000">
    <skipped/>
  </testcase> <!-- VerifySaveAndProceedSpouseElderLawAttorneyDetails -->
  <testcase classname="com.nspl.LegalInfoTestScript.LegalProfessionalElA" name="VerifyClientElderLawAttorneyDetailsWithUncheckCopySamedataTospouseCheckBox" time="0.000">
    <skipped/>
  </testcase> <!-- VerifyClientElderLawAttorneyDetailsWithUncheckCopySamedataTospouseCheckBox -->
  <testcase classname="com.nspl.LegalInfoTestScript.LegalProfessionalElA" name="VerifyUpdateElderLawAttorneyDetails" time="0.000">
    <skipped/>
  </testcase> <!-- VerifyUpdateElderLawAttorneyDetails -->
</testsuite> <!-- com.nspl.LegalInfoTestScript.LegalProfessionalElA -->
