<?xml version="1.0" encoding="UTF-8"?>
<!-- Generated by org.testng.reporters.JUnitReportReporter -->
<testsuite hostname="DESKTOP-LA6T5Q8" failures="0" tests="10" name="com.nspl.agingoptions.healthpage.testcases.SpecialistTestCases" time="668.753" errors="0" timestamp="2025-05-21T11:04:00 IST" skipped="2">
  <testcase classname="com.nspl.agingoptions.healthpage.testcases.SpecialistTestCases" name="TC_019_PrimaryMemberSpecialistIDontHave" time="26.278"/>
  <testcase classname="com.nspl.agingoptions.healthpage.testcases.SpecialistTestCases" name="TC_020_SpouseSpecialistIDontHave" time="31.102"/>
  <testcase classname="com.nspl.agingoptions.healthpage.testcases.SpecialistTestCases" name="TC_021_PrimaryMemberSpecialistSaveDetailsSaveContinueLaterButton" time="177.657"/>
  <testcase classname="com.nspl.agingoptions.healthpage.testcases.SpecialistTestCases" name="TC_022_SpouseSpecialistSaveDetailsSaveAndContinueButton" time="55.542">
    <skipped/>
  </testcase> <!-- TC_022_SpouseSpecialistSaveDetailsSaveAndContinueButton -->
  <testcase classname="com.nspl.agingoptions.healthpage.testcases.SpecialistTestCases" name="TC_022_SpouseSpecialistSaveDetailsSaveAndContinueButton" time="64.867"/>
  <testcase classname="com.nspl.agingoptions.healthpage.testcases.SpecialistTestCases" name="TC_023_PrimarySpecialistSaveDetailsSaveAndAddAnotherButtonAndSameAsSpouse" time="73.591"/>
  <testcase classname="com.nspl.agingoptions.healthpage.testcases.SpecialistTestCases" name="TC_024_PrimaryMemberSpecialistSaveDetailsSaveAndProceedToSpouseButton" time="46.604"/>
  <testcase classname="com.nspl.agingoptions.healthpage.testcases.SpecialistTestCases" name="TC_025_SpouseSpecialistSaveDetailsSaveAndAddAnotherButton" time="55.972">
    <skipped/>
  </testcase> <!-- TC_025_SpouseSpecialistSaveDetailsSaveAndAddAnotherButton -->
  <testcase classname="com.nspl.agingoptions.healthpage.testcases.SpecialistTestCases" name="TC_025_SpouseSpecialistSaveDetailsSaveAndAddAnotherButton" time="59.729"/>
  <testcase classname="com.nspl.agingoptions.healthpage.testcases.SpecialistTestCases" name="TC_026_SpouseSpecialistSaveDetailsSaveAndProceedToHealthInsurance" time="77.411"/>
</testsuite> <!-- com.nspl.agingoptions.healthpage.testcases.SpecialistTestCases -->
