<?xml version="1.0" encoding="UTF-8"?>
<!-- Generated by org.testng.reporters.JUnitReportReporter -->
<testsuite hostname="Dell" failures="0" tests="12" name="com.nspl.HousingInfoPageTestcase.HousingProfessionalLandScapperTestScript" time="0.000" errors="0" timestamp="2025-05-22T09:45:20 IST" skipped="12">
  <testcase classname="com.nspl.HousingInfoPageTestcase.HousingProfessionalLandScapperTestScript" name="VerifyLandScapperPageOnHousingProfessional" time="0.000">
    <skipped/>
  </testcase> <!-- VerifyLandScapperPageOnHousingProfessional -->
  <testcase classname="com.nspl.HousingInfoPageTestcase.HousingProfessionalLandScapperTestScript" name="VerifyIdONotHaveLandScapperCheckBoxFunctionality" time="0.000">
    <skipped/>
  </testcase> <!-- VerifyIdONotHaveLandScapperCheckBoxFunctionality -->
  <testcase classname="com.nspl.HousingInfoPageTestcase.HousingProfessionalLandScapperTestScript" name="VerifyClickIDoNotHaveLandScapperCheckBox" time="0.000">
    <skipped/>
  </testcase> <!-- VerifyClickIDoNotHaveLandScapperCheckBox -->
  <testcase classname="com.nspl.HousingInfoPageTestcase.HousingProfessionalLandScapperTestScript" name="verifyToggleButton" time="0.000">
    <skipped/>
  </testcase> <!-- verifyToggleButton -->
  <testcase classname="com.nspl.HousingInfoPageTestcase.HousingProfessionalLandScapperTestScript" name="verifyaddLandScapperForPraimaryMember" time="0.000">
    <skipped/>
  </testcase> <!-- verifyaddLandScapperForPraimaryMember -->
  <testcase classname="com.nspl.HousingInfoPageTestcase.HousingProfessionalLandScapperTestScript" name="VerifySaveAndAddAnotherPrimaryMemberLandScapperDetails" time="0.000">
    <skipped/>
  </testcase> <!-- VerifySaveAndAddAnotherPrimaryMemberLandScapperDetails -->
  <testcase classname="com.nspl.HousingInfoPageTestcase.HousingProfessionalLandScapperTestScript" name="VerifySaveAndproceedPrimaryMemberLandScapperDetails" time="0.000">
    <skipped/>
  </testcase> <!-- VerifySaveAndproceedPrimaryMemberLandScapperDetails -->
  <testcase classname="com.nspl.HousingInfoPageTestcase.HousingProfessionalLandScapperTestScript" name="VerifySaveAndContinueSpouseLandScapperDetails" time="0.000">
    <skipped/>
  </testcase> <!-- VerifySaveAndContinueSpouseLandScapperDetails -->
  <testcase classname="com.nspl.HousingInfoPageTestcase.HousingProfessionalLandScapperTestScript" name="VerifySaveAndAddAnotherSpouseLandScapperDetails" time="0.000">
    <skipped/>
  </testcase> <!-- VerifySaveAndAddAnotherSpouseLandScapperDetails -->
  <testcase classname="com.nspl.HousingInfoPageTestcase.HousingProfessionalLandScapperTestScript" name="VerifySaveAndProceedSpouseLandScapperDetails" time="0.000">
    <skipped/>
  </testcase> <!-- VerifySaveAndProceedSpouseLandScapperDetails -->
  <testcase classname="com.nspl.HousingInfoPageTestcase.HousingProfessionalLandScapperTestScript" name="VerifyUpdateLandScappeDetails" time="0.000">
    <skipped/>
  </testcase> <!-- VerifyUpdateLandScappeDetails -->
  <testcase classname="com.nspl.HousingInfoPageTestcase.HousingProfessionalLandScapperTestScript" name="VerifyCopySameDataFunctionality">
    <skipped/>
  </testcase> <!-- VerifyCopySameDataFunctionality -->
</testsuite> <!-- com.nspl.HousingInfoPageTestcase.HousingProfessionalLandScapperTestScript -->
