<?xml version="1.0" encoding="UTF-8"?>
<!-- Generated by org.testng.reporters.JUnitReportReporter -->
<testsuite hostname="DESKTOP-LA6T5Q8" failures="0" tests="7" name="com.nspl.agingoptions.financepage.testcases.LifeInsuranceTestCases" time="304.824" errors="0" timestamp="2025-05-22T17:20:26 IST" skipped="1">
  <testcase classname="com.nspl.agingoptions.financepage.testcases.LifeInsuranceTestCases" name="FTC_016_PrimaryMemberLifeInsuranceSaveContinueLaterButton" time="40.166"/>
  <testcase classname="com.nspl.agingoptions.financepage.testcases.LifeInsuranceTestCases" name="FTC_017_PrimaryMemberLifeInsuranceSaveAddAnotherButtonSameAsSpouse" time="59.745"/>
  <testcase classname="com.nspl.agingoptions.financepage.testcases.LifeInsuranceTestCases" name="FTC_018_PrimaryMemberLifeInsuranceNextSpouseButton" time="43.625"/>
  <testcase classname="com.nspl.agingoptions.financepage.testcases.LifeInsuranceTestCases" name="FTC_019_SpouseLifeInsuranceSaveContinueLaterButton" time="44.490"/>
  <testcase classname="com.nspl.agingoptions.financepage.testcases.LifeInsuranceTestCases" name="FTC_020_SpouseLifeInsuranceSaveAddAnotherButton" time="34.593"/>
  <testcase classname="com.nspl.agingoptions.financepage.testcases.LifeInsuranceTestCases" name="FTC_021_SpouseLifeInsuranceNextLongTermCarePolicyButton" time="44.652"/>
  <testcase classname="com.nspl.agingoptions.financepage.testcases.LifeInsuranceTestCases" name="FTC_021_SpouseLifeInsuranceNextLongTermCarePolicyButton" time="37.553">
    <skipped/>
  </testcase> <!-- FTC_021_SpouseLifeInsuranceNextLongTermCarePolicyButton -->
</testsuite> <!-- com.nspl.agingoptions.financepage.testcases.LifeInsuranceTestCases -->
