<?xml version="1.0" encoding="UTF-8"?>
<!-- Generated by org.testng.reporters.JUnitReportReporter -->
<testsuite hostname="Dell" failures="0" tests="15" name="com.nspl.LegalInfoTestScript.BurialCremationPlanTestScript" time="231.399" errors="0" timestamp="2025-05-12T14:05:46 IST" skipped="1">
  <testcase classname="com.nspl.LegalInfoTestScript.BurialCremationPlanTestScript" name="VerifyBurialCremationPlanPage" time="15.673"/>
  <testcase classname="com.nspl.LegalInfoTestScript.BurialCremationPlanTestScript" name="VerifyWhenWeCheckedCremationRadioButton" time="15.875"/>
  <testcase classname="com.nspl.LegalInfoTestScript.BurialCremationPlanTestScript" name="VerifyDoYouHaveBurialPlotCheckYesRadio" time="17.318"/>
  <testcase classname="com.nspl.LegalInfoTestScript.BurialCremationPlanTestScript" name="VerifyDoYouHaveBurialPlotCheckNoRadioButton" time="16.054"/>
  <testcase classname="com.nspl.LegalInfoTestScript.BurialCremationPlanTestScript" name="VerifyIsYourBurialCremationPrepaid_YesChecked" time="15.979"/>
  <testcase classname="com.nspl.LegalInfoTestScript.BurialCremationPlanTestScript" name="VerifyOftenTheOrganizationYouPrepaidYourBurialAndCremation_NoRadioChecked" time="16.524"/>
  <testcase classname="com.nspl.LegalInfoTestScript.BurialCremationPlanTestScript" name="VerifyOftenTheOrganizationYouPrepaidYourBurialAndCremation_YesRadioBT" time="16.545"/>
  <testcase classname="com.nspl.LegalInfoTestScript.BurialCremationPlanTestScript" name="VerifyDidTheCompanyGiveYouAContractNoRadioChecked" time="16.887"/>
  <testcase classname="com.nspl.LegalInfoTestScript.BurialCremationPlanTestScript" name="VerifyHaveYouMadeArrangementsForHandlingNoChecked" time="17.192"/>
  <testcase classname="com.nspl.LegalInfoTestScript.BurialCremationPlanTestScript" name="VerifyHaveYouMadeArrangementsForHandlingYesChecked" time="15.943"/>
  <testcase classname="com.nspl.LegalInfoTestScript.BurialCremationPlanTestScript" name="VerifyWouldYouLikeToMakeArrangementYes" time="16.064"/>
  <testcase classname="com.nspl.LegalInfoTestScript.BurialCremationPlanTestScript" name="VerifyWouldYouLikeMakeArrangementNoChecked" time="16.594"/>
  <testcase classname="com.nspl.LegalInfoTestScript.BurialCremationPlanTestScript" name="VerifyWouldYouLikeTohaveSomeoneContactYouYesChecked" time="16.497"/>
  <testcase classname="com.nspl.LegalInfoTestScript.BurialCremationPlanTestScript" name="VerifyWouldYouLikeToHaveSomeOneContactYouNoChecked" time="18.254"/>
  <testcase classname="com.nspl.LegalInfoTestScript.BurialCremationPlanTestScript" name="SaveAndContinueBurialcremationPlanDetails_WithYesCheck">
    <skipped/>
  </testcase> <!-- SaveAndContinueBurialcremationPlanDetails_WithYesCheck -->
</testsuite> <!-- com.nspl.LegalInfoTestScript.BurialCremationPlanTestScript -->
