<?xml version="1.0" encoding="UTF-8"?>
<!-- Generated by org.testng.reporters.JUnitReportReporter -->
<testsuite hostname="Dell" failures="0" tests="14" name="com.nspl.HousingInfoPageTestcase.HousingOptionsTestScript" time="57.608" errors="1" timestamp="2025-05-22T09:45:20 IST" skipped="13">
  <testcase classname="com.nspl.HousingInfoPageTestcase.HousingOptionsTestScript" name="beforeTest" time="57.606">
    <error message="invalid session id: session deleted as the browser has closed the connection
from disconnected: unable to send message to renderer
  (Session info: chrome=136.0.7103.114)
Build info: version: &#039;4.8.0&#039;, revision: &#039;267030adea&#039;
System info: os.name: &#039;Windows 11&#039;, os.arch: &#039;amd64&#039;, os.version: &#039;10.0&#039;, java.version: &#039;17.0.12&#039;
Driver info: org.openqa.selenium.chrome.ChromeDriver
Command: [00bcb06629d67cd4a8cd2dcf086067ab, findElement {using=xpath, value=(//label[contains(text(),&#039;Cell  Number&#039;)]/parent::div//input)[1]}]
Capabilities {acceptInsecureCerts: false, browserName: chrome, browserVersion: 136.0.7103.114, chrome: {chromedriverVersion: 136.0.7103.49 (031848bc6ad0..., userDataDir: C:\Users\nagai\AppData\Loca...}, fedcm:accounts: true, goog:chromeOptions: {debuggerAddress: localhost:49864}, networkConnectionEnabled: false, pageLoadStrategy: normal, platformName: WINDOWS, proxy: Proxy(), se:cdp: ws://localhost:49864/devtoo..., se:cdpVersion: 136.0.7103.114, setWindowRect: true, strictFileInteractability: false, timeouts: {implicit: 0, pageLoad: 300000, script: 30000}, unhandledPromptBehavior: dismiss and notify, webauthn:extension:credBlob: true, webauthn:extension:largeBlob: true, webauthn:extension:minPinLength: true, webauthn:extension:prf: true, webauthn:virtualAuthenticators: true}
Session ID: 00bcb06629d67cd4a8cd2dcf086067ab" type="org.openqa.selenium.NoSuchSessionException">
      <![CDATA[org.openqa.selenium.NoSuchSessionException: invalid session id: session deleted as the browser has closed the connection
from disconnected: unable to send message to renderer
  (Session info: chrome=136.0.7103.114)
Build info: version: '4.8.0', revision: '267030adea'
System info: os.name: 'Windows 11', os.arch: 'amd64', os.version: '10.0', java.version: '17.0.12'
Driver info: org.openqa.selenium.chrome.ChromeDriver
Command: [00bcb06629d67cd4a8cd2dcf086067ab, findElement {using=xpath, value=(//label[contains(text(),'Cell  Number')]/parent::div//input)[1]}]
Capabilities {acceptInsecureCerts: false, browserName: chrome, browserVersion: 136.0.7103.114, chrome: {chromedriverVersion: 136.0.7103.49 (031848bc6ad0..., userDataDir: C:\Users\nagai\AppData\Loca...}, fedcm:accounts: true, goog:chromeOptions: {debuggerAddress: localhost:49864}, networkConnectionEnabled: false, pageLoadStrategy: normal, platformName: WINDOWS, proxy: Proxy(), se:cdp: ws://localhost:49864/devtoo..., se:cdpVersion: 136.0.7103.114, setWindowRect: true, strictFileInteractability: false, timeouts: {implicit: 0, pageLoad: 300000, script: 30000}, unhandledPromptBehavior: dismiss and notify, webauthn:extension:credBlob: true, webauthn:extension:largeBlob: true, webauthn:extension:minPinLength: true, webauthn:extension:prf: true, webauthn:virtualAuthenticators: true}
Session ID: 00bcb06629d67cd4a8cd2dcf086067ab
at java.base/jdk.internal.reflect.NativeConstructorAccessorImpl.newInstance0(Native Method)
at java.base/jdk.internal.reflect.NativeConstructorAccessorImpl.newInstance(NativeConstructorAccessorImpl.java:77)
at java.base/jdk.internal.reflect.DelegatingConstructorAccessorImpl.newInstance(DelegatingConstructorAccessorImpl.java:45)
at java.base/java.lang.reflect.Constructor.newInstanceWithCaller(Constructor.java:499)
at java.base/java.lang.reflect.Constructor.newInstance(Constructor.java:480)
at org.openqa.selenium.remote.codec.w3c.W3CHttpResponseCodec.createException(W3CHttpResponseCodec.java:200)
at org.openqa.selenium.remote.codec.w3c.W3CHttpResponseCodec.decode(W3CHttpResponseCodec.java:133)
at org.openqa.selenium.remote.codec.w3c.W3CHttpResponseCodec.decode(W3CHttpResponseCodec.java:53)
at org.openqa.selenium.remote.HttpCommandExecutor.execute(HttpCommandExecutor.java:184)
at org.openqa.selenium.remote.service.DriverCommandExecutor.invokeExecute(DriverCommandExecutor.java:167)
at org.openqa.selenium.remote.service.DriverCommandExecutor.execute(DriverCommandExecutor.java:142)
at org.openqa.selenium.remote.RemoteWebDriver.execute(RemoteWebDriver.java:543)
at org.openqa.selenium.remote.ElementLocation$ElementFinder$2.findElement(ElementLocation.java:162)
at org.openqa.selenium.remote.ElementLocation.findElement(ElementLocation.java:60)
at org.openqa.selenium.remote.RemoteWebDriver.findElement(RemoteWebDriver.java:352)
at org.openqa.selenium.remote.RemoteWebDriver.findElement(RemoteWebDriver.java:344)
at org.openqa.selenium.support.pagefactory.DefaultElementLocator.findElement(DefaultElementLocator.java:70)
at org.openqa.selenium.support.pagefactory.internal.LocatingElementHandler.invoke(LocatingElementHandler.java:39)
at jdk.proxy2/jdk.proxy2.$Proxy23.clear(Unknown Source)
at com.nspl.agingoptions.webUtil.WebUtil.sendValue(WebUtil.java:221)
at com.nspl.agingoptions.commoncode.CommonCode.createLifePlanningUser(CommonCode.java:98)
at com.nspl.agingoptions.commoncode.CommonCode.LoginWithNewMarriedUser(CommonCode.java:160)
at com.nspl.agingoptions.webUtil.BaseTest.beforeTest(BaseTest.java:52)
at java.base/jdk.internal.reflect.NativeMethodAccessorImpl.invoke0(Native Method)
at java.base/jdk.internal.reflect.NativeMethodAccessorImpl.invoke(NativeMethodAccessorImpl.java:77)
at java.base/jdk.internal.reflect.DelegatingMethodAccessorImpl.invoke(DelegatingMethodAccessorImpl.java:43)
at java.base/java.lang.reflect.Method.invoke(Method.java:568)
at org.testng.internal.invokers.MethodInvocationHelper.invokeMethod(MethodInvocationHelper.java:141)
at org.testng.internal.invokers.MethodInvocationHelper.invokeMethodConsideringTimeout(MethodInvocationHelper.java:71)
at org.testng.internal.invokers.ConfigInvoker.invokeConfigurationMethod(ConfigInvoker.java:400)
at org.testng.internal.invokers.ConfigInvoker.invokeConfigurations(ConfigInvoker.java:333)
at org.testng.TestRunner.invokeTestConfigurations(TestRunner.java:655)
at org.testng.TestRunner.beforeRun(TestRunner.java:644)
at org.testng.TestRunner.run(TestRunner.java:610)
at org.testng.SuiteRunner.runTest(SuiteRunner.java:421)
at org.testng.SuiteRunner.runSequentially(SuiteRunner.java:413)
at org.testng.SuiteRunner.privateRun(SuiteRunner.java:373)
at org.testng.SuiteRunner.run(SuiteRunner.java:312)
at org.testng.SuiteRunnerWorker.runSuite(SuiteRunnerWorker.java:52)
at org.testng.SuiteRunnerWorker.run(SuiteRunnerWorker.java:95)
at org.testng.TestNG.runSuitesSequentially(TestNG.java:1274)
at org.testng.TestNG.runSuitesLocally(TestNG.java:1208)
at org.testng.TestNG.runSuites(TestNG.java:1112)
at org.testng.TestNG.run(TestNG.java:1079)
at org.testng.remote.AbstractRemoteTestNG.run(AbstractRemoteTestNG.java:115)
at org.testng.remote.RemoteTestNG.initAndRun(RemoteTestNG.java:293)
at org.testng.remote.RemoteTestNG.main(RemoteTestNG.java:91)
]]>
    </error>
  </testcase> <!-- beforeTest -->
  <testcase classname="com.nspl.HousingInfoPageTestcase.HousingOptionsTestScript" name="verifyHousingInformation" time="0.000">
    <skipped/>
  </testcase> <!-- verifyHousingInformation -->
  <testcase classname="com.nspl.HousingInfoPageTestcase.HousingOptionsTestScript" name="verifySelectYesorNotSureCheckBox_IsYourHouseLivingIn____" time="0.000">
    <skipped/>
  </testcase> <!-- verifySelectYesorNotSureCheckBox_IsYourHouseLivingIn____ -->
  <testcase classname="com.nspl.HousingInfoPageTestcase.HousingOptionsTestScript" name="VerifySelectNoCheckBox_IsYourHousingLivingIn___" time="0.000">
    <skipped/>
  </testcase> <!-- VerifySelectNoCheckBox_IsYourHousingLivingIn___ -->
  <testcase classname="com.nspl.HousingInfoPageTestcase.HousingOptionsTestScript" name="VerifyOnTheScaleOfOneTwoFiveOwnHomeDropDownSelection" time="0.000">
    <skipped/>
  </testcase> <!-- VerifyOnTheScaleOfOneTwoFiveOwnHomeDropDownSelection -->
  <testcase classname="com.nspl.HousingInfoPageTestcase.HousingOptionsTestScript" name="VerifySaveAndContinueTheDetailsWithIstheHouseYouAreliving_Yes_And_Select1_OnTheScaleOnToFive" time="0.000">
    <skipped/>
  </testcase> <!-- VerifySaveAndContinueTheDetailsWithIstheHouseYouAreliving_Yes_And_Select1_OnTheScaleOnToFive -->
  <testcase classname="com.nspl.HousingInfoPageTestcase.HousingOptionsTestScript" name="VerifyUpdateAndContinue_IsTheHousingYouAreLivingWithNoRadioButtonChecked" time="0.002">
    <skipped/>
  </testcase> <!-- VerifyUpdateAndContinue_IsTheHousingYouAreLivingWithNoRadioButtonChecked -->
  <testcase classname="com.nspl.HousingInfoPageTestcase.HousingOptionsTestScript" name="VerifySaveAndNextToprofessional_TheDetailsWithIstheHouseYouAreliving_Yes_And_Select1_OnTheScaleOnToFive" time="0.000">
    <skipped/>
  </testcase> <!-- VerifySaveAndNextToprofessional_TheDetailsWithIstheHouseYouAreliving_Yes_And_Select1_OnTheScaleOnToFive -->
  <testcase classname="com.nspl.HousingInfoPageTestcase.HousingOptionsTestScript" name="VerifySaveAndNextToProfessional_IsTheHousingYouAreLivingWithNoRadioButtonChecked" time="0.000">
    <skipped/>
  </testcase> <!-- VerifySaveAndNextToProfessional_IsTheHousingYouAreLivingWithNoRadioButtonChecked -->
  <testcase classname="com.nspl.HousingInfoPageTestcase.HousingOptionsTestScript" name="VerifyHowManyStoriesDoesItHaveDropdownContent" time="0.000">
    <skipped/>
  </testcase> <!-- VerifyHowManyStoriesDoesItHaveDropdownContent -->
  <testcase classname="com.nspl.HousingInfoPageTestcase.HousingOptionsTestScript" name="VerifyWhenWeSelectTwoThreeMoreOption_HowManyStoryDoesItHave" time="0.000">
    <skipped/>
  </testcase> <!-- VerifyWhenWeSelectTwoThreeMoreOption_HowManyStoryDoesItHave -->
  <testcase classname="com.nspl.HousingInfoPageTestcase.HousingOptionsTestScript" name="VerifyUpdateAndContinue_SelectIsYourHouseLivingInNotsureCheckAndSelectTwoOntheScaleOfOneTwoFive" time="0.000">
    <skipped/>
  </testcase> <!-- VerifyUpdateAndContinue_SelectIsYourHouseLivingInNotsureCheckAndSelectTwoOntheScaleOfOneTwoFive -->
  <testcase classname="com.nspl.HousingInfoPageTestcase.HousingOptionsTestScript" name="VerifySaveAandNextProfessional_SelectIsYourHouseLivingInYesCheckAndSelectTwoOntheScaleOfOneTwoFive" time="0.000">
    <skipped/>
  </testcase> <!-- VerifySaveAandNextProfessional_SelectIsYourHouseLivingInYesCheckAndSelectTwoOntheScaleOfOneTwoFive -->
  <testcase classname="com.nspl.HousingInfoPageTestcase.HousingOptionsTestScript" name="VerifyOnTheScaleOfOneTwoFive_Select1">
    <skipped/>
  </testcase> <!-- VerifyOnTheScaleOfOneTwoFive_Select1 -->
</testsuite> <!-- com.nspl.HousingInfoPageTestcase.HousingOptionsTestScript -->
