<?xml version="1.0" encoding="UTF-8"?>
<!-- Generated by org.testng.reporters.JUnitReportReporter -->
<testsuite hostname="DESKTOP-LA6T5Q8" failures="0" tests="4" name="com.nspl.agingoptions.healthpage.testcases.MarriedUserLifeStyleTestCases" time="362.442" errors="0" timestamp="2025-04-02T17:40:24 IST" skipped="1">
  <testcase classname="com.nspl.agingoptions.healthpage.testcases.MarriedUserLifeStyleTestCases" name="TC_007_Health_LifeStyleGeneralHealthNutritionDetails" time="30.812"/>
  <testcase classname="com.nspl.agingoptions.healthpage.testcases.MarriedUserLifeStyleTestCases" name="TC_008_Health_InputSubstanceUseDetails" time="121.150"/>
  <testcase classname="com.nspl.agingoptions.healthpage.testcases.MarriedUserLifeStyleTestCases" name="TC_008_Health_InputSubstanceUseDetails" time="188.441">
    <skipped/>
  </testcase> <!-- TC_008_Health_InputSubstanceUseDetails -->
  <testcase classname="com.nspl.agingoptions.healthpage.testcases.MarriedUserLifeStyleTestCases" name="TC_09_Health_InputSocialHabitsDetails" time="22.039"/>
</testsuite> <!-- com.nspl.agingoptions.healthpage.testcases.MarriedUserLifeStyleTestCases -->
