<?xml version="1.0" encoding="UTF-8"?>
<!-- Generated by org.testng.reporters.JUnitReportReporter -->
<testsuite hostname="DESKTOP-LA6T5Q8" failures="0" tests="9" name="com.nspl.agingoptions.financepage.testcases.AccountantTestCases" time="429.829" errors="0" timestamp="2025-05-25T18:17:42 IST" skipped="1">
  <testcase classname="com.nspl.agingoptions.financepage.testcases.AccountantTestCases" name="FTC_047_PrimaryMemberIDontHaveCheckBox" time="17.380"/>
  <testcase classname="com.nspl.agingoptions.financepage.testcases.AccountantTestCases" name="FTC_048_SpouseIDontHaveCheckBox" time="19.292"/>
  <testcase classname="com.nspl.agingoptions.financepage.testcases.AccountantTestCases" name="FTC_049_PrimaryMemberSaveContinueLaterButton" time="35.215"/>
  <testcase classname="com.nspl.agingoptions.financepage.testcases.AccountantTestCases" name="FTC_050_PrimaryMemberSaveAddAnotherButton" time="38.154"/>
  <testcase classname="com.nspl.agingoptions.financepage.testcases.AccountantTestCases" name="FTC_051_PrimaryMemberSaveAndProceedToSpouseButton" time="40.827"/>
  <testcase classname="com.nspl.agingoptions.financepage.testcases.AccountantTestCases" name="FTC_052_SpouseSaveContinueLaterButton" time="38.182"/>
  <testcase classname="com.nspl.agingoptions.financepage.testcases.AccountantTestCases" name="FTC_053_SpouseSaveAddAnotherButton" time="51.882"/>
  <testcase classname="com.nspl.agingoptions.financepage.testcases.AccountantTestCases" name="FTC_053_SpouseSaveAddAnotherButton" time="146.945">
    <skipped/>
  </testcase> <!-- FTC_053_SpouseSaveAddAnotherButton -->
  <testcase classname="com.nspl.agingoptions.financepage.testcases.AccountantTestCases" name="FTC_054_SpouseSaveAndProceedToBookkeeperButton" time="41.952"/>
</testsuite> <!-- com.nspl.agingoptions.financepage.testcases.AccountantTestCases -->
