<?xml version="1.0" encoding="UTF-8"?>
<!-- Generated by org.testng.reporters.JUnitReportReporter -->
<testsuite hostname="DESKTOP-LA6T5Q8" failures="0" tests="3" name="com.nspl.agingoptions.financepage.testcases.RetirementTestCases" time="227.332" errors="0" timestamp="2025-04-17T10:43:45 IST" skipped="0">
  <testcase classname="com.nspl.agingoptions.financepage.testcases.RetirementTestCases" name="FTC04_RetirementSaveContinueLaterButton" time="51.248"/>
  <testcase classname="com.nspl.agingoptions.financepage.testcases.RetirementTestCases" name="FTC05_RetirementSaveAddAnotherButton" time="83.228"/>
  <testcase classname="com.nspl.agingoptions.financepage.testcases.RetirementTestCases" name="FTC06_RetirementNextRealEstateButton" time="92.856"/>
</testsuite> <!-- com.nspl.agingoptions.financepage.testcases.RetirementTestCases -->
