<?xml version="1.0" encoding="UTF-8"?>
<!-- Generated by org.testng.reporters.JUnitReportReporter -->
<testsuite hostname="DESKTOP-LA6T5Q8" failures="0" tests="1" name="com.nspl.agingoptions.healthpage.testcases.SpecialistTestCases" time="26.446" errors="0" timestamp="2025-04-04T17:39:41 IST" skipped="0">
  <testcase classname="com.nspl.agingoptions.healthpage.testcases.SpecialistTestCases" name="TC_019_PrimaryMemberSpecialistIDontHave" time="26.446"/>
</testsuite> <!-- com.nspl.agingoptions.healthpage.testcases.SpecialistTestCases -->
