<?xml version="1.0" encoding="UTF-8"?>
<!-- Generated by org.testng.reporters.JUnitReportReporter -->
<testsuite hostname="DESKTOP-LA6T5Q8" failures="0" tests="4" name="com.nspl.agingoptions.healthpage.testcases.SpecialistTestCases" time="163.003" errors="0" timestamp="2025-04-02T17:40:24 IST" skipped="0">
  <testcase classname="com.nspl.agingoptions.healthpage.testcases.SpecialistTestCases" name="TC_019_PrimaryMemberSpecialistIDonHave" time="25.787"/>
  <testcase classname="com.nspl.agingoptions.healthpage.testcases.SpecialistTestCases" name="TC_020_SpouseSpecialistIDonHave" time="30.298"/>
  <testcase classname="com.nspl.agingoptions.healthpage.testcases.SpecialistTestCases" name="TC_021_PrimaryMemberSpecialistSaveDetailsSaveContinueLaterButton" time="52.384"/>
  <testcase classname="com.nspl.agingoptions.healthpage.testcases.SpecialistTestCases" name="TC_022_SpouseSpecialistSaveDetailsSaveAndContinueButton" time="54.534"/>
</testsuite> <!-- com.nspl.agingoptions.healthpage.testcases.SpecialistTestCases -->
