<?xml version="1.0" encoding="UTF-8"?>
<!-- Generated by org.testng.reporters.JUnitReportReporter -->
<testsuite hostname="DESKTOP-LA6T5Q8" failures="0" tests="7" name="com.nspl.agingoptions.financepage.testcases.LifeInsuranceTestCases" time="323.298" errors="0" timestamp="2025-05-25T18:17:42 IST" skipped="1">
  <testcase classname="com.nspl.agingoptions.financepage.testcases.LifeInsuranceTestCases" name="FTC_016_PrimaryMemberLifeInsuranceSaveContinueLaterButton" time="39.913"/>
  <testcase classname="com.nspl.agingoptions.financepage.testcases.LifeInsuranceTestCases" name="FTC_017_PrimaryMemberLifeInsuranceSaveAddAnotherButtonSameAsSpouse" time="50.493"/>
  <testcase classname="com.nspl.agingoptions.financepage.testcases.LifeInsuranceTestCases" name="FTC_018_PrimaryMemberLifeInsuranceNextSpouseButton" time="73.352">
    <skipped/>
  </testcase> <!-- FTC_018_PrimaryMemberLifeInsuranceNextSpouseButton -->
  <testcase classname="com.nspl.agingoptions.financepage.testcases.LifeInsuranceTestCases" name="FTC_018_PrimaryMemberLifeInsuranceNextSpouseButton" time="44.317"/>
  <testcase classname="com.nspl.agingoptions.financepage.testcases.LifeInsuranceTestCases" name="FTC_019_SpouseLifeInsuranceSaveContinueLaterButton" time="36.905"/>
  <testcase classname="com.nspl.agingoptions.financepage.testcases.LifeInsuranceTestCases" name="FTC_020_SpouseLifeInsuranceSaveAddAnotherButton" time="30.315"/>
  <testcase classname="com.nspl.agingoptions.financepage.testcases.LifeInsuranceTestCases" name="FTC_021_SpouseLifeInsuranceNextLongTermCarePolicyButton" time="48.003"/>
</testsuite> <!-- com.nspl.agingoptions.financepage.testcases.LifeInsuranceTestCases -->
