<?xml version="1.0" encoding="UTF-8"?>
<!-- Generated by org.testng.reporters.JUnitReportReporter -->
<testsuite hostname="DESKTOP-LA6T5Q8" failures="0" tests="1" name="com.nspl.agingoptions.financepage.testcases.MonthlyIncomeTestCases" time="44.567" errors="0" timestamp="2025-05-25T18:17:42 IST" skipped="0">
  <testcase classname="com.nspl.agingoptions.financepage.testcases.MonthlyIncomeTestCases" name="FTC_032_InputIncomeDetails" time="44.567"/>
</testsuite> <!-- com.nspl.agingoptions.financepage.testcases.MonthlyIncomeTestCases -->
