<?xml version="1.0" encoding="UTF-8"?>
<!-- Generated by org.testng.reporters.JUnitReportReporter -->
<testsuite hostname="DESKTOP-LA6T5Q8" failures="0" tests="2" name="com.nspl.agingoptions.healthpage.testcases.HealthInsuranceTestCases" time="48.705" errors="0" timestamp="2025-05-21T12:19:28 IST" skipped="0">
  <testcase classname="com.nspl.agingoptions.healthpage.testcases.HealthInsuranceTestCases" name="TC_029PrimaryMemberAddHealthInsuranceSaveAndProceedToSpouseButton" time="28.814"/>
  <testcase classname="com.nspl.agingoptions.healthpage.testcases.HealthInsuranceTestCases" name="TC_030SpouseAddHealthInsuranceSaveAndContinueLaterButton" time="19.891"/>
</testsuite> <!-- com.nspl.agingoptions.healthpage.testcases.HealthInsuranceTestCases -->
