<?xml version="1.0" encoding="UTF-8"?>
<!-- Generated by org.testng.reporters.JUnitReportReporter -->
<testsuite hostname="DESKTOP-LA6T5Q8" failures="0" tests="12" name="com.nspl.HousingInfoPageTestcase.HousingProfessionalHandyManTestScript" time="613.988" errors="0" timestamp="2025-04-07T13:20:20 IST" skipped="1">
  <testcase classname="com.nspl.HousingInfoPageTestcase.HousingProfessionalHandyManTestScript" name="VerifySaveAndproceedPrimaryMemberHandyManDetails" time="78.858"/>
  <testcase classname="com.nspl.HousingInfoPageTestcase.HousingProfessionalHandyManTestScript" name="verifyToggleButton" time="28.217"/>
  <testcase classname="com.nspl.HousingInfoPageTestcase.HousingProfessionalHandyManTestScript" name="VerifyIdONotHaveHandymanCheckBoxFunctionality" time="22.560"/>
  <testcase classname="com.nspl.HousingInfoPageTestcase.HousingProfessionalHandyManTestScript" name="VerifyCopySameDataFunctionality" time="78.979"/>
  <testcase classname="com.nspl.HousingInfoPageTestcase.HousingProfessionalHandyManTestScript" name="VerifySaveAndContinueSpouseHandymanDetails" time="58.592"/>
  <testcase classname="com.nspl.HousingInfoPageTestcase.HousingProfessionalHandyManTestScript" name="VerifyClickIDoNotHaveHandymanCheckBox" time="28.249"/>
  <testcase classname="com.nspl.HousingInfoPageTestcase.HousingProfessionalHandyManTestScript" name="verifyaddHandymanForPraimaryMember" time="64.009"/>
  <testcase classname="com.nspl.HousingInfoPageTestcase.HousingProfessionalHandyManTestScript" name="VerifySaveAndAddAnotherSpouseHandymanDetails" time="64.756"/>
  <testcase classname="com.nspl.HousingInfoPageTestcase.HousingProfessionalHandyManTestScript" name="VerifyUpdateHandymanDetails" time="94.167"/>
  <testcase classname="com.nspl.HousingInfoPageTestcase.HousingProfessionalHandyManTestScript" name="VerifySaveAndAddAnotherPrimaryMemberHandymanDetails" time="61.715"/>
  <testcase classname="com.nspl.HousingInfoPageTestcase.HousingProfessionalHandyManTestScript" name="verifyHandymanPageOnHousingProfessional" time="33.886"/>
  <testcase classname="com.nspl.HousingInfoPageTestcase.HousingProfessionalHandyManTestScript" name="VerifySaveAndProceedSpouseHandymanDetails">
    <skipped/>
  </testcase> <!-- VerifySaveAndProceedSpouseHandymanDetails -->
</testsuite> <!-- com.nspl.HousingInfoPageTestcase.HousingProfessionalHandyManTestScript -->
