<?xml version="1.0" encoding="UTF-8"?>
<!-- Generated by org.testng.reporters.JUnitReportReporter -->
<testsuite hostname="DESKTOP-LA6T5Q8" failures="0" tests="5" name="com.nspl.agingoptions.healthpage.testcases.MarriedUserFamilyMedicalHistoryTestCases" time="0.000" errors="0" timestamp="2025-04-06T17:54:01 IST" skipped="5">
  <testcase classname="com.nspl.agingoptions.healthpage.testcases.MarriedUserFamilyMedicalHistoryTestCases" name="TC_010_Health_FamilyMedicalHistoryLivingParentInfoDetails" time="0.000">
    <skipped/>
  </testcase> <!-- TC_010_Health_FamilyMedicalHistoryLivingParentInfoDetails -->
  <testcase classname="com.nspl.agingoptions.healthpage.testcases.MarriedUserFamilyMedicalHistoryTestCases" name="TC_011_Health_familyMedicalHistoryNonLivingParentInfoDetails" time="0.000">
    <skipped/>
  </testcase> <!-- TC_011_Health_familyMedicalHistoryNonLivingParentInfoDetails -->
  <testcase classname="com.nspl.agingoptions.healthpage.testcases.MarriedUserFamilyMedicalHistoryTestCases" name="TC_012_FamilyMedicalHistoryNonLivingParentInfoDetails" time="0.000">
    <skipped/>
  </testcase> <!-- TC_012_FamilyMedicalHistoryNonLivingParentInfoDetails -->
  <testcase classname="com.nspl.agingoptions.healthpage.testcases.MarriedUserFamilyMedicalHistoryTestCases" name="TC_013_FamilyMedicalHistoryMyFamilyMedicalHistoryYesRadioButton" time="0.000">
    <skipped/>
  </testcase> <!-- TC_013_FamilyMedicalHistoryMyFamilyMedicalHistoryYesRadioButton -->
  <testcase classname="com.nspl.agingoptions.healthpage.testcases.MarriedUserFamilyMedicalHistoryTestCases" name="TC_014_FamilyMedicalHistoryMyFamilyMedicalHistoryNoRadioButton" time="0.000">
    <skipped/>
  </testcase> <!-- TC_014_FamilyMedicalHistoryMyFamilyMedicalHistoryNoRadioButton -->
</testsuite> <!-- com.nspl.agingoptions.healthpage.testcases.MarriedUserFamilyMedicalHistoryTestCases -->
