<?xml version="1.0" encoding="UTF-8"?>
<!-- Generated by org.testng.reporters.JUnitReportReporter -->
<testsuite hostname="DESKTOP-LA6T5Q8" failures="0" tests="3" name="com.nspl.agingoptions.healthpage.testcases.MarriedUserLifeStyleTestCases" time="85.183" errors="0" timestamp="2025-05-21T11:04:00 IST" skipped="0">
  <testcase classname="com.nspl.agingoptions.healthpage.testcases.MarriedUserLifeStyleTestCases" name="TC_007_Health_LifeStyleGeneralHealthNutritionDetails" time="32.438"/>
  <testcase classname="com.nspl.agingoptions.healthpage.testcases.MarriedUserLifeStyleTestCases" name="TC_008_Health_InputSubstanceUseDetails" time="27.996"/>
  <testcase classname="com.nspl.agingoptions.healthpage.testcases.MarriedUserLifeStyleTestCases" name="TC_09_Health_InputSocialHabitsDetails" time="24.749"/>
</testsuite> <!-- com.nspl.agingoptions.healthpage.testcases.MarriedUserLifeStyleTestCases -->
