<?xml version="1.0" encoding="UTF-8"?>
<!-- Generated by org.testng.reporters.JUnitReportReporter -->
<testsuite hostname="DESKTOP-LA6T5Q8" failures="0" tests="8" name="com.nspl.agingoptions.healthpage.testcases.SpecialistTestCases" time="0.001" errors="0" timestamp="2025-04-06T17:54:01 IST" skipped="8">
  <testcase classname="com.nspl.agingoptions.healthpage.testcases.SpecialistTestCases" name="TC_019_PrimaryMemberSpecialistIDontHave" time="0.000">
    <skipped/>
  </testcase> <!-- TC_019_PrimaryMemberSpecialistIDontHave -->
  <testcase classname="com.nspl.agingoptions.healthpage.testcases.SpecialistTestCases" name="TC_020_SpouseSpecialistIDontHave" time="0.000">
    <skipped/>
  </testcase> <!-- TC_020_SpouseSpecialistIDontHave -->
  <testcase classname="com.nspl.agingoptions.healthpage.testcases.SpecialistTestCases" name="TC_021_PrimaryMemberSpecialistSaveDetailsSaveContinueLaterButton" time="0.000">
    <skipped/>
  </testcase> <!-- TC_021_PrimaryMemberSpecialistSaveDetailsSaveContinueLaterButton -->
  <testcase classname="com.nspl.agingoptions.healthpage.testcases.SpecialistTestCases" name="TC_022_SpouseSpecialistSaveDetailsSaveAndContinueButton" time="0.000">
    <skipped/>
  </testcase> <!-- TC_022_SpouseSpecialistSaveDetailsSaveAndContinueButton -->
  <testcase classname="com.nspl.agingoptions.healthpage.testcases.SpecialistTestCases" name="TC_023_PrimarySpecialistSaveDetailsSaveAndAddAnotherButtonAndSameAsSpouse" time="0.000">
    <skipped/>
  </testcase> <!-- TC_023_PrimarySpecialistSaveDetailsSaveAndAddAnotherButtonAndSameAsSpouse -->
  <testcase classname="com.nspl.agingoptions.healthpage.testcases.SpecialistTestCases" name="TC_024_PrimaryMemberSpecialistSaveDetailsSaveAndProceedToSpouseButton" time="0.000">
    <skipped/>
  </testcase> <!-- TC_024_PrimaryMemberSpecialistSaveDetailsSaveAndProceedToSpouseButton -->
  <testcase classname="com.nspl.agingoptions.healthpage.testcases.SpecialistTestCases" name="TC_025_SpouseSpecialistSaveDetailsSaveAndAddAnotherButton" time="0.001">
    <skipped/>
  </testcase> <!-- TC_025_SpouseSpecialistSaveDetailsSaveAndAddAnotherButton -->
  <testcase classname="com.nspl.agingoptions.healthpage.testcases.SpecialistTestCases" name="TC_026_SpouseSpecialistSaveDetailsSaveAndProceedToHealthInsurance" time="0.000">
    <skipped/>
  </testcase> <!-- TC_026_SpouseSpecialistSaveDetailsSaveAndProceedToHealthInsurance -->
</testsuite> <!-- com.nspl.agingoptions.healthpage.testcases.SpecialistTestCases -->
