<?xml version="1.0" encoding="UTF-8"?>
<!-- Generated by org.testng.reporters.JUnitReportReporter -->
<testsuite hostname="DESKTOP-LA6T5Q8" failures="0" tests="4" name="com.nspl.agingoptions.financepage.testcases.Non_RetirementTestCases" time="332.307" errors="0" timestamp="2025-04-14T12:09:33 IST" skipped="1">
  <testcase classname="com.nspl.agingoptions.financepage.testcases.Non_RetirementTestCases" name="FT001_Non_RetirementSaveContinueLaterButton" time="71.774">
    <skipped/>
  </testcase> <!-- FT001_Non_RetirementSaveContinueLaterButton -->
  <testcase classname="com.nspl.agingoptions.financepage.testcases.Non_RetirementTestCases" name="FT001_Non_RetirementSaveContinueLaterButton" time="56.406"/>
  <testcase classname="com.nspl.agingoptions.financepage.testcases.Non_RetirementTestCases" name="FT002_Non_RetirementSaveAddAnotherButton" time="94.142"/>
  <testcase classname="com.nspl.agingoptions.financepage.testcases.Non_RetirementTestCases" name="FT_003Non_RetirementSaveAddProceedToRetirementButton" time="109.985"/>
</testsuite> <!-- com.nspl.agingoptions.financepage.testcases.Non_RetirementTestCases -->
