<?xml version="1.0" encoding="UTF-8"?>
<!-- Generated by org.testng.reporters.JUnitReportReporter -->
<testsuite hostname="Dell" failures="0" tests="2" name="com.nspl.LegalInfoTestScript.FiduciaryBeneficiaryTestScript" time="31.142" errors="0" timestamp="2025-04-11T17:31:59 IST" skipped="0">
  <testcase classname="com.nspl.LegalInfoTestScript.FiduciaryBeneficiaryTestScript" name="VerifyFiduciaryBeneficiaryPage" time="15.429"/>
  <testcase classname="com.nspl.LegalInfoTestScript.FiduciaryBeneficiaryTestScript" name="VerifyPrimaryMemberAndSpouseFiduciaryBeneficiaryPageMemberList" time="15.713"/>
</testsuite> <!-- com.nspl.LegalInfoTestScript.FiduciaryBeneficiaryTestScript -->
