<?xml version="1.0" encoding="UTF-8"?>
<!-- Generated by org.testng.reporters.JUnitReportReporter -->
<testsuite hostname="Dell" failures="0" tests="11" name="com.nspl.HousingInfoPageTestcase.HousingProfessional_MortgageBrokerTestScript" time="605.791" errors="0" timestamp="2025-04-03T23:34:57 IST" skipped="0">
  <testcase classname="com.nspl.HousingInfoPageTestcase.HousingProfessional_MortgageBrokerTestScript" name="VerifySaveAndContinueSpouseMortgageBrokerDetails" time="62.094"/>
  <testcase classname="com.nspl.HousingInfoPageTestcase.HousingProfessional_MortgageBrokerTestScript" name="VerifyUpdateMortgageBrokerDetails" time="91.788"/>
  <testcase classname="com.nspl.HousingInfoPageTestcase.HousingProfessional_MortgageBrokerTestScript" name="VerifyCopySameDataFunctionality" time="81.113"/>
  <testcase classname="com.nspl.HousingInfoPageTestcase.HousingProfessional_MortgageBrokerTestScript" name="VerifySaveAndproceedPrimaryMemberMortgageBrokerDetails" time="74.245"/>
  <testcase classname="com.nspl.HousingInfoPageTestcase.HousingProfessional_MortgageBrokerTestScript" name="verifyaddMortgageForPraimaryMember" time="59.029"/>
  <testcase classname="com.nspl.HousingInfoPageTestcase.HousingProfessional_MortgageBrokerTestScript" name="VerifySaveAndAddAnotherPrimaryMemberMortgageBrokerDetails" time="64.339"/>
  <testcase classname="com.nspl.HousingInfoPageTestcase.HousingProfessional_MortgageBrokerTestScript" name="VerifySaveAndProceedSpouseMortgageBrokerDetails" time="66.670"/>
  <testcase classname="com.nspl.HousingInfoPageTestcase.HousingProfessional_MortgageBrokerTestScript" name="verifyToggleButton" time="22.874"/>
  <testcase classname="com.nspl.HousingInfoPageTestcase.HousingProfessional_MortgageBrokerTestScript" name="VerifyClickIDoNotHaveMortgageCheckBox" time="29.211"/>
  <testcase classname="com.nspl.HousingInfoPageTestcase.HousingProfessional_MortgageBrokerTestScript" name="VerifyIdONotHaveRealtorCheckBoxFunctionality" time="22.751"/>
  <testcase classname="com.nspl.HousingInfoPageTestcase.HousingProfessional_MortgageBrokerTestScript" name="verifyMortgagePageOnHousingProfessional" time="31.677"/>
</testsuite> <!-- com.nspl.HousingInfoPageTestcase.HousingProfessional_MortgageBrokerTestScript -->
