<?xml version="1.0" encoding="UTF-8"?>
<!-- Generated by org.testng.reporters.JUnitReportReporter -->
<testsuite hostname="DESKTOP-LA6T5Q8" failures="0" tests="9" name="com.nspl.agingoptions.healthpage.testcases.SpecialistTestCases" time="623.880" errors="0" timestamp="2025-05-19T11:18:48 IST" skipped="1">
  <testcase classname="com.nspl.agingoptions.healthpage.testcases.SpecialistTestCases" name="TC_019_PrimaryMemberSpecialistIDontHave" time="27.737"/>
  <testcase classname="com.nspl.agingoptions.healthpage.testcases.SpecialistTestCases" name="TC_020_SpouseSpecialistIDontHave" time="31.256"/>
  <testcase classname="com.nspl.agingoptions.healthpage.testcases.SpecialistTestCases" name="TC_021_PrimaryMemberSpecialistSaveDetailsSaveContinueLaterButton" time="179.270"/>
  <testcase classname="com.nspl.agingoptions.healthpage.testcases.SpecialistTestCases" name="TC_022_SpouseSpecialistSaveDetailsSaveAndContinueButton" time="55.490">
    <skipped/>
  </testcase> <!-- TC_022_SpouseSpecialistSaveDetailsSaveAndContinueButton -->
  <testcase classname="com.nspl.agingoptions.healthpage.testcases.SpecialistTestCases" name="TC_022_SpouseSpecialistSaveDetailsSaveAndContinueButton" time="66.592"/>
  <testcase classname="com.nspl.agingoptions.healthpage.testcases.SpecialistTestCases" name="TC_023_PrimarySpecialistSaveDetailsSaveAndAddAnotherButtonAndSameAsSpouse" time="73.869"/>
  <testcase classname="com.nspl.agingoptions.healthpage.testcases.SpecialistTestCases" name="TC_024_PrimaryMemberSpecialistSaveDetailsSaveAndProceedToSpouseButton" time="48.161"/>
  <testcase classname="com.nspl.agingoptions.healthpage.testcases.SpecialistTestCases" name="TC_025_SpouseSpecialistSaveDetailsSaveAndAddAnotherButton" time="60.987"/>
  <testcase classname="com.nspl.agingoptions.healthpage.testcases.SpecialistTestCases" name="TC_026_SpouseSpecialistSaveDetailsSaveAndProceedToHealthInsurance" time="80.518"/>
</testsuite> <!-- com.nspl.agingoptions.healthpage.testcases.SpecialistTestCases -->
