<?xml version="1.0" encoding="UTF-8"?>
<!-- Generated by org.testng.reporters.JUnitReportReporter -->
<testsuite hostname="DESKTOP-LA6T5Q8" failures="0" tests="4" name="com.nspl.agingoptions.healthpage.testcases.MarriedUserFamilyMedicalHistoryTestCases" time="105.112" errors="0" timestamp="2025-03-29T20:44:55 IST" skipped="1">
  <testcase classname="com.nspl.agingoptions.healthpage.testcases.MarriedUserFamilyMedicalHistoryTestCases" name="familyMedicalHistoryLivingParentInfoDetails_TC_010" time="24.348"/>
  <testcase classname="com.nspl.agingoptions.healthpage.testcases.MarriedUserFamilyMedicalHistoryTestCases" name="familyMedicalHistoryNonLivingParentInfoDetails_TC_011" time="30.192"/>
  <testcase classname="com.nspl.agingoptions.healthpage.testcases.MarriedUserFamilyMedicalHistoryTestCases" name="familyMedicalHistoryNonLivingParentInfoDetails_TC_012" time="25.223"/>
  <testcase classname="com.nspl.agingoptions.healthpage.testcases.MarriedUserFamilyMedicalHistoryTestCases" name="familyMedicalHistoryNonLivingParentInfoDetails_TC_012" time="25.349">
    <skipped/>
  </testcase> <!-- familyMedicalHistoryNonLivingParentInfoDetails_TC_012 -->
</testsuite> <!-- com.nspl.agingoptions.healthpage.testcases.MarriedUserFamilyMedicalHistoryTestCases -->
