<?xml version="1.0" encoding="UTF-8"?>
<!-- Generated by org.testng.reporters.JUnitReportReporter -->
<testsuite hostname="Dell" failures="0" tests="5" name="com.nspl.LegalInfoTestScript.OrganDonationDetailsTestSripts" time="97.323" errors="0" timestamp="2025-04-19T16:44:43 IST" skipped="0">
  <testcase classname="com.nspl.LegalInfoTestScript.OrganDonationDetailsTestSripts" name="VerifyOrganDonationDetailsPage" time="17.155"/>
  <testcase classname="com.nspl.LegalInfoTestScript.OrganDonationDetailsTestSripts" name="VerifySaveAndContinueWishToDonateYourBodyForScientificResearch_Yes" time="20.604"/>
  <testcase classname="com.nspl.LegalInfoTestScript.OrganDonationDetailsTestSripts" name="VerifyDoYouWishToBeAnOrganDonnerYes" time="19.766"/>
  <testcase classname="com.nspl.LegalInfoTestScript.OrganDonationDetailsTestSripts" name="VerifySaveAndProceedDoYouWishToBeAnOrganDonnerNo" time="19.861"/>
  <testcase classname="com.nspl.LegalInfoTestScript.OrganDonationDetailsTestSripts" name="VerifySaveAndContinueDoYouWishToBeAnOrganDonnerYes" time="19.937"/>
</testsuite> <!-- com.nspl.LegalInfoTestScript.OrganDonationDetailsTestSripts -->
