<?xml version="1.0" encoding="UTF-8"?>
<!-- Generated by org.testng.reporters.JUnitReportReporter -->
<testsuite hostname="DESKTOP-LA6T5Q8" failures="0" tests="3" name="com.nspl.agingoptions.financepage.testcases.RealEstateTestCases" time="170.148" errors="0" timestamp="2025-05-22T17:20:26 IST" skipped="0">
  <testcase classname="com.nspl.agingoptions.financepage.testcases.RealEstateTestCases" name="FTC_007_AddRealEstateSaveContinueLaterButton" time="45.524"/>
  <testcase classname="com.nspl.agingoptions.financepage.testcases.RealEstateTestCases" name="FTC_008_AddRealEstateSaveAddAnotherButton" time="30.525"/>
  <testcase classname="com.nspl.agingoptions.financepage.testcases.RealEstateTestCases" name="FTC_009_AddRealEstateSaveAndProceedToBussinessInterestButton" time="94.099"/>
</testsuite> <!-- com.nspl.agingoptions.financepage.testcases.RealEstateTestCases -->
