<?xml version="1.0" encoding="UTF-8"?>
<!-- Generated by org.testng.reporters.JUnitReportReporter -->
<testsuite hostname="DESKTOP-LA6T5Q8" failures="0" tests="6" name="com.nspl.agingoptions.healthpage.testcases.MarriedUserPersonalMedicalHistoryTestCases" time="118.993" errors="0" timestamp="2025-05-19T11:18:48 IST" skipped="0">
  <testcase classname="com.nspl.agingoptions.healthpage.testcases.MarriedUserPersonalMedicalHistoryTestCases" name="TC_001_Health_Personal_MedicalHistoryPage" time="21.919"/>
  <testcase classname="com.nspl.agingoptions.healthpage.testcases.MarriedUserPersonalMedicalHistoryTestCases" name="TC_002_Health_Personal_Medical_History_MedicalConditionsElementVisibility" time="21.684"/>
  <testcase classname="com.nspl.agingoptions.healthpage.testcases.MarriedUserPersonalMedicalHistoryTestCases" name="TC_003_Health_Personal_Medical_History_EnvironmentalLifeStyleFactorsElementVisibility" time="8.725"/>
  <testcase classname="com.nspl.agingoptions.healthpage.testcases.MarriedUserPersonalMedicalHistoryTestCases" name="TC_004_Health_personal_Medical_History_BloodTypeSelection" time="20.078"/>
  <testcase classname="com.nspl.agingoptions.healthpage.testcases.MarriedUserPersonalMedicalHistoryTestCases" name="TC_005_Health_personal_Medical_History_MedicalConditionElement" time="24.708"/>
  <testcase classname="com.nspl.agingoptions.healthpage.testcases.MarriedUserPersonalMedicalHistoryTestCases" name="TC_006_Health_Personal_Medical_History_EnvironmentalLifestyleFactorsDetails" time="21.879"/>
</testsuite> <!-- com.nspl.agingoptions.healthpage.testcases.MarriedUserPersonalMedicalHistoryTestCases -->
