<?xml version="1.0" encoding="UTF-8"?>
<!-- Generated by org.testng.reporters.JUnitReportReporter -->
<testsuite hostname="Dell" failures="0" tests="13" name="com.nspl.MyServiceProviderTestScript.MyServiceProviderTestScript" time="244.815" errors="0" timestamp="2025-05-14T15:28:33 IST" skipped="9">
  <testcase classname="com.nspl.MyServiceProviderTestScript.MyServiceProviderTestScript" name="VerifyAddOtherTypeProfessional" time="58.504"/>
  <testcase classname="com.nspl.MyServiceProviderTestScript.MyServiceProviderTestScript" name="VerifySaveAndproceedToProfessionalDetails" time="59.324"/>
  <testcase classname="com.nspl.MyServiceProviderTestScript.MyServiceProviderTestScript" name="VerifySaveAndAddAnotherProfessional" time="60.799"/>
  <testcase classname="com.nspl.MyServiceProviderTestScript.MyServiceProviderTestScript" name="VerifySaveProfessionalDetailsWithCopySameDataToSpouseUnchecked" time="66.188"/>
  <testcase classname="com.nspl.MyServiceProviderTestScript.MyServiceProviderTestScript" name="VerifyAddSpecialist">
    <skipped/>
  </testcase> <!-- VerifyAddSpecialist -->
  <testcase classname="com.nspl.MyServiceProviderTestScript.MyServiceProviderTestScript" name="VerifyAddELA">
    <skipped/>
  </testcase> <!-- VerifyAddELA -->
  <testcase classname="com.nspl.MyServiceProviderTestScript.MyServiceProviderTestScript" name="VerifyAddRealtor">
    <skipped/>
  </testcase> <!-- VerifyAddRealtor -->
  <testcase classname="com.nspl.MyServiceProviderTestScript.MyServiceProviderTestScript" name="VerifyAddLegalProfessional">
    <skipped/>
  </testcase> <!-- VerifyAddLegalProfessional -->
  <testcase classname="com.nspl.MyServiceProviderTestScript.MyServiceProviderTestScript" name="VerifyAddFinanceProfessional">
    <skipped/>
  </testcase> <!-- VerifyAddFinanceProfessional -->
  <testcase classname="com.nspl.MyServiceProviderTestScript.MyServiceProviderTestScript" name="verifyMyServiceProvider">
    <skipped/>
  </testcase> <!-- verifyMyServiceProvider -->
  <testcase classname="com.nspl.MyServiceProviderTestScript.MyServiceProviderTestScript" name="VerifyAddHousingProfessional">
    <skipped/>
  </testcase> <!-- VerifyAddHousingProfessional -->
  <testcase classname="com.nspl.MyServiceProviderTestScript.MyServiceProviderTestScript" name="VerifyAddHealthProfessionalPhysican">
    <skipped/>
  </testcase> <!-- VerifyAddHealthProfessionalPhysican -->
  <testcase classname="com.nspl.MyServiceProviderTestScript.MyServiceProviderTestScript" name="VerifyAddFinancialAdvisor">
    <skipped/>
  </testcase> <!-- VerifyAddFinancialAdvisor -->
</testsuite> <!-- com.nspl.MyServiceProviderTestScript.MyServiceProviderTestScript -->
