<?xml version="1.0" encoding="UTF-8"?>
<!-- Generated by org.testng.reporters.JUnitReportReporter -->
<testsuite hostname="DESKTOP-LA6T5Q8" failures="0" tests="16" name="com.nspl.agingoptions.healthpage.testcases.MarriedUserHealthInfoTestCases" time="303.404" errors="2" timestamp="2025-03-29T16:36:40 IST" skipped="11">
  <testcase classname="com.nspl.agingoptions.healthpage.testcases.MarriedUserHealthInfoTestCases" name="afterMethod" time="0.037">
    <error message="invalid session id
Build info: version: &#039;4.16.1&#039;, revision: &#039;9b4c83354e&#039;
System info: os.name: &#039;Windows 10&#039;, os.arch: &#039;amd64&#039;, os.version: &#039;10.0&#039;, java.version: &#039;21.0.6&#039;
Driver info: org.openqa.selenium.chrome.ChromeDriver
Command: [e088c535f817b5bc5cbd08ced88b11ea, screenshot {}]
Capabilities {acceptInsecureCerts: false, browserName: chrome, browserVersion: 134.0.6998.167, chrome: {chromedriverVersion: 134.0.6998.165 (fd886e2cb29..., userDataDir: C:\Users\AO\AppData\Local\T...}, fedcm:accounts: true, goog:chromeOptions: {debuggerAddress: localhost:62790}, networkConnectionEnabled: false, pageLoadStrategy: normal, platformName: windows, proxy: Proxy(), se:cdp: ws://localhost:62790/devtoo..., se:cdpVersion: 134.0.6998.167, setWindowRect: true, strictFileInteractability: false, timeouts: {implicit: 0, pageLoad: 300000, script: 30000}, unhandledPromptBehavior: dismiss and notify, webauthn:extension:credBlob: true, webauthn:extension:largeBlob: true, webauthn:extension:minPinLength: true, webauthn:extension:prf: true, webauthn:virtualAuthenticators: true}
Session ID: e088c535f817b5bc5cbd08ced88b11ea" type="org.openqa.selenium.NoSuchSessionException">
      <![CDATA[org.openqa.selenium.NoSuchSessionException: invalid session id
Build info: version: '4.16.1', revision: '9b4c83354e'
System info: os.name: 'Windows 10', os.arch: 'amd64', os.version: '10.0', java.version: '21.0.6'
Driver info: org.openqa.selenium.chrome.ChromeDriver
Command: [e088c535f817b5bc5cbd08ced88b11ea, screenshot {}]
Capabilities {acceptInsecureCerts: false, browserName: chrome, browserVersion: 134.0.6998.167, chrome: {chromedriverVersion: 134.0.6998.165 (fd886e2cb29..., userDataDir: C:\Users\AO\AppData\Local\T...}, fedcm:accounts: true, goog:chromeOptions: {debuggerAddress: localhost:62790}, networkConnectionEnabled: false, pageLoadStrategy: normal, platformName: windows, proxy: Proxy(), se:cdp: ws://localhost:62790/devtoo..., se:cdpVersion: 134.0.6998.167, setWindowRect: true, strictFileInteractability: false, timeouts: {implicit: 0, pageLoad: 300000, script: 30000}, unhandledPromptBehavior: dismiss and notify, webauthn:extension:credBlob: true, webauthn:extension:largeBlob: true, webauthn:extension:minPinLength: true, webauthn:extension:prf: true, webauthn:virtualAuthenticators: true}
Session ID: e088c535f817b5bc5cbd08ced88b11ea
at java.base/jdk.internal.reflect.DirectConstructorHandleAccessor.newInstance(DirectConstructorHandleAccessor.java:62)
at java.base/java.lang.reflect.Constructor.newInstanceWithCaller(Constructor.java:502)
at java.base/java.lang.reflect.Constructor.newInstance(Constructor.java:486)
at org.openqa.selenium.remote.codec.w3c.W3CHttpResponseCodec.createException(W3CHttpResponseCodec.java:200)
at org.openqa.selenium.remote.codec.w3c.W3CHttpResponseCodec.decode(W3CHttpResponseCodec.java:133)
at org.openqa.selenium.remote.codec.w3c.W3CHttpResponseCodec.decode(W3CHttpResponseCodec.java:52)
at org.openqa.selenium.remote.HttpCommandExecutor.execute(HttpCommandExecutor.java:191)
at org.openqa.selenium.remote.service.DriverCommandExecutor.invokeExecute(DriverCommandExecutor.java:200)
at org.openqa.selenium.remote.service.DriverCommandExecutor.execute(DriverCommandExecutor.java:175)
at org.openqa.selenium.remote.RemoteWebDriver.execute(RemoteWebDriver.java:523)
at org.openqa.selenium.remote.RemoteWebDriver.execute(RemoteWebDriver.java:596)
at org.openqa.selenium.remote.RemoteWebDriver.execute(RemoteWebDriver.java:600)
at org.openqa.selenium.remote.RemoteWebDriver.getScreenshotAs(RemoteWebDriver.java:326)
at com.nspl.agingoptions.webUtil.WebUtil.takeSchreenshot(WebUtil.java:459)
at com.nspl.agingoptions.webUtil.BaseTest.afterMethod(BaseTest.java:72)
at java.base/jdk.internal.reflect.DirectMethodHandleAccessor.invoke(DirectMethodHandleAccessor.java:103)
at java.base/java.lang.reflect.Method.invoke(Method.java:580)
at org.testng.internal.invokers.MethodInvocationHelper.invokeMethod(MethodInvocationHelper.java:141)
at org.testng.internal.invokers.MethodInvocationHelper.invokeMethodConsideringTimeout(MethodInvocationHelper.java:71)
at org.testng.internal.invokers.ConfigInvoker.invokeConfigurationMethod(ConfigInvoker.java:400)
at org.testng.internal.invokers.ConfigInvoker.invokeConfigurations(ConfigInvoker.java:333)
at org.testng.internal.invokers.TestInvoker.runConfigMethods(TestInvoker.java:836)
at org.testng.internal.invokers.TestInvoker.runAfterConfigurations(TestInvoker.java:805)
at org.testng.internal.invokers.TestInvoker.invokeMethod(TestInvoker.java:781)
at org.testng.internal.invokers.TestInvoker.retryFailed(TestInvoker.java:269)
at org.testng.internal.invokers.MethodRunner.runInSequence(MethodRunner.java:76)
at org.testng.internal.invokers.TestInvoker$MethodInvocationAgent.invoke(TestInvoker.java:995)
at org.testng.internal.invokers.TestInvoker.invokeTestMethods(TestInvoker.java:203)
at org.testng.internal.invokers.TestMethodWorker.invokeTestMethods(TestMethodWorker.java:154)
at org.testng.internal.invokers.TestMethodWorker.run(TestMethodWorker.java:134)
at java.base/java.util.concurrent.Executors$RunnableAdapter.call(Executors.java:572)
at java.base/java.util.concurrent.FutureTask.run(FutureTask.java:317)
at org.testng.internal.thread.graph.TestNGFutureTask.run(TestNGFutureTask.java:22)
at java.base/java.util.concurrent.ThreadPoolExecutor.runWorker(ThreadPoolExecutor.java:1144)
at java.base/java.util.concurrent.ThreadPoolExecutor$Worker.run(ThreadPoolExecutor.java:642)
at java.base/java.lang.Thread.run(Thread.java:1583)
]]>
    </error>
  </testcase> <!-- afterMethod -->
  <testcase classname="com.nspl.agingoptions.healthpage.testcases.MarriedUserHealthInfoTestCases" name="Personal_MedicalHistoryPage_Health_001" time="22.879"/>
  <testcase classname="com.nspl.agingoptions.healthpage.testcases.MarriedUserHealthInfoTestCases" name="personal_Medical_History_MedicalConditionsElementVisibility_Health_002" time="0.052">
    <error message="invalid session id
Build info: version: &#039;4.16.1&#039;, revision: &#039;9b4c83354e&#039;
System info: os.name: &#039;Windows 10&#039;, os.arch: &#039;amd64&#039;, os.version: &#039;10.0&#039;, java.version: &#039;21.0.6&#039;
Driver info: org.openqa.selenium.chrome.ChromeDriver
Command: [e088c535f817b5bc5cbd08ced88b11ea, findElement {using=xpath, value=(//p[text()=&#039;Dementia/Alzheimer’s&#039;])[1]}]
Capabilities {acceptInsecureCerts: false, browserName: chrome, browserVersion: 134.0.6998.167, chrome: {chromedriverVersion: 134.0.6998.165 (fd886e2cb29..., userDataDir: C:\Users\AO\AppData\Local\T...}, fedcm:accounts: true, goog:chromeOptions: {debuggerAddress: localhost:62790}, networkConnectionEnabled: false, pageLoadStrategy: normal, platformName: windows, proxy: Proxy(), se:cdp: ws://localhost:62790/devtoo..., se:cdpVersion: 134.0.6998.167, setWindowRect: true, strictFileInteractability: false, timeouts: {implicit: 0, pageLoad: 300000, script: 30000}, unhandledPromptBehavior: dismiss and notify, webauthn:extension:credBlob: true, webauthn:extension:largeBlob: true, webauthn:extension:minPinLength: true, webauthn:extension:prf: true, webauthn:virtualAuthenticators: true}
Session ID: e088c535f817b5bc5cbd08ced88b11ea" type="org.openqa.selenium.NoSuchSessionException">
      <![CDATA[org.openqa.selenium.NoSuchSessionException: invalid session id
Build info: version: '4.16.1', revision: '9b4c83354e'
System info: os.name: 'Windows 10', os.arch: 'amd64', os.version: '10.0', java.version: '21.0.6'
Driver info: org.openqa.selenium.chrome.ChromeDriver
Command: [e088c535f817b5bc5cbd08ced88b11ea, findElement {using=xpath, value=(//p[text()='Dementia/Alzheimer’s'])[1]}]
Capabilities {acceptInsecureCerts: false, browserName: chrome, browserVersion: 134.0.6998.167, chrome: {chromedriverVersion: 134.0.6998.165 (fd886e2cb29..., userDataDir: C:\Users\AO\AppData\Local\T...}, fedcm:accounts: true, goog:chromeOptions: {debuggerAddress: localhost:62790}, networkConnectionEnabled: false, pageLoadStrategy: normal, platformName: windows, proxy: Proxy(), se:cdp: ws://localhost:62790/devtoo..., se:cdpVersion: 134.0.6998.167, setWindowRect: true, strictFileInteractability: false, timeouts: {implicit: 0, pageLoad: 300000, script: 30000}, unhandledPromptBehavior: dismiss and notify, webauthn:extension:credBlob: true, webauthn:extension:largeBlob: true, webauthn:extension:minPinLength: true, webauthn:extension:prf: true, webauthn:virtualAuthenticators: true}
Session ID: e088c535f817b5bc5cbd08ced88b11ea
at java.base/jdk.internal.reflect.DirectConstructorHandleAccessor.newInstance(DirectConstructorHandleAccessor.java:62)
at java.base/java.lang.reflect.Constructor.newInstanceWithCaller(Constructor.java:502)
at java.base/java.lang.reflect.Constructor.newInstance(Constructor.java:486)
at org.openqa.selenium.remote.codec.w3c.W3CHttpResponseCodec.createException(W3CHttpResponseCodec.java:200)
at org.openqa.selenium.remote.codec.w3c.W3CHttpResponseCodec.decode(W3CHttpResponseCodec.java:133)
at org.openqa.selenium.remote.codec.w3c.W3CHttpResponseCodec.decode(W3CHttpResponseCodec.java:52)
at org.openqa.selenium.remote.HttpCommandExecutor.execute(HttpCommandExecutor.java:191)
at org.openqa.selenium.remote.service.DriverCommandExecutor.invokeExecute(DriverCommandExecutor.java:200)
at org.openqa.selenium.remote.service.DriverCommandExecutor.execute(DriverCommandExecutor.java:175)
at org.openqa.selenium.remote.RemoteWebDriver.execute(RemoteWebDriver.java:523)
at org.openqa.selenium.remote.ElementLocation$ElementFinder$2.findElement(ElementLocation.java:165)
at org.openqa.selenium.remote.ElementLocation.findElement(ElementLocation.java:59)
at org.openqa.selenium.remote.RemoteWebDriver.findElement(RemoteWebDriver.java:360)
at org.openqa.selenium.remote.RemoteWebDriver.findElement(RemoteWebDriver.java:354)
at org.openqa.selenium.support.pagefactory.DefaultElementLocator.findElement(DefaultElementLocator.java:68)
at org.openqa.selenium.support.pagefactory.internal.LocatingElementHandler.invoke(LocatingElementHandler.java:38)
at jdk.proxy2/jdk.proxy2.$Proxy20.isDisplayed(Unknown Source)
at org.openqa.selenium.support.ui.ExpectedConditions.elementIfVisible(ExpectedConditions.java:304)
at org.openqa.selenium.support.ui.ExpectedConditions$10.apply(ExpectedConditions.java:290)
at org.openqa.selenium.support.ui.ExpectedConditions$10.apply(ExpectedConditions.java:287)
at org.openqa.selenium.support.ui.FluentWait.until(FluentWait.java:204)
at com.nspl.agingoptions.webUtil.WebUtil.isDisplayed(WebUtil.java:1105)
at com.agingoptions.health.PersonalMedicalHistory.primaryMemberDementiaAlzheimerStatus(PersonalMedicalHistory.java:69)
at com.nspl.agingoptions.healthpage.testcases.MarriedUserHealthInfoTestCases.personal_Medical_History_MedicalConditionsElementVisibility_Health_002(MarriedUserHealthInfoTestCases.java:44)
at java.base/jdk.internal.reflect.DirectMethodHandleAccessor.invoke(DirectMethodHandleAccessor.java:103)
at java.base/java.lang.reflect.Method.invoke(Method.java:580)
at org.testng.internal.invokers.MethodInvocationHelper.invokeMethod(MethodInvocationHelper.java:141)
at org.testng.internal.invokers.TestInvoker.invokeMethod(TestInvoker.java:687)
at org.testng.internal.invokers.TestInvoker.retryFailed(TestInvoker.java:269)
at org.testng.internal.invokers.MethodRunner.runInSequence(MethodRunner.java:76)
at org.testng.internal.invokers.TestInvoker$MethodInvocationAgent.invoke(TestInvoker.java:995)
at org.testng.internal.invokers.TestInvoker.invokeTestMethods(TestInvoker.java:203)
at org.testng.internal.invokers.TestMethodWorker.invokeTestMethods(TestMethodWorker.java:154)
at org.testng.internal.invokers.TestMethodWorker.run(TestMethodWorker.java:134)
at java.base/java.util.concurrent.Executors$RunnableAdapter.call(Executors.java:572)
at java.base/java.util.concurrent.FutureTask.run(FutureTask.java:317)
at org.testng.internal.thread.graph.TestNGFutureTask.run(TestNGFutureTask.java:22)
at java.base/java.util.concurrent.ThreadPoolExecutor.runWorker(ThreadPoolExecutor.java:1144)
at java.base/java.util.concurrent.ThreadPoolExecutor$Worker.run(ThreadPoolExecutor.java:642)
at java.base/java.lang.Thread.run(Thread.java:1583)
]]>
    </error>
  </testcase> <!-- personal_Medical_History_MedicalConditionsElementVisibility_Health_002 -->
  <testcase classname="com.nspl.agingoptions.healthpage.testcases.MarriedUserHealthInfoTestCases" name="personal_Medical_History_MedicalConditionsElementVisibility_Health_002" time="81.842">
    <skipped/>
  </testcase> <!-- personal_Medical_History_MedicalConditionsElementVisibility_Health_002 -->
  <testcase classname="com.nspl.agingoptions.healthpage.testcases.MarriedUserHealthInfoTestCases" name="personal_Medical_History_MedicalConditionsElementVisibility_Health_002" time="67.038">
    <skipped/>
  </testcase> <!-- personal_Medical_History_MedicalConditionsElementVisibility_Health_002 -->
  <testcase classname="com.nspl.agingoptions.healthpage.testcases.MarriedUserHealthInfoTestCases" name="personal_Medical_History_MedicalConditionsElementVisibility_Health_002" time="0.213">
    <skipped/>
  </testcase> <!-- personal_Medical_History_MedicalConditionsElementVisibility_Health_002 -->
  <testcase classname="com.nspl.agingoptions.healthpage.testcases.MarriedUserHealthInfoTestCases" name="personal_Medical_History_EnvironmentalLifeStyleFactorsElementVisibility_Health_003" time="0.001">
    <skipped/>
  </testcase> <!-- personal_Medical_History_EnvironmentalLifeStyleFactorsElementVisibility_Health_003 -->
  <testcase classname="com.nspl.agingoptions.healthpage.testcases.MarriedUserHealthInfoTestCases" name="personal_Medical_History_BloodTypeSelection_Health_004_" time="0.000">
    <skipped/>
  </testcase> <!-- personal_Medical_History_BloodTypeSelection_Health_004_ -->
  <testcase classname="com.nspl.agingoptions.healthpage.testcases.MarriedUserHealthInfoTestCases" name="personal_Medical_History_MedicalConditionElement_Health_005_" time="107.416"/>
  <testcase classname="com.nspl.agingoptions.healthpage.testcases.MarriedUserHealthInfoTestCases" name="personal_Medical_History_EnvironmentalLifestyleFactorsDetails_Health_006_" time="23.926"/>
  <testcase classname="com.nspl.agingoptions.healthpage.testcases.MarriedUserHealthInfoTestCases" name="familyMedicalHistoryNonLivingParentInfoDetails_TC_011">
    <skipped/>
  </testcase> <!-- familyMedicalHistoryNonLivingParentInfoDetails_TC_011 -->
  <testcase classname="com.nspl.agingoptions.healthpage.testcases.MarriedUserHealthInfoTestCases" name="Health_InputSubstanceUseDetails_TC_008">
    <skipped/>
  </testcase> <!-- Health_InputSubstanceUseDetails_TC_008 -->
  <testcase classname="com.nspl.agingoptions.healthpage.testcases.MarriedUserHealthInfoTestCases" name="familyMedicalHistoryNonLivingParentInfoDetails_TC_012">
    <skipped/>
  </testcase> <!-- familyMedicalHistoryNonLivingParentInfoDetails_TC_012 -->
  <testcase classname="com.nspl.agingoptions.healthpage.testcases.MarriedUserHealthInfoTestCases" name="LifeStyleGeneralHealthNutritionDetailsHealth_TC_007">
    <skipped/>
  </testcase> <!-- LifeStyleGeneralHealthNutritionDetailsHealth_TC_007 -->
  <testcase classname="com.nspl.agingoptions.healthpage.testcases.MarriedUserHealthInfoTestCases" name="Health_InputSocialHabitsDetails_TC_09">
    <skipped/>
  </testcase> <!-- Health_InputSocialHabitsDetails_TC_09 -->
  <testcase classname="com.nspl.agingoptions.healthpage.testcases.MarriedUserHealthInfoTestCases" name="familyMedicalHistoryLivingParentInfoDetails_TC_010">
    <skipped/>
  </testcase> <!-- familyMedicalHistoryLivingParentInfoDetails_TC_010 -->
</testsuite> <!-- com.nspl.agingoptions.healthpage.testcases.MarriedUserHealthInfoTestCases -->
