<?xml version="1.0" encoding="UTF-8"?>
<!-- Generated by org.testng.reporters.JUnitReportReporter -->
<testsuite hostname="DESKTOP-LA6T5Q8" failures="0" tests="3" name="com.nspl.agingoptions.financepage.testcases.LiabilitiesTestCases" time="157.079" errors="0" timestamp="2025-05-19T11:18:48 IST" skipped="0">
  <testcase classname="com.nspl.agingoptions.financepage.testcases.LiabilitiesTestCases" name="FTC_029_LiabilitiesSaveContinueLaterButton" time="27.083"/>
  <testcase classname="com.nspl.agingoptions.financepage.testcases.LiabilitiesTestCases" name="FTC_030_LiabilitiesSaveAddAnotherButton" time="107.580"/>
  <testcase classname="com.nspl.agingoptions.financepage.testcases.LiabilitiesTestCases" name="FTC_031_LiabilitiesSaveAndProceedToIncomeButton" time="22.416"/>
</testsuite> <!-- com.nspl.agingoptions.financepage.testcases.LiabilitiesTestCases -->
