<?xml version="1.0" encoding="UTF-8"?>
<!-- Generated by org.testng.reporters.JUnitReportReporter -->
<testsuite hostname="DESKTOP-LA6T5Q8" failures="0" tests="1" name="com.nspl.agingoptions.login_registrationpage.testcases.MarriedUserFamilyInfoTestCases" time="27.623" errors="0" timestamp="2025-03-21T12:23:38 IST" skipped="0">
  <testcase classname="com.nspl.agingoptions.login_registrationpage.testcases.MarriedUserFamilyInfoTestCases" name="Health_001_Personal_MedicalHistory_ElementPresence" time="27.623"/>
</testsuite> <!-- com.nspl.agingoptions.login_registrationpage.testcases.MarriedUserFamilyInfoTestCases -->
