<?xml version="1.0" encoding="UTF-8"?>
<!-- Generated by org.testng.reporters.JUnitReportReporter -->
<testsuite hostname="DESKTOP-LA6T5Q8" failures="0" tests="1" name="com.nspl.agingoptions.financepage.testcases.FutureExpectationTestCases" time="18.360" errors="0" timestamp="2025-05-22T17:20:26 IST" skipped="0">
  <testcase classname="com.nspl.agingoptions.financepage.testcases.FutureExpectationTestCases" name="FTC_028_FutureExpectation" time="18.360"/>
</testsuite> <!-- com.nspl.agingoptions.financepage.testcases.FutureExpectationTestCases -->
