<?xml version="1.0" encoding="UTF-8"?>
<!-- Generated by org.testng.reporters.JUnitReportReporter -->
<testsuite hostname="DESKTOP-LA6T5Q8" failures="0" tests="6" name="com.nspl.agingoptions.financepage.testcases.BookKeeperTestCases" time="237.118" errors="0" timestamp="2025-05-25T18:17:42 IST" skipped="0">
  <testcase classname="com.nspl.agingoptions.financepage.testcases.BookKeeperTestCases" name="FTC_055_PrimaryMemberSaveContinueLaterButton" time="35.910"/>
  <testcase classname="com.nspl.agingoptions.financepage.testcases.BookKeeperTestCases" name="FTC_056_PrimarySaveAddAnotherButton" time="35.983"/>
  <testcase classname="com.nspl.agingoptions.financepage.testcases.BookKeeperTestCases" name="FTC_057_PrimaryMemberSaveAndProceedToSpouseButton" time="39.466"/>
  <testcase classname="com.nspl.agingoptions.financepage.testcases.BookKeeperTestCases" name="FTC_058_SpouseSaveContinueLaterButton" time="38.781"/>
  <testcase classname="com.nspl.agingoptions.financepage.testcases.BookKeeperTestCases" name="FTC_059_SpouseSaveAddAnotherButton" time="38.819"/>
  <testcase classname="com.nspl.agingoptions.financepage.testcases.BookKeeperTestCases" name="FTC_060_SpouseSaveAndProceedToLegalButton" time="48.159"/>
</testsuite> <!-- com.nspl.agingoptions.financepage.testcases.BookKeeperTestCases -->
