<?xml version="1.0" encoding="UTF-8"?>
<!-- Generated by org.testng.reporters.JUnitReportReporter -->
<testsuite hostname="DESKTOP-LA6T5Q8" failures="0" tests="11" name="com.nspl.HousingInfoPageTestcase.HousingProfessional_MortgageBrokerTestScript" time="0.001" errors="0" timestamp="2025-04-06T17:54:01 IST" skipped="11">
  <testcase classname="com.nspl.HousingInfoPageTestcase.HousingProfessional_MortgageBrokerTestScript" name="VerifySaveAndContinueSpouseMortgageBrokerDetails" time="0.000">
    <skipped/>
  </testcase> <!-- VerifySaveAndContinueSpouseMortgageBrokerDetails -->
  <testcase classname="com.nspl.HousingInfoPageTestcase.HousingProfessional_MortgageBrokerTestScript" name="VerifyIdONotHaveRealtorCheckBoxFunctionality" time="0.000">
    <skipped/>
  </testcase> <!-- VerifyIdONotHaveRealtorCheckBoxFunctionality -->
  <testcase classname="com.nspl.HousingInfoPageTestcase.HousingProfessional_MortgageBrokerTestScript" name="VerifyUpdateMortgageBrokerDetails" time="0.000">
    <skipped/>
  </testcase> <!-- VerifyUpdateMortgageBrokerDetails -->
  <testcase classname="com.nspl.HousingInfoPageTestcase.HousingProfessional_MortgageBrokerTestScript" name="verifyToggleButton" time="0.000">
    <skipped/>
  </testcase> <!-- verifyToggleButton -->
  <testcase classname="com.nspl.HousingInfoPageTestcase.HousingProfessional_MortgageBrokerTestScript" name="VerifySaveAndProceedSpouseMortgageBrokerDetails" time="0.000">
    <skipped/>
  </testcase> <!-- VerifySaveAndProceedSpouseMortgageBrokerDetails -->
  <testcase classname="com.nspl.HousingInfoPageTestcase.HousingProfessional_MortgageBrokerTestScript" name="VerifySaveAndAddAnotherPrimaryMemberMortgageBrokerDetails" time="0.001">
    <skipped/>
  </testcase> <!-- VerifySaveAndAddAnotherPrimaryMemberMortgageBrokerDetails -->
  <testcase classname="com.nspl.HousingInfoPageTestcase.HousingProfessional_MortgageBrokerTestScript" name="VerifyClickIDoNotHaveMortgageCheckBox" time="0.000">
    <skipped/>
  </testcase> <!-- VerifyClickIDoNotHaveMortgageCheckBox -->
  <testcase classname="com.nspl.HousingInfoPageTestcase.HousingProfessional_MortgageBrokerTestScript" name="VerifyCopySameDataFunctionality" time="0.000">
    <skipped/>
  </testcase> <!-- VerifyCopySameDataFunctionality -->
  <testcase classname="com.nspl.HousingInfoPageTestcase.HousingProfessional_MortgageBrokerTestScript" name="VerifySaveAndproceedPrimaryMemberMortgageBrokerDetails" time="0.000">
    <skipped/>
  </testcase> <!-- VerifySaveAndproceedPrimaryMemberMortgageBrokerDetails -->
  <testcase classname="com.nspl.HousingInfoPageTestcase.HousingProfessional_MortgageBrokerTestScript" name="verifyaddMortgageForPraimaryMember" time="0.000">
    <skipped/>
  </testcase> <!-- verifyaddMortgageForPraimaryMember -->
  <testcase classname="com.nspl.HousingInfoPageTestcase.HousingProfessional_MortgageBrokerTestScript" name="verifyMortgagePageOnHousingProfessional" time="0.000">
    <skipped/>
  </testcase> <!-- verifyMortgagePageOnHousingProfessional -->
</testsuite> <!-- com.nspl.HousingInfoPageTestcase.HousingProfessional_MortgageBrokerTestScript -->
