<?xml version="1.0" encoding="UTF-8"?>
<!-- Generated by org.testng.reporters.JUnitReportReporter -->
<testsuite hostname="DESKTOP-LA6T5Q8" failures="0" tests="4" name="com.nspl.agingoptions.financepage.testcases.LiabilitiesTestCases" time="220.316" errors="0" timestamp="2025-05-22T17:20:26 IST" skipped="1">
  <testcase classname="com.nspl.agingoptions.financepage.testcases.LiabilitiesTestCases" name="FTC_029_LiabilitiesSaveContinueLaterButton" time="63.163">
    <skipped/>
  </testcase> <!-- FTC_029_LiabilitiesSaveContinueLaterButton -->
  <testcase classname="com.nspl.agingoptions.financepage.testcases.LiabilitiesTestCases" name="FTC_029_LiabilitiesSaveContinueLaterButton" time="27.504"/>
  <testcase classname="com.nspl.agingoptions.financepage.testcases.LiabilitiesTestCases" name="FTC_030_LiabilitiesSaveAddAnotherButton" time="107.688"/>
  <testcase classname="com.nspl.agingoptions.financepage.testcases.LiabilitiesTestCases" name="FTC_031_LiabilitiesSaveAndProceedToIncomeButton" time="21.961"/>
</testsuite> <!-- com.nspl.agingoptions.financepage.testcases.LiabilitiesTestCases -->
