<?xml version="1.0" encoding="UTF-8"?>
<!-- Generated by org.testng.reporters.JUnitReportReporter -->
<testsuite hostname="DESKTOP-LA6T5Q8" failures="0" tests="4" name="com.nspl.agingoptions.financepage.testcases.Non_RetirementTestCases" time="384.778" errors="0" timestamp="2025-04-17T10:43:45 IST" skipped="1">
  <testcase classname="com.nspl.agingoptions.financepage.testcases.Non_RetirementTestCases" name="FTC01_Non_RetirementSaveContinueLaterButton" time="67.196"/>
  <testcase classname="com.nspl.agingoptions.financepage.testcases.Non_RetirementTestCases" name="FTC02_Non_RetirementSaveAddAnotherButton" time="99.162"/>
  <testcase classname="com.nspl.agingoptions.financepage.testcases.Non_RetirementTestCases" name="FTC02_Non_RetirementSaveAddAnotherButton" time="108.685">
    <skipped/>
  </testcase> <!-- FTC02_Non_RetirementSaveAddAnotherButton -->
  <testcase classname="com.nspl.agingoptions.financepage.testcases.Non_RetirementTestCases" name="FTC03_Non_RetirementSaveAddProceedToRetirementButton" time="109.735"/>
</testsuite> <!-- com.nspl.agingoptions.financepage.testcases.Non_RetirementTestCases -->
