<?xml version="1.0" encoding="UTF-8"?>
<!-- Generated by org.testng.reporters.JUnitReportReporter -->
<testsuite hostname="DESKTOP-LA6T5Q8" failures="0" tests="4" name="com.nspl.agingoptions.healthpage.testcases.PrimaryCarePhysicianTestCases" time="173.554" errors="0" timestamp="2025-04-03T17:43:53 IST" skipped="0">
  <testcase classname="com.nspl.agingoptions.healthpage.testcases.PrimaryCarePhysicianTestCases" name="TC_015_PrimaryMemberIDontHavePrimaryCarePhyscian" time="26.473"/>
  <testcase classname="com.nspl.agingoptions.healthpage.testcases.PrimaryCarePhysicianTestCases" name="TC_016_SpouseIDontHavePrimaryCarePhyscian" time="27.232"/>
  <testcase classname="com.nspl.agingoptions.healthpage.testcases.PrimaryCarePhysicianTestCases" name="TC_017_inputPrimaryMemberCarePhysicianAndSave" time="59.749"/>
  <testcase classname="com.nspl.agingoptions.healthpage.testcases.PrimaryCarePhysicianTestCases" name="TC_018_inputSpouseCarePhysicianAndSave" time="60.100"/>
</testsuite> <!-- com.nspl.agingoptions.healthpage.testcases.PrimaryCarePhysicianTestCases -->
