<?xml version="1.0" encoding="UTF-8"?>
<!-- Generated by org.testng.reporters.JUnitReportReporter -->
<testsuite hostname="DESKTOP-LA6T5Q8" failures="0" tests="6" name="com.nspl.agingoptions.healthpage.testcases.MedicationSupplementsTestCases" time="174.262" errors="0" timestamp="2025-04-14T12:09:33 IST" skipped="0">
  <testcase classname="com.nspl.agingoptions.healthpage.testcases.MedicationSupplementsTestCases" name="TC_033_PrimaryMemberMedicationSaveAndContinueLaterButton" time="17.222"/>
  <testcase classname="com.nspl.agingoptions.healthpage.testcases.MedicationSupplementsTestCases" name="TC_034_PrimaryMemberMedicationSaveAndAddAnotherButton" time="21.718"/>
  <testcase classname="com.nspl.agingoptions.healthpage.testcases.MedicationSupplementsTestCases" name="TC_035_PrimaryMemberMedicationSaveAndProceedToSpouseButton" time="22.765"/>
  <testcase classname="com.nspl.agingoptions.healthpage.testcases.MedicationSupplementsTestCases" name="TC_036_SpouseMedicationSaveAndContinueLaterButton" time="16.545"/>
  <testcase classname="com.nspl.agingoptions.healthpage.testcases.MedicationSupplementsTestCases" name="TC_037_SpouseMedicationSaveAndAddAnotherButton" time="22.973"/>
  <testcase classname="com.nspl.agingoptions.healthpage.testcases.MedicationSupplementsTestCases" name="TC_038_SpuseMedicationSaveAndProceedToHousingButton" time="73.039"/>
</testsuite> <!-- com.nspl.agingoptions.healthpage.testcases.MedicationSupplementsTestCases -->
