<?xml version="1.0" encoding="UTF-8"?>
<!-- Generated by org.testng.reporters.JUnitReportReporter -->
<testsuite hostname="Dell" failures="0" tests="9" name="com.nspl.LegalInfoTestScript.FiduciaryBeneficiaryTestScript" time="0.002" errors="0" timestamp="2025-05-22T09:45:20 IST" skipped="9">
  <testcase classname="com.nspl.LegalInfoTestScript.FiduciaryBeneficiaryTestScript" name="VerifyPrimaryMemberAndSpouseFiduciaryBeneficiaryPageMemberList" time="0.000">
    <skipped/>
  </testcase> <!-- VerifyPrimaryMemberAndSpouseFiduciaryBeneficiaryPageMemberList -->
  <testcase classname="com.nspl.LegalInfoTestScript.FiduciaryBeneficiaryTestScript" name="VerifyClientTableFiduciaryBeneficiaryCheckboxFunctionality" time="0.000">
    <skipped/>
  </testcase> <!-- VerifyClientTableFiduciaryBeneficiaryCheckboxFunctionality -->
  <testcase classname="com.nspl.LegalInfoTestScript.FiduciaryBeneficiaryTestScript" name="VerifySpouseTableFiduciaryBeneficiaryCheckBoxFunctionality" time="0.000">
    <skipped/>
  </testcase> <!-- VerifySpouseTableFiduciaryBeneficiaryCheckBoxFunctionality -->
  <testcase classname="com.nspl.LegalInfoTestScript.FiduciaryBeneficiaryTestScript" name="VerifyAddFiduciaryBeneficiaryDetails" time="0.000">
    <skipped/>
  </testcase> <!-- VerifyAddFiduciaryBeneficiaryDetails -->
  <testcase classname="com.nspl.LegalInfoTestScript.FiduciaryBeneficiaryTestScript" name="VerifyWhenWeMakeFiduciaryMemberAsSpecialNeeds" time="0.000">
    <skipped/>
  </testcase> <!-- VerifyWhenWeMakeFiduciaryMemberAsSpecialNeeds -->
  <testcase classname="com.nspl.LegalInfoTestScript.FiduciaryBeneficiaryTestScript" name="VerifyWhenWeMakeFiduciaryBeneficiryMemberDeceased" time="0.002">
    <skipped/>
  </testcase> <!-- VerifyWhenWeMakeFiduciaryBeneficiryMemberDeceased -->
  <testcase classname="com.nspl.LegalInfoTestScript.FiduciaryBeneficiaryTestScript" name="VerifyWhenWeMakeSpecialNeedsMemberAsFiduciary" time="0.000">
    <skipped/>
  </testcase> <!-- VerifyWhenWeMakeSpecialNeedsMemberAsFiduciary -->
  <testcase classname="com.nspl.LegalInfoTestScript.FiduciaryBeneficiaryTestScript" name="verifyAgeValidationForFiduciary" time="0.000">
    <skipped/>
  </testcase> <!-- verifyAgeValidationForFiduciary -->
  <testcase classname="com.nspl.LegalInfoTestScript.FiduciaryBeneficiaryTestScript" name="VerifyFiduciaryBeneficiaryPage">
    <skipped/>
  </testcase> <!-- VerifyFiduciaryBeneficiaryPage -->
</testsuite> <!-- com.nspl.LegalInfoTestScript.FiduciaryBeneficiaryTestScript -->
