<?xml version="1.0" encoding="UTF-8"?>
<!-- Generated by org.testng.reporters.JUnitReportReporter -->
<testsuite hostname="DESKTOP-LA6T5Q8" failures="0" tests="1" name="com.nspl.agingoptions.healthpage.testcases.SpecialistTestCases" time="83.269" errors="0" timestamp="2025-04-14T14:00:45 IST" skipped="0">
  <testcase classname="com.nspl.agingoptions.healthpage.testcases.SpecialistTestCases" name="TC_023_PrimarySpecialistSaveDetailsSaveAndAddAnotherButtonAndSameAsSpouse" time="83.269"/>
</testsuite> <!-- com.nspl.agingoptions.healthpage.testcases.SpecialistTestCases -->
