<?xml version="1.0" encoding="UTF-8"?>
<!-- Generated by org.testng.reporters.JUnitReportReporter -->
<testsuite hostname="DESKTOP-LA6T5Q8" failures="0" tests="3" name="com.nspl.agingoptions.financepage.testcases.BusinessInterestTestCases" time="78.381" errors="0" timestamp="2025-05-25T18:17:42 IST" skipped="0">
  <testcase classname="com.nspl.agingoptions.financepage.testcases.BusinessInterestTestCases" name="FTC_010_BusinessInterestSaveContinueLaterButton" time="25.968"/>
  <testcase classname="com.nspl.agingoptions.financepage.testcases.BusinessInterestTestCases" name="FTC_011_BusinessInterestSaveAddAnotherButton" time="33.565"/>
  <testcase classname="com.nspl.agingoptions.financepage.testcases.BusinessInterestTestCases" name="FTC_012_BusinessInterestSaveAddAnotherButton" time="18.848"/>
</testsuite> <!-- com.nspl.agingoptions.financepage.testcases.BusinessInterestTestCases -->
