<?xml version="1.0" encoding="UTF-8"?>
<!-- Generated by org.testng.reporters.JUnitReportReporter -->
<testsuite hostname="DESKTOP-LA6T5Q8" failures="0" tests="6" name="com.nspl.agingoptions.healthpage.testcases.MedicationSupplementsTestCases" time="133.013" errors="0" timestamp="2025-05-21T11:04:00 IST" skipped="0">
  <testcase classname="com.nspl.agingoptions.healthpage.testcases.MedicationSupplementsTestCases" name="TC_033_PrimaryMemberMedicationSaveAndContinueLaterButton" time="16.480"/>
  <testcase classname="com.nspl.agingoptions.healthpage.testcases.MedicationSupplementsTestCases" name="TC_034_PrimaryMemberMedicationSaveAndAddAnotherButton" time="21.519"/>
  <testcase classname="com.nspl.agingoptions.healthpage.testcases.MedicationSupplementsTestCases" name="TC_035_PrimaryMemberMedicationSaveAndProceedHousingButton" time="24.922"/>
  <testcase classname="com.nspl.agingoptions.healthpage.testcases.MedicationSupplementsTestCases" name="TC_036_SpouseMedicationSaveAndContinueLaterButton" time="18.800"/>
  <testcase classname="com.nspl.agingoptions.healthpage.testcases.MedicationSupplementsTestCases" name="TC_037_SpouseMedicationSaveAndAddAnotherButton" time="22.420"/>
  <testcase classname="com.nspl.agingoptions.healthpage.testcases.MedicationSupplementsTestCases" name="TC_038_SpuseMedicationSaveAndProceedToHousingButton" time="28.872"/>
</testsuite> <!-- com.nspl.agingoptions.healthpage.testcases.MedicationSupplementsTestCases -->
