<?xml version="1.0" encoding="UTF-8"?>
<!-- Generated by org.testng.reporters.JUnitReportReporter -->
<testsuite hostname="Dell" failures="0" tests="10" name="com.nspl.LegalInfoTestScript.PreviousLagalDocumentTestCases" time="74.917" errors="0" timestamp="2025-04-14T14:51:33 IST" skipped="9">
  <testcase classname="com.nspl.LegalInfoTestScript.PreviousLagalDocumentTestCases" name="verifySaveAndContinueWithWillTypeDocuments" time="74.917"/>
  <testcase classname="com.nspl.LegalInfoTestScript.PreviousLagalDocumentTestCases" name="verifyClickNoRadioButton_DoYouCurrentlyhaveLegalPlanning">
    <skipped/>
  </testcase> <!-- verifyClickNoRadioButton_DoYouCurrentlyhaveLegalPlanning -->
  <testcase classname="com.nspl.LegalInfoTestScript.PreviousLagalDocumentTestCases" name="verifyDoYouCurrentlyLegalPlanningQuestions">
    <skipped/>
  </testcase> <!-- verifyDoYouCurrentlyLegalPlanningQuestions -->
  <testcase classname="com.nspl.LegalInfoTestScript.PreviousLagalDocumentTestCases" name="VerifyClickYesRadioButton_DoYouCurrentlyhaveLegalPlanning">
    <skipped/>
  </testcase> <!-- VerifyClickYesRadioButton_DoYouCurrentlyhaveLegalPlanning -->
  <testcase classname="com.nspl.LegalInfoTestScript.PreviousLagalDocumentTestCases" name="VerifySaveAndProceedFidBen_DoYouCurrentlyHaveLegalPlanning_NoCheck">
    <skipped/>
  </testcase> <!-- VerifySaveAndProceedFidBen_DoYouCurrentlyHaveLegalPlanning_NoCheck -->
  <testcase classname="com.nspl.LegalInfoTestScript.PreviousLagalDocumentTestCases" name="VerifySaveAndContinueWithTrustTypeDocumentsDetails">
    <skipped/>
  </testcase> <!-- VerifySaveAndContinueWithTrustTypeDocumentsDetails -->
  <testcase classname="com.nspl.LegalInfoTestScript.PreviousLagalDocumentTestCases" name="VerifyTrustDocument">
    <skipped/>
  </testcase> <!-- VerifyTrustDocument -->
  <testcase classname="com.nspl.LegalInfoTestScript.PreviousLagalDocumentTestCases" name="VerifySaveAndContinue_DoYouCurrentlyHaveLegalPlanning_NoCheck">
    <skipped/>
  </testcase> <!-- VerifySaveAndContinue_DoYouCurrentlyHaveLegalPlanning_NoCheck -->
  <testcase classname="com.nspl.LegalInfoTestScript.PreviousLagalDocumentTestCases" name="verifyWillDocument">
    <skipped/>
  </testcase> <!-- verifyWillDocument -->
  <testcase classname="com.nspl.LegalInfoTestScript.PreviousLagalDocumentTestCases" name="verifyLegalInfoPage">
    <skipped/>
  </testcase> <!-- verifyLegalInfoPage -->
</testsuite> <!-- com.nspl.LegalInfoTestScript.PreviousLagalDocumentTestCases -->
