<?xml version="1.0" encoding="UTF-8"?>
<!-- Generated by org.testng.reporters.JUnitReportReporter -->
<testsuite hostname="Dell" failures="0" tests="6" name="com.nspl.LegalInfoTestScript.LivingWillDetailsTestSript" time="107.845" errors="0" timestamp="2025-04-17T17:25:14 IST" skipped="0">
  <testcase classname="com.nspl.LegalInfoTestScript.LivingWillDetailsTestSript" name="VerifyLivingWillDetailsPage" time="21.795"/>
  <testcase classname="com.nspl.LegalInfoTestScript.LivingWillDetailsTestSript" name="SaveAndContinueIWantMaximumTreatMentYes" time="16.117"/>
  <testcase classname="com.nspl.LegalInfoTestScript.LivingWillDetailsTestSript" name="SaveAndContinueIWantMaximumTreatmentNo" time="16.006"/>
  <testcase classname="com.nspl.LegalInfoTestScript.LivingWillDetailsTestSript" name="VerifySaveAndProceedLivingWillDetails" time="21.128"/>
  <testcase classname="com.nspl.LegalInfoTestScript.LivingWillDetailsTestSript" name="verifyIWantMaximumTreatmentCheckedAsYes" time="16.759"/>
  <testcase classname="com.nspl.LegalInfoTestScript.LivingWillDetailsTestSript" name="verifyIWantMaximumTreatmentCheckedAsNo" time="16.040"/>
</testsuite> <!-- com.nspl.LegalInfoTestScript.LivingWillDetailsTestSript -->
