<?xml version="1.0" encoding="UTF-8"?>
<!-- Generated by org.testng.reporters.JUnitReportReporter -->
<testsuite hostname="DESKTOP-LA6T5Q8" failures="0" tests="6" name="com.nspl.agingoptions.healthpage.testcases.MedicationSupplementsTestCases" time="133.072" errors="0" timestamp="2025-05-25T17:00:05 IST" skipped="0">
  <testcase classname="com.nspl.agingoptions.healthpage.testcases.MedicationSupplementsTestCases" name="TC_033_PrimaryMemberMedicationSaveAndContinueLaterButton" time="16.587"/>
  <testcase classname="com.nspl.agingoptions.healthpage.testcases.MedicationSupplementsTestCases" name="TC_034_PrimaryMemberMedicationSaveAndAddAnotherButton" time="21.460"/>
  <testcase classname="com.nspl.agingoptions.healthpage.testcases.MedicationSupplementsTestCases" name="TC_035_PrimaryMemberMedicationSaveAndProceedHousingButton" time="25.293"/>
  <testcase classname="com.nspl.agingoptions.healthpage.testcases.MedicationSupplementsTestCases" name="TC_036_SpouseMedicationSaveAndContinueLaterButton" time="18.892"/>
  <testcase classname="com.nspl.agingoptions.healthpage.testcases.MedicationSupplementsTestCases" name="TC_037_SpouseMedicationSaveAndAddAnotherButton" time="22.408"/>
  <testcase classname="com.nspl.agingoptions.healthpage.testcases.MedicationSupplementsTestCases" name="TC_038_SpuseMedicationSaveAndProceedToHousingButton" time="28.432"/>
</testsuite> <!-- com.nspl.agingoptions.healthpage.testcases.MedicationSupplementsTestCases -->
