<?xml version="1.0" encoding="UTF-8"?>
<!-- Generated by org.testng.reporters.JUnitReportReporter -->
<testsuite hostname="DESKTOP-LA6T5Q8" failures="0" tests="1" name="com.nspl.agingoptions.financepage.testcases.CurrentExpenseTestCases" time="32.300" errors="0" timestamp="2025-05-22T17:20:26 IST" skipped="0">
  <testcase classname="com.nspl.agingoptions.financepage.testcases.CurrentExpenseTestCases" name="FTC_033_InputIncomeDetails" time="32.300"/>
</testsuite> <!-- com.nspl.agingoptions.financepage.testcases.CurrentExpenseTestCases -->
