<?xml version="1.0" encoding="UTF-8"?>
<!-- Generated by org.testng.reporters.JUnitReportReporter -->
<testsuite hostname="DESKTOP-LA6T5Q8" failures="0" tests="12" name="com.nspl.HousingInfoPageTestcase.HousingInfoTestScript" time="66.087" errors="1" timestamp="2025-03-29T20:44:55 IST" skipped="11">
  <testcase classname="com.nspl.HousingInfoPageTestcase.HousingInfoTestScript" name="beforeClass" time="66.085">
    <error message="invalid session id: session deleted as the browser has closed the connection
from disconnected: unable to send message to renderer
  (Session info: chrome=134.0.6998.167)
Build info: version: &#039;4.16.1&#039;, revision: &#039;9b4c83354e&#039;
System info: os.name: &#039;Windows 10&#039;, os.arch: &#039;amd64&#039;, os.version: &#039;10.0&#039;, java.version: &#039;21.0.6&#039;
Driver info: org.openqa.selenium.chrome.ChromeDriver
Command: [a8d3f01351495327ea6173529e5e3933, findElement {using=xpath, value=//button[@class=&#039;btn-close bt&#039;]}]
Capabilities {acceptInsecureCerts: false, browserName: chrome, browserVersion: 134.0.6998.167, chrome: {chromedriverVersion: 134.0.6998.165 (fd886e2cb29..., userDataDir: C:\Users\AO\AppData\Local\T...}, fedcm:accounts: true, goog:chromeOptions: {debuggerAddress: localhost:49877}, networkConnectionEnabled: false, pageLoadStrategy: normal, platformName: windows, proxy: Proxy(), se:cdp: ws://localhost:49877/devtoo..., se:cdpVersion: 134.0.6998.167, setWindowRect: true, strictFileInteractability: false, timeouts: {implicit: 0, pageLoad: 300000, script: 30000}, unhandledPromptBehavior: dismiss and notify, webauthn:extension:credBlob: true, webauthn:extension:largeBlob: true, webauthn:extension:minPinLength: true, webauthn:extension:prf: true, webauthn:virtualAuthenticators: true}
Session ID: a8d3f01351495327ea6173529e5e3933" type="org.openqa.selenium.NoSuchSessionException">
      <![CDATA[org.openqa.selenium.NoSuchSessionException: invalid session id: session deleted as the browser has closed the connection
from disconnected: unable to send message to renderer
  (Session info: chrome=134.0.6998.167)
Build info: version: '4.16.1', revision: '9b4c83354e'
System info: os.name: 'Windows 10', os.arch: 'amd64', os.version: '10.0', java.version: '21.0.6'
Driver info: org.openqa.selenium.chrome.ChromeDriver
Command: [a8d3f01351495327ea6173529e5e3933, findElement {using=xpath, value=//button[@class='btn-close bt']}]
Capabilities {acceptInsecureCerts: false, browserName: chrome, browserVersion: 134.0.6998.167, chrome: {chromedriverVersion: 134.0.6998.165 (fd886e2cb29..., userDataDir: C:\Users\AO\AppData\Local\T...}, fedcm:accounts: true, goog:chromeOptions: {debuggerAddress: localhost:49877}, networkConnectionEnabled: false, pageLoadStrategy: normal, platformName: windows, proxy: Proxy(), se:cdp: ws://localhost:49877/devtoo..., se:cdpVersion: 134.0.6998.167, setWindowRect: true, strictFileInteractability: false, timeouts: {implicit: 0, pageLoad: 300000, script: 30000}, unhandledPromptBehavior: dismiss and notify, webauthn:extension:credBlob: true, webauthn:extension:largeBlob: true, webauthn:extension:minPinLength: true, webauthn:extension:prf: true, webauthn:virtualAuthenticators: true}
Session ID: a8d3f01351495327ea6173529e5e3933
at java.base/jdk.internal.reflect.DirectConstructorHandleAccessor.newInstance(DirectConstructorHandleAccessor.java:62)
at java.base/java.lang.reflect.Constructor.newInstanceWithCaller(Constructor.java:502)
at java.base/java.lang.reflect.Constructor.newInstance(Constructor.java:486)
at org.openqa.selenium.remote.codec.w3c.W3CHttpResponseCodec.createException(W3CHttpResponseCodec.java:200)
at org.openqa.selenium.remote.codec.w3c.W3CHttpResponseCodec.decode(W3CHttpResponseCodec.java:133)
at org.openqa.selenium.remote.codec.w3c.W3CHttpResponseCodec.decode(W3CHttpResponseCodec.java:52)
at org.openqa.selenium.remote.HttpCommandExecutor.execute(HttpCommandExecutor.java:191)
at org.openqa.selenium.remote.service.DriverCommandExecutor.invokeExecute(DriverCommandExecutor.java:200)
at org.openqa.selenium.remote.service.DriverCommandExecutor.execute(DriverCommandExecutor.java:175)
at org.openqa.selenium.remote.RemoteWebDriver.execute(RemoteWebDriver.java:523)
at org.openqa.selenium.remote.ElementLocation$ElementFinder$2.findElement(ElementLocation.java:165)
at org.openqa.selenium.remote.ElementLocation.findElement(ElementLocation.java:59)
at org.openqa.selenium.remote.RemoteWebDriver.findElement(RemoteWebDriver.java:360)
at org.openqa.selenium.remote.RemoteWebDriver.findElement(RemoteWebDriver.java:354)
at org.openqa.selenium.support.pagefactory.DefaultElementLocator.findElement(DefaultElementLocator.java:68)
at org.openqa.selenium.support.pagefactory.internal.LocatingElementHandler.invoke(LocatingElementHandler.java:38)
at jdk.proxy2/jdk.proxy2.$Proxy20.click(Unknown Source)
at com.nspl.agingoptions.webUtil.WebUtil.click(WebUtil.java:320)
at com.nspl.agingoptions.commoncode.CommonCode.createLifePlanningUser(CommonCode.java:95)
at com.nspl.agingoptions.commoncode.CommonCode.LoginWithNewMarriedUser(CommonCode.java:124)
at com.nspl.agingoptions.webUtil.BaseTest.beforeClass(BaseTest.java:65)
at java.base/jdk.internal.reflect.DirectMethodHandleAccessor.invoke(DirectMethodHandleAccessor.java:103)
at java.base/java.lang.reflect.Method.invoke(Method.java:580)
at org.testng.internal.invokers.MethodInvocationHelper.invokeMethod(MethodInvocationHelper.java:141)
at org.testng.internal.invokers.MethodInvocationHelper.invokeMethodConsideringTimeout(MethodInvocationHelper.java:71)
at org.testng.internal.invokers.ConfigInvoker.invokeConfigurationMethod(ConfigInvoker.java:400)
at org.testng.internal.invokers.ConfigInvoker.invokeConfigurations(ConfigInvoker.java:333)
at org.testng.internal.invokers.TestMethodWorker.invokeBeforeClassMethods(TestMethodWorker.java:188)
at org.testng.internal.invokers.TestMethodWorker.run(TestMethodWorker.java:128)
at java.base/java.util.ArrayList.forEach(ArrayList.java:1596)
at org.testng.TestRunner.privateRun(TestRunner.java:741)
at org.testng.TestRunner.run(TestRunner.java:616)
at org.testng.SuiteRunner.runTest(SuiteRunner.java:421)
at org.testng.SuiteRunner.runSequentially(SuiteRunner.java:413)
at org.testng.SuiteRunner.privateRun(SuiteRunner.java:373)
at org.testng.SuiteRunner.run(SuiteRunner.java:312)
at org.testng.SuiteRunnerWorker.runSuite(SuiteRunnerWorker.java:52)
at org.testng.SuiteRunnerWorker.run(SuiteRunnerWorker.java:95)
at org.testng.TestNG.runSuitesSequentially(TestNG.java:1274)
at org.testng.TestNG.runSuitesLocally(TestNG.java:1208)
at org.testng.TestNG.runSuites(TestNG.java:1112)
at org.testng.TestNG.run(TestNG.java:1079)
at org.testng.remote.AbstractRemoteTestNG.run(AbstractRemoteTestNG.java:115)
at org.testng.remote.RemoteTestNG.initAndRun(RemoteTestNG.java:293)
at org.testng.remote.RemoteTestNG.main(RemoteTestNG.java:91)
]]>
    </error>
  </testcase> <!-- beforeClass -->
  <testcase classname="com.nspl.HousingInfoPageTestcase.HousingInfoTestScript" name="verifyHousingInformation" time="0.000">
    <skipped/>
  </testcase> <!-- verifyHousingInformation -->
  <testcase classname="com.nspl.HousingInfoPageTestcase.HousingInfoTestScript" name="verifySelectYesorNotSureCheckBox_IsYourHouseLivingIn____" time="0.001">
    <skipped/>
  </testcase> <!-- verifySelectYesorNotSureCheckBox_IsYourHouseLivingIn____ -->
  <testcase classname="com.nspl.HousingInfoPageTestcase.HousingInfoTestScript" name="VerifySelectNoCheckBox_IsYourHousingLivingIn___" time="0.000">
    <skipped/>
  </testcase> <!-- VerifySelectNoCheckBox_IsYourHousingLivingIn___ -->
  <testcase classname="com.nspl.HousingInfoPageTestcase.HousingInfoTestScript" name="VerifySaveAndContinueTheDetailsWithIstheHouseYouAreliving_Yes_And_Select1_OnTheScaleOnToFive" time="0.000">
    <skipped/>
  </testcase> <!-- VerifySaveAndContinueTheDetailsWithIstheHouseYouAreliving_Yes_And_Select1_OnTheScaleOnToFive -->
  <testcase classname="com.nspl.HousingInfoPageTestcase.HousingInfoTestScript" name="VerifySaveAndNextToprofessional_TheDetailsWithIstheHouseYouAreliving_Yes_And_Select1_OnTheScaleOnToFive" time="0.000">
    <skipped/>
  </testcase> <!-- VerifySaveAndNextToprofessional_TheDetailsWithIstheHouseYouAreliving_Yes_And_Select1_OnTheScaleOnToFive -->
  <testcase classname="com.nspl.HousingInfoPageTestcase.HousingInfoTestScript" name="VerifyUpdateAndContinue_IsTheHousingYouAreLivingWithNoRadioButtonChecked" time="0.001">
    <skipped/>
  </testcase> <!-- VerifyUpdateAndContinue_IsTheHousingYouAreLivingWithNoRadioButtonChecked -->
  <testcase classname="com.nspl.HousingInfoPageTestcase.HousingInfoTestScript" name="VerifySaveAndNextToProfessional_IsTheHousingYouAreLivingWithNoRadioButtonChecked" time="0.000">
    <skipped/>
  </testcase> <!-- VerifySaveAndNextToProfessional_IsTheHousingYouAreLivingWithNoRadioButtonChecked -->
  <testcase classname="com.nspl.HousingInfoPageTestcase.HousingInfoTestScript" name="VerifyHowManyStoriesDoesItHaveDropdownContent" time="0.000">
    <skipped/>
  </testcase> <!-- VerifyHowManyStoriesDoesItHaveDropdownContent -->
  <testcase classname="com.nspl.HousingInfoPageTestcase.HousingInfoTestScript" name="VerifyWhenWeSelectTwoThreeMoreOption_HowManyStoryDoesItHave" time="0.000">
    <skipped/>
  </testcase> <!-- VerifyWhenWeSelectTwoThreeMoreOption_HowManyStoryDoesItHave -->
  <testcase classname="com.nspl.HousingInfoPageTestcase.HousingInfoTestScript" name="VerifyOnTheScaleOfOneTwoFive_Select1">
    <skipped/>
  </testcase> <!-- VerifyOnTheScaleOfOneTwoFive_Select1 -->
  <testcase classname="com.nspl.HousingInfoPageTestcase.HousingInfoTestScript" name="VerifyOnTheScaleOfOneTwoFiveOwnHomeDropDownSelection">
    <skipped/>
  </testcase> <!-- VerifyOnTheScaleOfOneTwoFiveOwnHomeDropDownSelection -->
</testsuite> <!-- com.nspl.HousingInfoPageTestcase.HousingInfoTestScript -->
