<?xml version="1.0" encoding="UTF-8"?>
<!-- Generated by org.testng.reporters.JUnitReportReporter -->
<testsuite hostname="DESKTOP-LA6T5Q8" failures="0" tests="12" name="com.nspl.agingoptions.healthpage.testcases.MarriedUserFamilyInfoTestCases" time="243.856" errors="0" timestamp="2025-03-28T17:32:37 IST" skipped="0">
  <testcase classname="com.nspl.agingoptions.healthpage.testcases.MarriedUserFamilyInfoTestCases" name="Personal_MedicalHistoryPage_Health_001" time="21.666"/>
  <testcase classname="com.nspl.agingoptions.healthpage.testcases.MarriedUserFamilyInfoTestCases" name="MedicalConditionsElementVisibility_Health_002" time="17.417"/>
  <testcase classname="com.nspl.agingoptions.healthpage.testcases.MarriedUserFamilyInfoTestCases" name="EnvironmentalLifeStyleFactorsElementVisibility_Health_003" time="8.708"/>
  <testcase classname="com.nspl.agingoptions.healthpage.testcases.MarriedUserFamilyInfoTestCases" name="BloodTypeSelection_Health_004_" time="20.049"/>
  <testcase classname="com.nspl.agingoptions.healthpage.testcases.MarriedUserFamilyInfoTestCases" name="MedicalConditionElement_Health_005_" time="24.495"/>
  <testcase classname="com.nspl.agingoptions.healthpage.testcases.MarriedUserFamilyInfoTestCases" name="EnvironmentalLifestyleFactorsDetails_Health_006_" time="14.920"/>
  <testcase classname="com.nspl.agingoptions.healthpage.testcases.MarriedUserFamilyInfoTestCases" name="LifeStyleGeneralHealthNutritionDetailsHealth_TC_007" time="20.898"/>
  <testcase classname="com.nspl.agingoptions.healthpage.testcases.MarriedUserFamilyInfoTestCases" name="Health_InputSubstanceUseDetails_TC_008" time="19.764"/>
  <testcase classname="com.nspl.agingoptions.healthpage.testcases.MarriedUserFamilyInfoTestCases" name="Health_InputSocialHabitsDetails_TC_09" time="19.053"/>
  <testcase classname="com.nspl.agingoptions.healthpage.testcases.MarriedUserFamilyInfoTestCases" name="familyMedicalHistoryLivingParentInfoDetails_TC_010" time="22.916"/>
  <testcase classname="com.nspl.agingoptions.healthpage.testcases.MarriedUserFamilyInfoTestCases" name="familyMedicalHistoryNonLivingParentInfoDetails_TC_011" time="29.695"/>
  <testcase classname="com.nspl.agingoptions.healthpage.testcases.MarriedUserFamilyInfoTestCases" name="familyMedicalHistoryNonLivingParentInfoDetails_TC_012" time="24.275"/>
</testsuite> <!-- com.nspl.agingoptions.healthpage.testcases.MarriedUserFamilyInfoTestCases -->
