<?xml version="1.0" encoding="UTF-8"?>
<!-- Generated by org.testng.reporters.JUnitReportReporter -->
<testsuite hostname="DESKTOP-LA6T5Q8" failures="0" tests="4" name="com.nspl.agingoptions.healthpage.testcases.PrimaryCarePhysicianTestCases" time="0.001" errors="0" timestamp="2025-04-06T17:54:01 IST" skipped="4">
  <testcase classname="com.nspl.agingoptions.healthpage.testcases.PrimaryCarePhysicianTestCases" name="TC_015_PrimaryMemberIDontHavePrimaryCarePhyscian" time="0.000">
    <skipped/>
  </testcase> <!-- TC_015_PrimaryMemberIDontHavePrimaryCarePhyscian -->
  <testcase classname="com.nspl.agingoptions.healthpage.testcases.PrimaryCarePhysicianTestCases" name="TC_016_SpouseIDontHavePrimaryCarePhyscian" time="0.001">
    <skipped/>
  </testcase> <!-- TC_016_SpouseIDontHavePrimaryCarePhyscian -->
  <testcase classname="com.nspl.agingoptions.healthpage.testcases.PrimaryCarePhysicianTestCases" name="TC_017_inputPrimaryMemberCarePhysicianAndSave" time="0.000">
    <skipped/>
  </testcase> <!-- TC_017_inputPrimaryMemberCarePhysicianAndSave -->
  <testcase classname="com.nspl.agingoptions.healthpage.testcases.PrimaryCarePhysicianTestCases" name="TC_018_inputSpouseCarePhysicianAndSave" time="0.000">
    <skipped/>
  </testcase> <!-- TC_018_inputSpouseCarePhysicianAndSave -->
</testsuite> <!-- com.nspl.agingoptions.healthpage.testcases.PrimaryCarePhysicianTestCases -->
