<?xml version="1.0" encoding="UTF-8"?>
<!-- Generated by org.testng.reporters.JUnitReportReporter -->
<testsuite hostname="Dell" failures="0" tests="3" name="com.nspl.LegalInfoTestScript.FiduciaryBeneficiaryTestScript" time="814.749" errors="0" timestamp="2025-04-14T23:47:45 IST" skipped="2">
  <testcase classname="com.nspl.LegalInfoTestScript.FiduciaryBeneficiaryTestScript" name="VerifyAddFiduciaryBeneficiaryDetailsWithoutAddressAndContact" time="814.749"/>
  <testcase classname="com.nspl.LegalInfoTestScript.FiduciaryBeneficiaryTestScript" name="VerifyPrimaryMemberAndSpouseFiduciaryBeneficiaryPageMemberList">
    <skipped/>
  </testcase> <!-- VerifyPrimaryMemberAndSpouseFiduciaryBeneficiaryPageMemberList -->
  <testcase classname="com.nspl.LegalInfoTestScript.FiduciaryBeneficiaryTestScript" name="VerifyFiduciaryBeneficiaryPage">
    <skipped/>
  </testcase> <!-- VerifyFiduciaryBeneficiaryPage -->
</testsuite> <!-- com.nspl.LegalInfoTestScript.FiduciaryBeneficiaryTestScript -->
