<?xml version="1.0" encoding="UTF-8"?>
<!-- Generated by org.testng.reporters.JUnitReportReporter -->
<testsuite hostname="DESKTOP-LA6T5Q8" failures="0" tests="7" name="com.nspl.agingoptions.financepage.testcases.FinancialAdvisorTestCases" time="217.169" errors="0" timestamp="2025-05-22T17:20:26 IST" skipped="2">
  <testcase classname="com.nspl.agingoptions.financepage.testcases.FinancialAdvisorTestCases" name="FTC_042_PrimaryMemberSaveContinueLaterButton" time="45.336"/>
  <testcase classname="com.nspl.agingoptions.financepage.testcases.FinancialAdvisorTestCases" name="FTC_043_PrimaryMemberSaveAddAnotherButton" time="38.650"/>
  <testcase classname="com.nspl.agingoptions.financepage.testcases.FinancialAdvisorTestCases" name="FTC_044_PrimaryMemberSaveAndProceedToSpouseButton" time="41.639"/>
  <testcase classname="com.nspl.agingoptions.financepage.testcases.FinancialAdvisorTestCases" name="FTC_045_SpouseSaveContinueLaterButton" time="44.613"/>
  <testcase classname="com.nspl.agingoptions.financepage.testcases.FinancialAdvisorTestCases" name="FTC_046_SpouseSaveAndAddAnotherButton" time="46.931"/>
  <testcase classname="com.nspl.agingoptions.financepage.testcases.FinancialAdvisorTestCases" name="FTC_040_PrimaryIDontHaveFinancialAdvisor">
    <skipped/>
  </testcase> <!-- FTC_040_PrimaryIDontHaveFinancialAdvisor -->
  <testcase classname="com.nspl.agingoptions.financepage.testcases.FinancialAdvisorTestCases" name="FTC_041_SpouseIDontHaveFinancialAdvisor">
    <skipped/>
  </testcase> <!-- FTC_041_SpouseIDontHaveFinancialAdvisor -->
</testsuite> <!-- com.nspl.agingoptions.financepage.testcases.FinancialAdvisorTestCases -->
