<?xml version="1.0" encoding="UTF-8"?>
<!-- Generated by org.testng.reporters.JUnitReportReporter -->
<testsuite hostname="DESKTOP-LA6T5Q8" failures="0" tests="3" name="com.nspl.agingoptions.healthpage.testcases.MarriedUserLifeStyleTestCases" time="76.661" errors="0" timestamp="2025-04-04T17:31:47 IST" skipped="0">
  <testcase classname="com.nspl.agingoptions.healthpage.testcases.MarriedUserLifeStyleTestCases" name="TC_007_Health_LifeStyleGeneralHealthNutritionDetails" time="29.290"/>
  <testcase classname="com.nspl.agingoptions.healthpage.testcases.MarriedUserLifeStyleTestCases" name="TC_008_Health_InputSubstanceUseDetails" time="25.039"/>
  <testcase classname="com.nspl.agingoptions.healthpage.testcases.MarriedUserLifeStyleTestCases" name="TC_09_Health_InputSocialHabitsDetails" time="22.332"/>
</testsuite> <!-- com.nspl.agingoptions.healthpage.testcases.MarriedUserLifeStyleTestCases -->
