<?xml version="1.0" encoding="UTF-8"?>
<!-- Generated by org.testng.reporters.JUnitReportReporter -->
<testsuite hostname="Dell" failures="0" tests="12" name="com.nspl.LegalInfoTestScript.PreviousLagalDocumentTestCases" time="105.399" errors="0" timestamp="2025-04-11T17:31:59 IST" skipped="10">
  <testcase classname="com.nspl.LegalInfoTestScript.PreviousLagalDocumentTestCases" name="verifyNewCommonDocumentList" time="19.072"/>
  <testcase classname="com.nspl.LegalInfoTestScript.PreviousLagalDocumentTestCases" name="verifySaveAndContinueWithAddNewDocument" time="86.327"/>
  <testcase classname="com.nspl.LegalInfoTestScript.PreviousLagalDocumentTestCases" name="verifySaveAndContinueWithWillTypeDocuments">
    <skipped/>
  </testcase> <!-- verifySaveAndContinueWithWillTypeDocuments -->
  <testcase classname="com.nspl.LegalInfoTestScript.PreviousLagalDocumentTestCases" name="verifyClickNoRadioButton_DoYouCurrentlyhaveLegalPlanning">
    <skipped/>
  </testcase> <!-- verifyClickNoRadioButton_DoYouCurrentlyhaveLegalPlanning -->
  <testcase classname="com.nspl.LegalInfoTestScript.PreviousLagalDocumentTestCases" name="verifyLegalInfoPage">
    <skipped/>
  </testcase> <!-- verifyLegalInfoPage -->
  <testcase classname="com.nspl.LegalInfoTestScript.PreviousLagalDocumentTestCases" name="VerifySaveAndContinueWithTrustTypeDocumentsDetails">
    <skipped/>
  </testcase> <!-- VerifySaveAndContinueWithTrustTypeDocumentsDetails -->
  <testcase classname="com.nspl.LegalInfoTestScript.PreviousLagalDocumentTestCases" name="verifyDoYouCurrentlyLegalPlanningQuestions">
    <skipped/>
  </testcase> <!-- verifyDoYouCurrentlyLegalPlanningQuestions -->
  <testcase classname="com.nspl.LegalInfoTestScript.PreviousLagalDocumentTestCases" name="VerifySaveAndProceedFidBen_DoYouCurrentlyHaveLegalPlanning_NoCheck">
    <skipped/>
  </testcase> <!-- VerifySaveAndProceedFidBen_DoYouCurrentlyHaveLegalPlanning_NoCheck -->
  <testcase classname="com.nspl.LegalInfoTestScript.PreviousLagalDocumentTestCases" name="VerifyClickYesRadioButton_DoYouCurrentlyhaveLegalPlanning">
    <skipped/>
  </testcase> <!-- VerifyClickYesRadioButton_DoYouCurrentlyhaveLegalPlanning -->
  <testcase classname="com.nspl.LegalInfoTestScript.PreviousLagalDocumentTestCases" name="verifyWillDocument">
    <skipped/>
  </testcase> <!-- verifyWillDocument -->
  <testcase classname="com.nspl.LegalInfoTestScript.PreviousLagalDocumentTestCases" name="VerifySaveAndContinue_DoYouCurrentlyHaveLegalPlanning_NoCheck">
    <skipped/>
  </testcase> <!-- VerifySaveAndContinue_DoYouCurrentlyHaveLegalPlanning_NoCheck -->
  <testcase classname="com.nspl.LegalInfoTestScript.PreviousLagalDocumentTestCases" name="VerifyTrustDocument">
    <skipped/>
  </testcase> <!-- VerifyTrustDocument -->
</testsuite> <!-- com.nspl.LegalInfoTestScript.PreviousLagalDocumentTestCases -->
