<?xml version="1.0" encoding="UTF-8"?>
<!-- Generated by org.testng.reporters.JUnitReportReporter -->
<testsuite hostname="DESKTOP-LA6T5Q8" failures="0" tests="5" name="com.nspl.agingoptions.healthpage.testcases.MarriedUserFamilyMedicalHistoryTestCases" time="234.228" errors="0" timestamp="2025-04-01T17:45:38 IST" skipped="0">
  <testcase classname="com.nspl.agingoptions.healthpage.testcases.MarriedUserFamilyMedicalHistoryTestCases" name="TC_010_Health_FamilyMedicalHistoryLivingParentInfoDetails" time="35.598"/>
  <testcase classname="com.nspl.agingoptions.healthpage.testcases.MarriedUserFamilyMedicalHistoryTestCases" name="TC_011_Health_familyMedicalHistoryNonLivingParentInfoDetails" time="32.185"/>
  <testcase classname="com.nspl.agingoptions.healthpage.testcases.MarriedUserFamilyMedicalHistoryTestCases" name="TC_012_FamilyMedicalHistoryNonLivingParentInfoDetails" time="32.464"/>
  <testcase classname="com.nspl.agingoptions.healthpage.testcases.MarriedUserFamilyMedicalHistoryTestCases" name="TC_013_FamilyMedicalHistoryMyFamilyMedicalHistoryYesRadioButton" time="91.832"/>
  <testcase classname="com.nspl.agingoptions.healthpage.testcases.MarriedUserFamilyMedicalHistoryTestCases" name="TC_014_FamilyMedicalHistoryMyFamilyMedicalHistoryNoRadioButton" time="42.149"/>
</testsuite> <!-- com.nspl.agingoptions.healthpage.testcases.MarriedUserFamilyMedicalHistoryTestCases -->
