<?xml version="1.0" encoding="UTF-8"?>
<!-- Generated by org.testng.reporters.JUnitReportReporter -->
<testsuite hostname="Dell" failures="0" tests="12" name="com.nspl.HousingInfoPageTestcase.HousingProfessional_MortgageBrokerTestScript" time="0.001" errors="0" timestamp="2025-05-22T09:45:20 IST" skipped="12">
  <testcase classname="com.nspl.HousingInfoPageTestcase.HousingProfessional_MortgageBrokerTestScript" name="verifyMortgagePageOnHousingProfessional" time="0.000">
    <skipped/>
  </testcase> <!-- verifyMortgagePageOnHousingProfessional -->
  <testcase classname="com.nspl.HousingInfoPageTestcase.HousingProfessional_MortgageBrokerTestScript" name="VerifyIdONotHaveRealtorCheckBoxFunctionality" time="0.000">
    <skipped/>
  </testcase> <!-- VerifyIdONotHaveRealtorCheckBoxFunctionality -->
  <testcase classname="com.nspl.HousingInfoPageTestcase.HousingProfessional_MortgageBrokerTestScript" name="VerifyClickIDoNotHaveMortgageCheckBox" time="0.001">
    <skipped/>
  </testcase> <!-- VerifyClickIDoNotHaveMortgageCheckBox -->
  <testcase classname="com.nspl.HousingInfoPageTestcase.HousingProfessional_MortgageBrokerTestScript" name="verifyToggleButton" time="0.000">
    <skipped/>
  </testcase> <!-- verifyToggleButton -->
  <testcase classname="com.nspl.HousingInfoPageTestcase.HousingProfessional_MortgageBrokerTestScript" name="verifyaddMortgageForPraimaryMember" time="0.000">
    <skipped/>
  </testcase> <!-- verifyaddMortgageForPraimaryMember -->
  <testcase classname="com.nspl.HousingInfoPageTestcase.HousingProfessional_MortgageBrokerTestScript" name="VerifySaveAndAddAnotherPrimaryMemberMortgageBrokerDetails" time="0.000">
    <skipped/>
  </testcase> <!-- VerifySaveAndAddAnotherPrimaryMemberMortgageBrokerDetails -->
  <testcase classname="com.nspl.HousingInfoPageTestcase.HousingProfessional_MortgageBrokerTestScript" name="VerifySaveAndproceedPrimaryMemberMortgageBrokerDetails" time="0.000">
    <skipped/>
  </testcase> <!-- VerifySaveAndproceedPrimaryMemberMortgageBrokerDetails -->
  <testcase classname="com.nspl.HousingInfoPageTestcase.HousingProfessional_MortgageBrokerTestScript" name="VerifySaveAndContinueSpouseMortgageBrokerDetails" time="0.000">
    <skipped/>
  </testcase> <!-- VerifySaveAndContinueSpouseMortgageBrokerDetails -->
  <testcase classname="com.nspl.HousingInfoPageTestcase.HousingProfessional_MortgageBrokerTestScript" name="VerifySaveAndAddAnotherSpouseMortgageBrokerDetails" time="0.000">
    <skipped/>
  </testcase> <!-- VerifySaveAndAddAnotherSpouseMortgageBrokerDetails -->
  <testcase classname="com.nspl.HousingInfoPageTestcase.HousingProfessional_MortgageBrokerTestScript" name="VerifySaveAndProceedSpouseMortgageBrokerDetails" time="0.000">
    <skipped/>
  </testcase> <!-- VerifySaveAndProceedSpouseMortgageBrokerDetails -->
  <testcase classname="com.nspl.HousingInfoPageTestcase.HousingProfessional_MortgageBrokerTestScript" name="VerifyUpdateMortgageBrokerDetails" time="0.000">
    <skipped/>
  </testcase> <!-- VerifyUpdateMortgageBrokerDetails -->
  <testcase classname="com.nspl.HousingInfoPageTestcase.HousingProfessional_MortgageBrokerTestScript" name="VerifyCopySameDataFunctionality">
    <skipped/>
  </testcase> <!-- VerifyCopySameDataFunctionality -->
</testsuite> <!-- com.nspl.HousingInfoPageTestcase.HousingProfessional_MortgageBrokerTestScript -->
