<?xml version="1.0" encoding="UTF-8"?>
<!-- Generated by org.testng.reporters.JUnitReportReporter -->
<testsuite hostname="DESKTOP-LA6T5Q8" failures="0" tests="1" name="com.nspl.agingoptions.login_registrationpage.testcases.LoginPageTestCases" time="31.046" errors="0" timestamp="2025-03-19T07:57:17 IST" skipped="0">
  <testcase classname="com.nspl.agingoptions.login_registrationpage.testcases.LoginPageTestCases" name="TC002_ValidLogin" time="31.046"/>
</testsuite> <!-- com.nspl.agingoptions.login_registrationpage.testcases.LoginPageTestCases -->
