<?xml version="1.0" encoding="UTF-8"?>
<!-- Generated by org.testng.reporters.JUnitReportReporter -->
<testsuite hostname="Dell" failures="0" tests="10" name="com.nspl.LegalInfoTestScript.PreviousLagalDocumentTestCases" time="234.457" errors="0" timestamp="2025-04-10T17:42:45 IST" skipped="4">
  <testcase classname="com.nspl.LegalInfoTestScript.PreviousLagalDocumentTestCases" name="verifyWillDocument" time="16.598"/>
  <testcase classname="com.nspl.LegalInfoTestScript.PreviousLagalDocumentTestCases" name="VerifySaveAndContinue_DoYouCurrentlyHaveLegalPlanning_NoCheck" time="20.567"/>
  <testcase classname="com.nspl.LegalInfoTestScript.PreviousLagalDocumentTestCases" name="VerifyTrustDocument" time="16.967"/>
  <testcase classname="com.nspl.LegalInfoTestScript.PreviousLagalDocumentTestCases" name="VerifySaveAndProceedFidBen_DoYouCurrentlyHaveLegalPlanning_NoCheck" time="27.223"/>
  <testcase classname="com.nspl.LegalInfoTestScript.PreviousLagalDocumentTestCases" name="verifySaveAndContinueWithWillTypeDocuments" time="74.994"/>
  <testcase classname="com.nspl.LegalInfoTestScript.PreviousLagalDocumentTestCases" name="VerifySaveAndContinueWithTrustTypeDocumentsDetails" time="78.108"/>
  <testcase classname="com.nspl.LegalInfoTestScript.PreviousLagalDocumentTestCases" name="verifyLegalInfoPage">
    <skipped/>
  </testcase> <!-- verifyLegalInfoPage -->
  <testcase classname="com.nspl.LegalInfoTestScript.PreviousLagalDocumentTestCases" name="VerifyClickYesRadioButton_DoYouCurrentlyhaveLegalPlanning">
    <skipped/>
  </testcase> <!-- VerifyClickYesRadioButton_DoYouCurrentlyhaveLegalPlanning -->
  <testcase classname="com.nspl.LegalInfoTestScript.PreviousLagalDocumentTestCases" name="verifyDoYouCurrentlyLegalPlanningQuestions">
    <skipped/>
  </testcase> <!-- verifyDoYouCurrentlyLegalPlanningQuestions -->
  <testcase classname="com.nspl.LegalInfoTestScript.PreviousLagalDocumentTestCases" name="verifyClickNoRadioButton_DoYouCurrentlyhaveLegalPlanning">
    <skipped/>
  </testcase> <!-- verifyClickNoRadioButton_DoYouCurrentlyhaveLegalPlanning -->
</testsuite> <!-- com.nspl.LegalInfoTestScript.PreviousLagalDocumentTestCases -->
