<?xml version="1.0" encoding="UTF-8"?>
<!-- Generated by org.testng.reporters.JUnitReportReporter -->
<testsuite hostname="DESKTOP-LA6T5Q8" failures="0" tests="8" name="com.nspl.agingoptions.healthpage.testcases.HealthInsuranceTestCases" time="479.436" errors="0" timestamp="2025-04-09T10:17:16 IST" skipped="2">
  <testcase classname="com.nspl.agingoptions.healthpage.testcases.HealthInsuranceTestCases" name="TC_027PrimaryMemberAddHealthInsuranceSaveAndContinueLaterButtonSameAsSpouse" time="59.081"/>
  <testcase classname="com.nspl.agingoptions.healthpage.testcases.HealthInsuranceTestCases" name="TC_028PrimaryMemberAddHealthInsuranceSaveAndAddAnotherButton" time="74.554"/>
  <testcase classname="com.nspl.agingoptions.healthpage.testcases.HealthInsuranceTestCases" name="TC_029PrimaryMemberAddHealthInsuranceSaveAndProceedToSpouseButton" time="66.312"/>
  <testcase classname="com.nspl.agingoptions.healthpage.testcases.HealthInsuranceTestCases" name="TC_029PrimaryMemberAddHealthInsuranceSaveAndProceedToSpouseButton" time="110.439">
    <skipped/>
  </testcase> <!-- TC_029PrimaryMemberAddHealthInsuranceSaveAndProceedToSpouseButton -->
  <testcase classname="com.nspl.agingoptions.healthpage.testcases.HealthInsuranceTestCases" name="TC_030SpouseAddHealthInsuranceSaveAndContinueLaterButton" time="50.326">
    <skipped/>
  </testcase> <!-- TC_030SpouseAddHealthInsuranceSaveAndContinueLaterButton -->
  <testcase classname="com.nspl.agingoptions.healthpage.testcases.HealthInsuranceTestCases" name="TC_030SpouseAddHealthInsuranceSaveAndContinueLaterButton" time="26.844"/>
  <testcase classname="com.nspl.agingoptions.healthpage.testcases.HealthInsuranceTestCases" name="TC_031SpouseAddHealthInsuranceSaveAndAddAnotherButton" time="48.257"/>
  <testcase classname="com.nspl.agingoptions.healthpage.testcases.HealthInsuranceTestCases" name="TC_032SpouseAddHealthInsuranceSaveAndProccedToMedicationButton" time="43.623"/>
</testsuite> <!-- com.nspl.agingoptions.healthpage.testcases.HealthInsuranceTestCases -->
