<?xml version="1.0" encoding="UTF-8"?>
<!-- Generated by org.testng.reporters.JUnitReportReporter -->
<testsuite hostname="DESKTOP-LA6T5Q8" failures="0" tests="12" name="com.nspl.HousingInfoPageTestcase.HousingProfessionalHandyManTestScript" time="599.677" errors="0" timestamp="2025-04-14T12:09:33 IST" skipped="1">
  <testcase classname="com.nspl.HousingInfoPageTestcase.HousingProfessionalHandyManTestScript" name="VerifyUpdateHandymanDetails" time="89.971"/>
  <testcase classname="com.nspl.HousingInfoPageTestcase.HousingProfessionalHandyManTestScript" name="VerifyClickIDoNotHaveHandymanCheckBox" time="27.462"/>
  <testcase classname="com.nspl.HousingInfoPageTestcase.HousingProfessionalHandyManTestScript" name="VerifySaveAndContinueSpouseHandymanDetails" time="58.186"/>
  <testcase classname="com.nspl.HousingInfoPageTestcase.HousingProfessionalHandyManTestScript" name="VerifyIdONotHaveHandymanCheckBoxFunctionality" time="22.531"/>
  <testcase classname="com.nspl.HousingInfoPageTestcase.HousingProfessionalHandyManTestScript" name="verifyaddHandymanForPraimaryMember" time="61.047"/>
  <testcase classname="com.nspl.HousingInfoPageTestcase.HousingProfessionalHandyManTestScript" name="verifyToggleButton" time="27.688"/>
  <testcase classname="com.nspl.HousingInfoPageTestcase.HousingProfessionalHandyManTestScript" name="VerifySaveAndproceedPrimaryMemberHandyManDetails" time="74.225"/>
  <testcase classname="com.nspl.HousingInfoPageTestcase.HousingProfessionalHandyManTestScript" name="VerifySaveAndAddAnotherSpouseHandymanDetails" time="64.266"/>
  <testcase classname="com.nspl.HousingInfoPageTestcase.HousingProfessionalHandyManTestScript" name="VerifyCopySameDataFunctionality" time="78.490"/>
  <testcase classname="com.nspl.HousingInfoPageTestcase.HousingProfessionalHandyManTestScript" name="VerifySaveAndAddAnotherPrimaryMemberHandymanDetails" time="62.215"/>
  <testcase classname="com.nspl.HousingInfoPageTestcase.HousingProfessionalHandyManTestScript" name="verifyHandymanPageOnHousingProfessional" time="33.596"/>
  <testcase classname="com.nspl.HousingInfoPageTestcase.HousingProfessionalHandyManTestScript" name="VerifySaveAndProceedSpouseHandymanDetails">
    <skipped/>
  </testcase> <!-- VerifySaveAndProceedSpouseHandymanDetails -->
</testsuite> <!-- com.nspl.HousingInfoPageTestcase.HousingProfessionalHandyManTestScript -->
