<?xml version="1.0" encoding="UTF-8"?>
<!-- Generated by org.testng.reporters.JUnitReportReporter -->
<testsuite hostname="DESKTOP-LA6T5Q8" failures="0" tests="3" name="com.nspl.agingoptions.financepage.testcases.TransportationTestCases" time="138.228" errors="0" timestamp="2025-04-23T16:18:00 IST" skipped="0">
  <testcase classname="com.nspl.agingoptions.financepage.testcases.TransportationTestCases" name="FTC_013_TransportationSaveContinueLaterButton" time="49.780"/>
  <testcase classname="com.nspl.agingoptions.financepage.testcases.TransportationTestCases" name="FTC_014_TransportationSaveContinueLaterButton" time="47.719"/>
  <testcase classname="com.nspl.agingoptions.financepage.testcases.TransportationTestCases" name="FTC_015_TransportationSaveContinueLaterButton" time="40.729"/>
</testsuite> <!-- com.nspl.agingoptions.financepage.testcases.TransportationTestCases -->
