<?xml version="1.0" encoding="UTF-8"?>
<!-- Generated by org.testng.reporters.JUnitReportReporter -->
<testsuite hostname="DESKTOP-LA6T5Q8" failures="0" tests="2" name="com.nspl.agingoptions.financepage.testcases.FinancialAdvisorTestCases" time="88.053" errors="0" timestamp="2025-05-16T17:27:34 IST" skipped="0">
  <testcase classname="com.nspl.agingoptions.financepage.testcases.FinancialAdvisorTestCases" name="FTC_040_PrimaryIDontHaveFinancialAdvisor" time="27.972"/>
  <testcase classname="com.nspl.agingoptions.financepage.testcases.FinancialAdvisorTestCases" name="FTC_041_SpouseIDontHaveFinancialAdvisor" time="60.081"/>
</testsuite> <!-- com.nspl.agingoptions.financepage.testcases.FinancialAdvisorTestCases -->
