<?xml version="1.0" encoding="UTF-8"?>
<!-- Generated by org.testng.reporters.JUnitReportReporter -->
<testsuite hostname="DESKTOP-LA6T5Q8" failures="0" tests="6" name="com.nspl.agingoptions.financepage.testcases.BookKeeperTestCases" time="241.333" errors="0" timestamp="2025-05-22T17:20:26 IST" skipped="0">
  <testcase classname="com.nspl.agingoptions.financepage.testcases.BookKeeperTestCases" name="FTC_055_PrimaryMemberSaveContinueLaterButton" time="36.937"/>
  <testcase classname="com.nspl.agingoptions.financepage.testcases.BookKeeperTestCases" name="FTC_056_PrimarySaveAddAnotherButton" time="35.532"/>
  <testcase classname="com.nspl.agingoptions.financepage.testcases.BookKeeperTestCases" name="FTC_057_PrimaryMemberSaveAndProceedToSpouseButton" time="40.607"/>
  <testcase classname="com.nspl.agingoptions.financepage.testcases.BookKeeperTestCases" name="FTC_058_SpouseSaveContinueLaterButton" time="39.110"/>
  <testcase classname="com.nspl.agingoptions.financepage.testcases.BookKeeperTestCases" name="FTC_059_SpouseSaveAddAnotherButton" time="39.510"/>
  <testcase classname="com.nspl.agingoptions.financepage.testcases.BookKeeperTestCases" name="FTC_060_SpouseSaveAndProceedToLegalButton" time="49.637"/>
</testsuite> <!-- com.nspl.agingoptions.financepage.testcases.BookKeeperTestCases -->
