<?xml version="1.0" encoding="UTF-8"?>
<!-- Generated by org.testng.reporters.JUnitReportReporter -->
<testsuite hostname="DESKTOP-LA6T5Q8" failures="0" tests="3" name="com.nspl.agingoptions.financepage.testcases.RealEstateTestCases" time="166.916" errors="0" timestamp="2025-05-25T18:17:42 IST" skipped="0">
  <testcase classname="com.nspl.agingoptions.financepage.testcases.RealEstateTestCases" name="FTC_007_AddRealEstateSaveContinueLaterButton" time="42.129"/>
  <testcase classname="com.nspl.agingoptions.financepage.testcases.RealEstateTestCases" name="FTC_008_AddRealEstateSaveAddAnotherButton" time="32.914"/>
  <testcase classname="com.nspl.agingoptions.financepage.testcases.RealEstateTestCases" name="FTC_009_AddRealEstateSaveAndProceedToBussinessInterestButton" time="91.873"/>
</testsuite> <!-- com.nspl.agingoptions.financepage.testcases.RealEstateTestCases -->
