<?xml version="1.0" encoding="UTF-8"?>
<!-- Generated by org.testng.reporters.JUnitReportReporter -->
<testsuite hostname="DESKTOP-LA6T5Q8" failures="0" tests="6" name="com.nspl.agingoptions.healthpage.testcases.MedicationSupplementsTestCases" time="142.022" errors="0" timestamp="2025-04-09T10:17:16 IST" skipped="0">
  <testcase classname="com.nspl.agingoptions.healthpage.testcases.MedicationSupplementsTestCases" name="TC_033_PrimaryMemberMedicationSaveAndContinueLaterButton" time="19.205"/>
  <testcase classname="com.nspl.agingoptions.healthpage.testcases.MedicationSupplementsTestCases" name="TC_034_PrimaryMemberMedicationSaveAndAddAnotherButton" time="22.915"/>
  <testcase classname="com.nspl.agingoptions.healthpage.testcases.MedicationSupplementsTestCases" name="TC_035_PrimaryMemberMedicationSaveAndProceedToSpouseButton" time="24.359"/>
  <testcase classname="com.nspl.agingoptions.healthpage.testcases.MedicationSupplementsTestCases" name="TC_036_SpouseMedicationSaveAndContinueLaterButton" time="17.575"/>
  <testcase classname="com.nspl.agingoptions.healthpage.testcases.MedicationSupplementsTestCases" name="TC_037_SpouseMedicationSaveAndAddAnotherButton" time="24.308"/>
  <testcase classname="com.nspl.agingoptions.healthpage.testcases.MedicationSupplementsTestCases" name="TC_038_SpuseMedicationSaveAndProceedToHousingButton" time="33.660"/>
</testsuite> <!-- com.nspl.agingoptions.healthpage.testcases.MedicationSupplementsTestCases -->
