<?xml version="1.0" encoding="UTF-8"?>
<!-- Generated by org.testng.reporters.JUnitReportReporter -->
<testsuite hostname="DESKTOP-LA6T5Q8" failures="0" tests="6" name="com.nspl.agingoptions.financepage.testcases.LongTermCarePolicyTestCases" time="144.260" errors="0" timestamp="2025-05-22T17:20:26 IST" skipped="0">
  <testcase classname="com.nspl.agingoptions.financepage.testcases.LongTermCarePolicyTestCases" name="FTC_022_PrimaryMemberLongTermCarePolicySaveContinueLaterButton" time="17.637"/>
  <testcase classname="com.nspl.agingoptions.financepage.testcases.LongTermCarePolicyTestCases" name="FTC_023_PrimaryMemberLongTermCarePolicySaveAddAnotherButton" time="15.043"/>
  <testcase classname="com.nspl.agingoptions.financepage.testcases.LongTermCarePolicyTestCases" name="FTC_024_PrimaryMemberLongTermCarePolicySaveProceedToSpouseButton" time="26.828"/>
  <testcase classname="com.nspl.agingoptions.financepage.testcases.LongTermCarePolicyTestCases" name="FTC_025_SpouseLongTermCarePolicySaveContinueLaterButton" time="18.590"/>
  <testcase classname="com.nspl.agingoptions.financepage.testcases.LongTermCarePolicyTestCases" name="FTC_026_SpouseLongTermCarePolicySaveAddAnotherButton" time="27.204"/>
  <testcase classname="com.nspl.agingoptions.financepage.testcases.LongTermCarePolicyTestCases" name="FTC_027_SpouseLongTermCarePolicySaveProceedToSpouseButton" time="38.958"/>
</testsuite> <!-- com.nspl.agingoptions.financepage.testcases.LongTermCarePolicyTestCases -->
